#
# There is insufficient memory for the Java Runtime Environment to continue.
# Native memory allocation (mmap) failed to map 65536 bytes for committing reserved memory.
# Possible reasons:
#   The system is out of physical RAM or swap space
#   In 32 bit mode, the process size limit was hit
# Possible solutions:
#   Reduce memory load on the system
#   Increase physical memory or swap space
#   Check if swap backing store is full
#   Use 64 bit Java on a 64 bit OS
#   Decrease Java heap size (-Xmx/-Xms)
#   Decrease number of Java threads
#   Decrease Java thread stack sizes (-Xss)
#   Set larger code cache with -XX:ReservedCodeCacheSize=
# This output file may be truncated or incomplete.
#
#  Out of Memory Error (os_linux.cpp:2627), pid=4821, tid=0x00007fc57bb73700
#
# JRE version: Java(TM) SE Runtime Environment (8.0_121-b13) (build 1.8.0_121-b13)
# Java VM: Java HotSpot(TM) 64-Bit Server VM (25.121-b13 mixed mode linux-amd64 compressed oops)
# Failed to write core dump. Core dumps have been disabled. To enable core dumping, try "ulimit -c unlimited" before starting Java again
#

---------------  T H R E A D  ---------------

Current thread (0x00007fc59c13e800):  JavaThread "C1 CompilerThread1" daemon [_thread_in_vm, id=4830, stack(0x00007fc57ba73000,0x00007fc57bb74000)]

Stack: [0x00007fc57ba73000,0x00007fc57bb74000],  sp=0x00007fc57bb71d50,  free space=1019k
Native frames: (J=compiled Java code, j=interpreted, Vv=VM code, C=native code)
V  [libjvm.so+0xac703a]  VMError::report_and_die()+0x2ba
V  [libjvm.so+0x4fc7eb]  report_vm_out_of_memory(char const*, int, unsigned long, VMErrorType, char const*)+0x8b
V  [libjvm.so+0x923c43]  os::Linux::commit_memory_impl(char*, unsigned long, bool)+0x103
V  [libjvm.so+0x924199]  os::pd_commit_memory(char*, unsigned long, unsigned long, bool)+0x29
V  [libjvm.so+0x91e4aa]  os::commit_memory(char*, unsigned long, unsigned long, bool)+0x2a
V  [libjvm.so+0xac2d99]  VirtualSpace::expand_by(unsigned long, bool)+0x199
V  [libjvm.so+0x61ad7c]  CodeHeap::expand_by(unsigned long)+0x8c
V  [libjvm.so+0x4805c0]  CodeCache::allocate(int, bool)+0x60
V  [libjvm.so+0x8ec2ac]  nmethod::new_nmethod(methodHandle, int, int, CodeOffsets*, int, DebugInformationRecorder*, Dependencies*, CodeBuffer*, int, OopMapSet*, ExceptionHandlerTable*, ImplicitExceptionTable*, AbstractCompiler*, int)+0x1fc
V  [libjvm.so+0x415e0b]  ciEnv::register_method(ciMethod*, int, CodeOffsets*, int, CodeBuffer*, int, OopMapSet*, ExceptionHandlerTable*, ImplicitExceptionTable*, AbstractCompiler*, int, bool, bool, RTMState)+0x42b
V  [libjvm.so+0x3586e9]  Compilation::install_code(int)+0xc9
V  [libjvm.so+0x359bdc]  Compilation::compile_method()+0xec
V  [libjvm.so+0x359eae]  Compilation::Compilation(AbstractCompiler*, ciEnv*, ciMethod*, int, BufferBlob*)+0x25e
V  [libjvm.so+0x35ac59]  Compiler::compile_method(ciEnv*, ciMethod*, int)+0xa9
V  [libjvm.so+0x4afeaa]  CompileBroker::invoke_compiler_on_method(CompileTask*)+0xc9a
V  [libjvm.so+0x4b0e56]  CompileBroker::compiler_thread_loop()+0x5d6
V  [libjvm.so+0xa75543]  JavaThread::thread_main_inner()+0x103
V  [libjvm.so+0xa7568c]  JavaThread::run()+0x11c
V  [libjvm.so+0x926268]  java_start(Thread*)+0x108
C  [libpthread.so.0+0x8184]  start_thread+0xc4


Current CompileTask:
C1: 143719 5029       3       java.util.concurrent.ScheduledThreadPoolExecutor::canRunInCurrentRunState (20 bytes)


---------------  P R O C E S S  ---------------

Java Threads: ( => current thread )
  0x00007fc5567e4800 JavaThread "http-nio-8080-Acceptor-0" daemon [_thread_in_native, id=4851, stack(0x00007fc5784d2000,0x00007fc5785d3000)]
  0x00007fc556929800 JavaThread "http-nio-8080-ClientPoller-1" daemon [_thread_in_native, id=4850, stack(0x00007fc5785d3000,0x00007fc5786d4000)]
  0x00007fc556c5c000 JavaThread "http-nio-8080-ClientPoller-0" daemon [_thread_in_native, id=4849, stack(0x00007fc5786d4000,0x00007fc5787d5000)]
  0x00007fc5548bb800 JavaThread "NioBlockingSelector.BlockPoller-1" daemon [_thread_in_native, id=4848, stack(0x00007fc5787d5000,0x00007fc5788d6000)]
  0x00007fc5564e7000 JavaThread "HystrixMetricPoller" [_thread_blocked, id=4847, stack(0x00007fc5788d6000,0x00007fc5789d7000)]
  0x00007fc54c04f800 JavaThread "ServoPollScheduler-1" daemon [_thread_blocked, id=4844, stack(0x00007fc578bd7000,0x00007fc578cd8000)]
  0x00007fc555f30800 JavaThread "ServoPollScheduler-0" daemon [_thread_blocked, id=4843, stack(0x00007fc578cd8000,0x00007fc578dd9000)]
  0x00007fc555704000 JavaThread "container-0" [_thread_blocked, id=4842, stack(0x00007fc578fd9000,0x00007fc5790da000)]
  0x00007fc558a00800 JavaThread "ContainerBackgroundProcessor[StandardEngine[Tomcat].StandardHost[localhost].StandardContext[]]" daemon [_thread_blocked, id=4841, stack(0x00007fc5790da000,0x00007fc5791db000)]
  0x00007fc5590cb000 JavaThread "SimpleHostRoutingFilter.CONNECTION_MANAGER_TIMER" daemon [_thread_blocked, id=4840, stack(0x00007fc5791db000,0x00007fc5792dc000)]
  0x00007fc59c009800 JavaThread "DestroyJavaVM" [_thread_blocked, id=4822, stack(0x00007fc5a43ff000,0x00007fc5a4500000)]
  0x00007fc59c141800 JavaThread "Service Thread" daemon [_thread_blocked, id=4831, stack(0x00007fc57b972000,0x00007fc57ba73000)]
=>0x00007fc59c13e800 JavaThread "C1 CompilerThread1" daemon [_thread_in_vm, id=4830, stack(0x00007fc57ba73000,0x00007fc57bb74000)]
  0x00007fc59c13b800 JavaThread "C2 CompilerThread0" daemon [_thread_blocked, id=4829, stack(0x00007fc57bb74000,0x00007fc57bc75000)]
  0x00007fc59c13a800 JavaThread "Signal Dispatcher" daemon [_thread_blocked, id=4828, stack(0x00007fc57bc75000,0x00007fc57bd76000)]
  0x00007fc59c107000 JavaThread "Finalizer" daemon [_thread_blocked, id=4827, stack(0x00007fc57beff000,0x00007fc57c000000)]
  0x00007fc59c102000 JavaThread "Reference Handler" daemon [_thread_blocked, id=4826, stack(0x00007fc588087000,0x00007fc588188000)]

Other Threads:
  0x00007fc59c0fa800 VMThread [stack: 0x00007fc588188000,0x00007fc588289000] [id=4825]
  0x00007fc59c144000 WatcherThread [stack: 0x00007fc57b871000,0x00007fc57b972000] [id=4832]

VM state:not at safepoint (normal execution)

VM Mutex/Monitor currently owned by a thread:  ([mutex/lock_event])
[0x00007fc59c0051a0] CodeCache_lock - owner thread: 0x00007fc59c13e800
[0x00007fc59c006820] Compile_lock - owner thread: 0x00007fc59c13e800
[0x00007fc59c006920] MethodCompileQueue_lock - owner thread: 0x00007fc59c13e800

Heap:
 PSYoungGen      total 669184K, used 379733K [0x00000000d6600000, 0x00000000fff80000, 0x0000000100000000)
  eden space 657408K, 56% used [0x00000000d6600000,0x00000000ed04fbd0,0x00000000fe800000)
  from space 11776K, 74% used [0x00000000ff380000,0x00000000ffc05bd8,0x00000000fff00000)
  to   space 11776K, 0% used [0x00000000fe800000,0x00000000fe800000,0x00000000ff380000)
 ParOldGen       total 95744K, used 31079K [0x0000000083200000, 0x0000000088f80000, 0x00000000d6600000)
  object space 95744K, 32% used [0x0000000083200000,0x0000000085059c80,0x0000000088f80000)
 Metaspace       used 37792K, capacity 38416K, committed 38656K, reserved 1083392K
  class space    used 4628K, capacity 4816K, committed 4864K, reserved 1048576K

Card table byte_map: [0x00007fc5a0dbb000,0x00007fc5a11a3000] byte_map_base: 0x00007fc5a09a2000

Marking Bits: (ParMarkBitMap*) 0x00007fc5a38c5c80
 Begin Bits: [0x00007fc589190000, 0x00007fc58b0c8000)
 End Bits:   [0x00007fc58b0c8000, 0x00007fc58d000000)

Polling page: 0x00007fc5a450f000

CodeCache: size=245760Kb used=13069Kb max_used=13069Kb free=232691Kb
 bounds [0x00007fc58d000000, 0x00007fc58dcd0000, 0x00007fc59c000000]
 total_blobs=4627 nmethods=4194 adapters=344
 compilation: enabled

Compilation events (10 events):
Event: 106.978 Thread 0x00007fc59c13e800 nmethod 5024 0x00007fc58dccc150 code [0x00007fc58dccc2e0, 0x00007fc58dccc5d8]
Event: 107.088 Thread 0x00007fc59c13e800 5025   !   3       sun.nio.ch.SelectorImpl::lockAndDoSelect (72 bytes)
Event: 107.267 Thread 0x00007fc59c13e800 nmethod 5025 0x00007fc58dccc6d0 code [0x00007fc58dccc8a0, 0x00007fc58dccd298]
Event: 107.272 Thread 0x00007fc59c13e800 5026   !   3       sun.nio.ch.EPollSelectorImpl::doSelect (124 bytes)
Event: 107.282 Thread 0x00007fc59c13e800 nmethod 5026 0x00007fc58dccd790 code [0x00007fc58dccda20, 0x00007fc58dccedc8]
Event: 133.427 Thread 0x00007fc59c13e800 5027       3       java.util.concurrent.ScheduledThreadPoolExecutor::now (4 bytes)
Event: 136.737 Thread 0x00007fc59c13e800 nmethod 5027 0x00007fc58dccf850 code [0x00007fc58dccf9c0, 0x00007fc58dccfb30]
Event: 137.873 Thread 0x00007fc59c13e800 5028       3       java.util.concurrent.atomic.AtomicLong::set (6 bytes)
Event: 137.991 Thread 0x00007fc59c13e800 nmethod 5028 0x00007fc58dccfb90 code [0x00007fc58dccfce0, 0x00007fc58dccfe50]
Event: 141.292 Thread 0x00007fc59c13e800 5029       3       java.util.concurrent.ScheduledThreadPoolExecutor::canRunInCurrentRunState (20 bytes)

GC Heap History (10 events):
Event: 11.348 GC heap before
{Heap before GC invocations=12 (full 1):
 PSYoungGen      total 379392K, used 378963K [0x00000000d6600000, 0x00000000f0c80000, 0x0000000100000000)
  eden space 377344K, 100% used [0x00000000d6600000,0x00000000ed680000,0x00000000ed680000)
  from space 2048K, 79% used [0x00000000f0a80000,0x00000000f0c14d00,0x00000000f0c80000)
  to   space 11264K, 0% used [0x00000000ef680000,0x00000000ef680000,0x00000000f0180000)
 ParOldGen       total 68096K, used 21806K [0x0000000083200000, 0x0000000087480000, 0x00000000d6600000)
  object space 68096K, 32% used [0x0000000083200000,0x000000008474ba58,0x0000000087480000)
 Metaspace       used 28058K, capacity 28346K, committed 28672K, reserved 1075200K
  class space    used 3468K, capacity 3570K, committed 3584K, reserved 1048576K
Event: 11.368 GC heap after
Heap after GC invocations=12 (full 1):
 PSYoungGen      total 421376K, used 10173K [0x00000000d6600000, 0x00000000f8600000, 0x0000000100000000)
  eden space 410112K, 0% used [0x00000000d6600000,0x00000000d6600000,0x00000000ef680000)
  from space 11264K, 90% used [0x00000000ef680000,0x00000000f006f760,0x00000000f0180000)
  to   space 12288K, 0% used [0x00000000f7a00000,0x00000000f7a00000,0x00000000f8600000)
 ParOldGen       total 68096K, used 22718K [0x0000000083200000, 0x0000000087480000, 0x00000000d6600000)
  object space 68096K, 33% used [0x0000000083200000,0x000000008482fa58,0x0000000087480000)
 Metaspace       used 28058K, capacity 28346K, committed 28672K, reserved 1075200K
  class space    used 3468K, capacity 3570K, committed 3584K, reserved 1048576K
}
Event: 12.681 GC heap before
{Heap before GC invocations=13 (full 1):
 PSYoungGen      total 421376K, used 420285K [0x00000000d6600000, 0x00000000f8600000, 0x0000000100000000)
  eden space 410112K, 100% used [0x00000000d6600000,0x00000000ef680000,0x00000000ef680000)
  from space 11264K, 90% used [0x00000000ef680000,0x00000000f006f760,0x00000000f0180000)
  to   space 12288K, 0% used [0x00000000f7a00000,0x00000000f7a00000,0x00000000f8600000)
 ParOldGen       total 68096K, used 22718K [0x0000000083200000, 0x0000000087480000, 0x00000000d6600000)
  object space 68096K, 33% used [0x0000000083200000,0x000000008482fa58,0x0000000087480000)
 Metaspace       used 29628K, capacity 29906K, committed 30080K, reserved 1075200K
  class space    used 3642K, capacity 3702K, committed 3712K, reserved 1048576K
Event: 12.694 GC heap after
Heap after GC invocations=13 (full 1):
 PSYoungGen      total 544768K, used 8224K [0x00000000d6600000, 0x00000000faa80000, 0x0000000100000000)
  eden space 532480K, 0% used [0x00000000d6600000,0x00000000d6600000,0x00000000f6e00000)
  from space 12288K, 66% used [0x00000000f7a00000,0x00000000f8208318,0x00000000f8600000)
  to   space 12288K, 0% used [0x00000000f6e00000,0x00000000f6e00000,0x00000000f7a00000)
 ParOldGen       total 68096K, used 26490K [0x0000000083200000, 0x0000000087480000, 0x00000000d6600000)
  object space 68096K, 38% used [0x0000000083200000,0x0000000084bdeae8,0x0000000087480000)
 Metaspace       used 29628K, capacity 29906K, committed 30080K, reserved 1075200K
  class space    used 3642K, capacity 3702K, committed 3712K, reserved 1048576K
}
Event: 14.587 GC heap before
{Heap before GC invocations=14 (full 1):
 PSYoungGen      total 544768K, used 478045K [0x00000000d6600000, 0x00000000faa80000, 0x0000000100000000)
  eden space 532480K, 88% used [0x00000000d6600000,0x00000000f30cf4a0,0x00000000f6e00000)
  from space 12288K, 66% used [0x00000000f7a00000,0x00000000f8208318,0x00000000f8600000)
  to   space 12288K, 0% used [0x00000000f6e00000,0x00000000f6e00000,0x00000000f7a00000)
 ParOldGen       total 68096K, used 26490K [0x0000000083200000, 0x0000000087480000, 0x00000000d6600000)
  object space 68096K, 38% used [0x0000000083200000,0x0000000084bdeae8,0x0000000087480000)
 Metaspace       used 34744K, capacity 35180K, committed 35456K, reserved 1081344K
  class space    used 4278K, capacity 4436K, committed 4480K, reserved 1048576K
Event: 14.615 GC heap after
Heap after GC invocations=14 (full 1):
 PSYoungGen      total 544768K, used 6808K [0x00000000d6600000, 0x00000000fff00000, 0x0000000100000000)
  eden space 532480K, 0% used [0x00000000d6600000,0x00000000d6600000,0x00000000f6e00000)
  from space 12288K, 55% used [0x00000000f6e00000,0x00000000f74a63d0,0x00000000f7a00000)
  to   space 11776K, 0% used [0x00000000ff380000,0x00000000ff380000,0x00000000fff00000)
 ParOldGen       total 68096K, used 29090K [0x0000000083200000, 0x0000000087480000, 0x00000000d6600000)
  object space 68096K, 42% used [0x0000000083200000,0x0000000084e68b28,0x0000000087480000)
 Metaspace       used 34744K, capacity 35180K, committed 35456K, reserved 1081344K
  class space    used 4278K, capacity 4436K, committed 4480K, reserved 1048576K
}
Event: 14.615 GC heap before
{Heap before GC invocations=15 (full 2):
 PSYoungGen      total 544768K, used 6808K [0x00000000d6600000, 0x00000000fff00000, 0x0000000100000000)
  eden space 532480K, 0% used [0x00000000d6600000,0x00000000d6600000,0x00000000f6e00000)
  from space 12288K, 55% used [0x00000000f6e00000,0x00000000f74a63d0,0x00000000f7a00000)
  to   space 11776K, 0% used [0x00000000ff380000,0x00000000ff380000,0x00000000fff00000)
 ParOldGen       total 68096K, used 29090K [0x0000000083200000, 0x0000000087480000, 0x00000000d6600000)
  object space 68096K, 42% used [0x0000000083200000,0x0000000084e68b28,0x0000000087480000)
 Metaspace       used 34744K, capacity 35180K, committed 35456K, reserved 1081344K
  class space    used 4278K, capacity 4436K, committed 4480K, reserved 1048576K
Event: 14.756 GC heap after
Heap after GC invocations=15 (full 2):
 PSYoungGen      total 544768K, used 0K [0x00000000d6600000, 0x00000000fff00000, 0x0000000100000000)
  eden space 532480K, 0% used [0x00000000d6600000,0x00000000d6600000,0x00000000f6e00000)
  from space 12288K, 0% used [0x00000000f6e00000,0x00000000f6e00000,0x00000000f7a00000)
  to   space 11776K, 0% used [0x00000000ff380000,0x00000000ff380000,0x00000000fff00000)
 ParOldGen       total 95744K, used 31079K [0x0000000083200000, 0x0000000088f80000, 0x00000000d6600000)
  object space 95744K, 32% used [0x0000000083200000,0x0000000085059c80,0x0000000088f80000)
 Metaspace       used 34744K, capacity 35180K, committed 35456K, reserved 1081344K
  class space    used 4278K, capacity 4436K, committed 4480K, reserved 1048576K
}
Event: 16.556 GC heap before
{Heap before GC invocations=16 (full 2):
 PSYoungGen      total 544768K, used 532480K [0x00000000d6600000, 0x00000000fff00000, 0x0000000100000000)
  eden space 532480K, 100% used [0x00000000d6600000,0x00000000f6e00000,0x00000000f6e00000)
  from space 12288K, 0% used [0x00000000f6e00000,0x00000000f6e00000,0x00000000f7a00000)
  to   space 11776K, 0% used [0x00000000ff380000,0x00000000ff380000,0x00000000fff00000)
 ParOldGen       total 95744K, used 31079K [0x0000000083200000, 0x0000000088f80000, 0x00000000d6600000)
  object space 95744K, 32% used [0x0000000083200000,0x0000000085059c80,0x0000000088f80000)
 Metaspace       used 36192K, capacity 36682K, committed 37120K, reserved 1081344K
  class space    used 4468K, capacity 4607K, committed 4608K, reserved 1048576K
Event: 16.580 GC heap after
Heap after GC invocations=16 (full 2):
 PSYoungGen      total 669184K, used 8726K [0x00000000d6600000, 0x00000000fff80000, 0x0000000100000000)
  eden space 657408K, 0% used [0x00000000d6600000,0x00000000d6600000,0x00000000fe800000)
  from space 11776K, 74% used [0x00000000ff380000,0x00000000ffc05bd8,0x00000000fff00000)
  to   space 11776K, 0% used [0x00000000fe800000,0x00000000fe800000,0x00000000ff380000)
 ParOldGen       total 95744K, used 31079K [0x0000000083200000, 0x0000000088f80000, 0x00000000d6600000)
  object space 95744K, 32% used [0x0000000083200000,0x0000000085059c80,0x0000000088f80000)
 Metaspace       used 36192K, capacity 36682K, committed 37120K, reserved 1081344K
  class space    used 4468K, capacity 4607K, committed 4608K, reserved 1048576K
}

Deoptimization events (10 events):
Event: 17.776 Thread 0x00007fc59c1ab000 Uncommon trap: reason=unstable_if action=reinterpret pc=0x00007fc58d579620 method=java.util.regex.Pattern$CharProperty$1.isSatisfiedBy(I)Z @ 8
Event: 17.907 Thread 0x00007fc59c1ab000 Uncommon trap: reason=class_check action=maybe_recompile pc=0x00007fc58d1c07e4 method=java.lang.String.equals(Ljava/lang/Object;)Z @ 8
Event: 17.908 Thread 0x00007fc59c1ab000 Uncommon trap: reason=class_check action=maybe_recompile pc=0x00007fc58d1c07e4 method=java.lang.String.equals(Ljava/lang/Object;)Z @ 8
Event: 17.908 Thread 0x00007fc59c1ab000 Uncommon trap: reason=class_check action=maybe_recompile pc=0x00007fc58d1c07e4 method=java.lang.String.equals(Ljava/lang/Object;)Z @ 8
Event: 17.909 Thread 0x00007fc59c1ab000 Uncommon trap: reason=class_check action=maybe_recompile pc=0x00007fc58d1c07e4 method=java.lang.String.equals(Ljava/lang/Object;)Z @ 8
Event: 18.588 Thread 0x00007fc59c1ab000 Uncommon trap: reason=bimorphic action=maybe_recompile pc=0x00007fc58d5765bc method=org.springframework.core.env.PropertySource.containsProperty(Ljava/lang/String;)Z @ 2
Event: 18.589 Thread 0x00007fc59c1ab000 Uncommon trap: reason=bimorphic action=maybe_recompile pc=0x00007fc58d5765bc method=org.springframework.core.env.PropertySource.containsProperty(Ljava/lang/String;)Z @ 2
Event: 18.608 Thread 0x00007fc59c1ab000 Uncommon trap: reason=bimorphic action=maybe_recompile pc=0x00007fc58d5765bc method=org.springframework.core.env.PropertySource.containsProperty(Ljava/lang/String;)Z @ 2
Event: 18.611 Thread 0x00007fc59c1ab000 Uncommon trap: reason=bimorphic action=maybe_recompile pc=0x00007fc58d5765bc method=org.springframework.core.env.PropertySource.containsProperty(Ljava/lang/String;)Z @ 2
Event: 43.900 Thread 0x00007fc558a00800 Uncommon trap: reason=predicate action=maybe_recompile pc=0x00007fc58d9cd20c method=java.util.AbstractCollection.addAll(Ljava/util/Collection;)Z @ 18

Internal exceptions (10 events):
Event: 18.215 Thread 0x00007fc59c1ab000 Exception <a 'java/lang/ClassNotFoundException': java/lang/ObjectCustomizer> (0x00000000e876cb48) thrown at [/HUDSON3/workspace/8-2-build-linux-amd64/jdk8u121/8372/hotspot/src/share/vm/classfile/systemDictionary.cpp, line 210]
Event: 18.289 Thread 0x00007fc59c1ab000 Exception <a 'java/lang/ClassNotFoundException': org/springframework/cloud/context/scope/GenericScopeCustomizer> (0x00000000e8878d38) thrown at [/HUDSON3/workspace/8-2-build-linux-amd64/jdk8u121/8372/hotspot/src/share/vm/classfile/systemDictionary.cpp, li
Event: 18.339 Thread 0x00007fc59c1ab000 Exception <a 'java/lang/ClassNotFoundException': org/springframework/cloud/context/scope/refresh/RefreshScopeCustomizer> (0x00000000e899a1f0) thrown at [/HUDSON3/workspace/8-2-build-linux-amd64/jdk8u121/8372/hotspot/src/share/vm/classfile/systemDictionary
Event: 18.351 Thread 0x00007fc59c1ab000 Exception <a 'java/lang/ClassNotFoundException': java/lang/ObjectCustomizer> (0x00000000e8a590b0) thrown at [/HUDSON3/workspace/8-2-build-linux-amd64/jdk8u121/8372/hotspot/src/share/vm/classfile/systemDictionary.cpp, line 210]
Event: 18.352 Thread 0x00007fc59c1ab000 Exception <a 'java/lang/ClassNotFoundException': org/springframework/cloud/context/scope/GenericScopeCustomizer> (0x00000000e8b65240) thrown at [/HUDSON3/workspace/8-2-build-linux-amd64/jdk8u121/8372/hotspot/src/share/vm/classfile/systemDictionary.cpp, li
Event: 18.596 Thread 0x00007fc59c1ab000 Exception <a 'java/lang/ClassNotFoundException': java/lang/ObjectCustomizer> (0x00000000e8eeb9c8) thrown at [/HUDSON3/workspace/8-2-build-linux-amd64/jdk8u121/8372/hotspot/src/share/vm/classfile/systemDictionary.cpp, line 210]
Event: 18.598 Thread 0x00007fc59c1ab000 Exception <a 'java/lang/ClassNotFoundException': org/springframework/boot/actuate/endpoint/jmx/EndpointMBeanCustomizer> (0x00000000e9003bb0) thrown at [/HUDSON3/workspace/8-2-build-linux-amd64/jdk8u121/8372/hotspot/src/share/vm/classfile/systemDictionary.
Event: 18.603 Thread 0x00007fc59c1ab000 Exception <a 'java/lang/ClassNotFoundException': org/springframework/boot/actuate/endpoint/jmx/DataEndpointMBeanCustomizer> (0x00000000e9123e20) thrown at [/HUDSON3/workspace/8-2-build-linux-amd64/jdk8u121/8372/hotspot/src/share/vm/classfile/systemDiction
Event: 18.605 Thread 0x00007fc59c1ab000 Exception <a 'java/lang/ClassNotFoundException': java/lang/ObjectCustomizer> (0x00000000e91aafa8) thrown at [/HUDSON3/workspace/8-2-build-linux-amd64/jdk8u121/8372/hotspot/src/share/vm/classfile/systemDictionary.cpp, line 210]
Event: 18.607 Thread 0x00007fc59c1ab000 Exception <a 'java/lang/ClassNotFoundException': org/springframework/boot/actuate/endpoint/jmx/EndpointMBeanCustomizer> (0x00000000e92c3080) thrown at [/HUDSON3/workspace/8-2-build-linux-amd64/jdk8u121/8372/hotspot/src/share/vm/classfile/systemDictionary.

Events (10 events):
Event: 23.866 Thread 0x00007fc5571e1800 Thread exited: 0x00007fc5571e1800
Event: 43.623 Executing VM operation: RevokeBias
Event: 43.628 Executing VM operation: RevokeBias done
Event: 43.837 loading class org/apache/catalina/webresources/Cache$EvictionOrder
Event: 43.837 loading class org/apache/catalina/webresources/Cache$EvictionOrder done
Event: 43.900 Thread 0x00007fc558a00800 Uncommon trap: trap_request=0xffffff86 fr.pc=0x00007fc58d9cd20c
Event: 43.901 Thread 0x00007fc558a00800 DEOPT PACKING pc=0x00007fc58d9cd20c sp=0x00007fc5791d9420
Event: 43.913 Thread 0x00007fc558a00800 DEOPT UNPACKING pc=0x00007fc58d005229 sp=0x00007fc5791d93f8 mode 2
Event: 44.339 loading class org/apache/tomcat/PeriodicEventListener
Event: 44.349 loading class org/apache/tomcat/PeriodicEventListener done


Dynamic libraries:
00400000-00401000 r-xp 00000000 08:01 406103                             /usr/lib/jvm/java-8-oracle/jre/bin/java
00600000-00601000 rw-p 00000000 08:01 406103                             /usr/lib/jvm/java-8-oracle/jre/bin/java
02095000-020b6000 rw-p 00000000 00:00 0                                  [heap]
83200000-88f80000 rw-p 00000000 00:00 0 
88f80000-d6600000 ---p 00000000 00:00 0 
d6600000-fff80000 rw-p 00000000 00:00 0 
fff80000-100000000 ---p 00000000 00:00 0 
100000000-1004c0000 rw-p 00000000 00:00 0 
1004c0000-140000000 ---p 00000000 00:00 0 
7fc54c000000-7fc54c9b6000 rw-p 00000000 00:00 0 
7fc54c9b6000-7fc550000000 ---p 00000000 00:00 0 
7fc550000000-7fc550021000 rw-p 00000000 00:00 0 
7fc550021000-7fc554000000 ---p 00000000 00:00 0 
7fc554000000-7fc557b81000 rw-p 00000000 00:00 0 
7fc557b81000-7fc558000000 ---p 00000000 00:00 0 
7fc558000000-7fc559d59000 rw-p 00000000 00:00 0 
7fc559d59000-7fc55c000000 ---p 00000000 00:00 0 
7fc55c000000-7fc55c021000 rw-p 00000000 00:00 0 
7fc55c021000-7fc560000000 ---p 00000000 00:00 0 
7fc560000000-7fc560021000 rw-p 00000000 00:00 0 
7fc560021000-7fc564000000 ---p 00000000 00:00 0 
7fc564000000-7fc567185000 rw-p 00000000 00:00 0 
7fc567185000-7fc568000000 ---p 00000000 00:00 0 
7fc568000000-7fc568d31000 rw-p 00000000 00:00 0 
7fc568d31000-7fc56c000000 ---p 00000000 00:00 0 
7fc56c000000-7fc56c021000 rw-p 00000000 00:00 0 
7fc56c021000-7fc570000000 ---p 00000000 00:00 0 
7fc570000000-7fc570021000 rw-p 00000000 00:00 0 
7fc570021000-7fc574000000 ---p 00000000 00:00 0 
7fc574000000-7fc574021000 rw-p 00000000 00:00 0 
7fc574021000-7fc578000000 ---p 00000000 00:00 0 
7fc5784d2000-7fc5784d5000 ---p 00000000 00:00 0 
7fc5784d5000-7fc5785d3000 rw-p 00000000 00:00 0                          [stack:4851]
7fc5785d3000-7fc5785d6000 ---p 00000000 00:00 0 
7fc5785d6000-7fc5786d4000 rw-p 00000000 00:00 0                          [stack:4850]
7fc5786d4000-7fc5786d7000 ---p 00000000 00:00 0 
7fc5786d7000-7fc5787d5000 rw-p 00000000 00:00 0                          [stack:4849]
7fc5787d5000-7fc5787d8000 ---p 00000000 00:00 0 
7fc5787d8000-7fc5788d6000 rw-p 00000000 00:00 0                          [stack:4848]
7fc5788d6000-7fc5788d9000 ---p 00000000 00:00 0 
7fc5788d9000-7fc578ad7000 rw-p 00000000 00:00 0                          [stack:4847]
7fc578ad7000-7fc578bd7000 ---p 00000000 00:00 0 
7fc578bd7000-7fc578bda000 ---p 00000000 00:00 0 
7fc578bda000-7fc578cd8000 rw-p 00000000 00:00 0                          [stack:4844]
7fc578cd8000-7fc578cdb000 ---p 00000000 00:00 0 
7fc578cdb000-7fc578fd9000 rw-p 00000000 00:00 0                          [stack:4843]
7fc578fd9000-7fc578fdc000 ---p 00000000 00:00 0 
7fc578fdc000-7fc5790da000 rw-p 00000000 00:00 0                          [stack:4842]
7fc5790da000-7fc5790dd000 ---p 00000000 00:00 0 
7fc5790dd000-7fc5791db000 rw-p 00000000 00:00 0                          [stack:4841]
7fc5791db000-7fc5791de000 ---p 00000000 00:00 0 
7fc5791de000-7fc5794dc000 rw-p 00000000 00:00 0                          [stack:4840]
7fc5794dc000-7fc5794f2000 r-xp 00000000 08:01 2238                       /lib/x86_64-linux-gnu/libgcc_s.so.1
7fc5794f2000-7fc5796f1000 ---p 00016000 08:01 2238                       /lib/x86_64-linux-gnu/libgcc_s.so.1
7fc5796f1000-7fc5796f2000 rw-p 00015000 08:01 2238                       /lib/x86_64-linux-gnu/libgcc_s.so.1
7fc5796f2000-7fc579724000 r-xp 00000000 08:01 406002                     /usr/lib/jvm/java-8-oracle/jre/lib/amd64/libsunec.so
7fc579724000-7fc579923000 ---p 00032000 08:01 406002                     /usr/lib/jvm/java-8-oracle/jre/lib/amd64/libsunec.so
7fc579923000-7fc579929000 rw-p 00031000 08:01 406002                     /usr/lib/jvm/java-8-oracle/jre/lib/amd64/libsunec.so
7fc579929000-7fc579b39000 rw-p 00000000 00:00 0 
7fc579b39000-7fc579d39000 rw-p 00000000 00:00 0 
7fc579d39000-7fc579f39000 rw-p 00000000 00:00 0 
7fc579f39000-7fc57a139000 rw-p 00000000 00:00 0 
7fc57a139000-7fc57a339000 rw-p 00000000 00:00 0 
7fc57a339000-7fc57a539000 rw-p 00000000 00:00 0 
7fc57a539000-7fc57a739000 rw-p 00000000 00:00 0 
7fc57a739000-7fc57a74a000 r-xp 00000000 08:01 406016                     /usr/lib/jvm/java-8-oracle/jre/lib/amd64/libnio.so
7fc57a74a000-7fc57a949000 ---p 00011000 08:01 406016                     /usr/lib/jvm/java-8-oracle/jre/lib/amd64/libnio.so
7fc57a949000-7fc57a94a000 rw-p 00010000 08:01 406016                     /usr/lib/jvm/java-8-oracle/jre/lib/amd64/libnio.so
7fc57a94a000-7fc57ab4a000 rw-p 00000000 00:00 0 
7fc57ab4a000-7fc57ad4a000 rw-p 00000000 00:00 0 
7fc57ad4a000-7fc57af4a000 rw-p 00000000 00:00 0 
7fc57af4a000-7fc57af4d000 r-xp 00000000 08:01 59303                      /lib/x86_64-linux-gnu/libnss_myhostname.so.2
7fc57af4d000-7fc57b14c000 ---p 00003000 08:01 59303                      /lib/x86_64-linux-gnu/libnss_myhostname.so.2
7fc57b14c000-7fc57b14d000 r--p 00002000 08:01 59303                      /lib/x86_64-linux-gnu/libnss_myhostname.so.2
7fc57b14d000-7fc57b14e000 rw-p 00003000 08:01 59303                      /lib/x86_64-linux-gnu/libnss_myhostname.so.2
7fc57b14e000-7fc57b164000 r-xp 00000000 08:01 406001                     /usr/lib/jvm/java-8-oracle/jre/lib/amd64/libnet.so
7fc57b164000-7fc57b364000 ---p 00016000 08:01 406001                     /usr/lib/jvm/java-8-oracle/jre/lib/amd64/libnet.so
7fc57b364000-7fc57b365000 rw-p 00016000 08:01 406001                     /usr/lib/jvm/java-8-oracle/jre/lib/amd64/libnet.so
7fc57b365000-7fc57b368000 ---p 00000000 00:00 0 
7fc57b368000-7fc57b466000 rw-p 00000000 00:00 0 
7fc57b466000-7fc57b469000 ---p 00000000 00:00 0 
7fc57b469000-7fc57b567000 rw-p 00000000 00:00 0 
7fc57b567000-7fc57b56a000 ---p 00000000 00:00 0 
7fc57b56a000-7fc57b668000 rw-p 00000000 00:00 0 
7fc57b668000-7fc57b671000 r-xp 00000000 08:01 405973                     /usr/lib/jvm/java-8-oracle/jre/lib/amd64/libmanagement.so
7fc57b671000-7fc57b870000 ---p 00009000 08:01 405973                     /usr/lib/jvm/java-8-oracle/jre/lib/amd64/libmanagement.so
7fc57b870000-7fc57b871000 rw-p 00008000 08:01 405973                     /usr/lib/jvm/java-8-oracle/jre/lib/amd64/libmanagement.so
7fc57b871000-7fc57b872000 ---p 00000000 00:00 0 
7fc57b872000-7fc57b972000 rw-p 00000000 00:00 0                          [stack:4832]
7fc57b972000-7fc57b975000 ---p 00000000 00:00 0 
7fc57b975000-7fc57ba73000 rw-p 00000000 00:00 0                          [stack:4831]
7fc57ba73000-7fc57ba76000 ---p 00000000 00:00 0 
7fc57ba76000-7fc57bb74000 rw-p 00000000 00:00 0                          [stack:4830]
7fc57bb74000-7fc57bb77000 ---p 00000000 00:00 0 
7fc57bb77000-7fc57bc75000 rw-p 00000000 00:00 0                          [stack:4829]
7fc57bc75000-7fc57bc78000 ---p 00000000 00:00 0 
7fc57bc78000-7fc57bd76000 rw-p 00000000 00:00 0                          [stack:4828]
7fc57bd76000-7fc57beff000 r--p 00000000 08:01 9835                       /usr/lib/locale/locale-archive
7fc57beff000-7fc57bf02000 ---p 00000000 00:00 0 
7fc57bf02000-7fc57c000000 rw-p 00000000 00:00 0                          [stack:4827]
7fc57c000000-7fc57c021000 rw-p 00000000 00:00 0 
7fc57c021000-7fc580000000 ---p 00000000 00:00 0 
7fc580000000-7fc580021000 rw-p 00000000 00:00 0 
7fc580021000-7fc584000000 ---p 00000000 00:00 0 
7fc584000000-7fc584025000 rw-p 00000000 00:00 0 
7fc584025000-7fc588000000 ---p 00000000 00:00 0 
7fc588087000-7fc58808a000 ---p 00000000 00:00 0 
7fc58808a000-7fc588188000 rw-p 00000000 00:00 0                          [stack:4826]
7fc588188000-7fc588189000 ---p 00000000 00:00 0 
7fc588189000-7fc58d000000 rw-p 00000000 00:00 0                          [stack:4825]
7fc58d000000-7fc58dcd0000 rwxp 00000000 00:00 0 
7fc58dce0000-7fc59c000000 ---p 00000000 00:00 0 
7fc59c000000-7fc59c41b000 rw-p 00000000 00:00 0 
7fc59c41b000-7fc5a0000000 ---p 00000000 00:00 0 
7fc5a003f000-7fc5a0052000 r--s 00345000 08:01 406037                     /usr/lib/jvm/java-8-oracle/jre/lib/resources.jar
7fc5a0052000-7fc5a00e7000 r--s 01109000 08:01 406049                     /usr/lib/jvm/java-8-oracle/jre/lib/ext/jfxrt.jar
7fc5a00e7000-7fc5a02e9000 rw-p 00000000 00:00 0 
7fc5a02e9000-7fc5a04c2000 r--s 03d3e000 08:01 405863                     /usr/lib/jvm/java-8-oracle/jre/lib/rt.jar
7fc5a04c2000-7fc5a091f000 rw-p 00000000 00:00 0 
7fc5a091f000-7fc5a0920000 ---p 00000000 00:00 0 
7fc5a0920000-7fc5a0a20000 rw-p 00000000 00:00 0                          [stack:4824]
7fc5a0a20000-7fc5a0a21000 ---p 00000000 00:00 0 
7fc5a0a21000-7fc5a0b50000 rw-p 00000000 00:00 0                          [stack:4823]
7fc5a0b50000-7fc5a0dbb000 ---p 00000000 00:00 0 
7fc5a0dbb000-7fc5a0dea000 rw-p 00000000 00:00 0 
7fc5a0dea000-7fc5a1055000 ---p 00000000 00:00 0 
7fc5a1055000-7fc5a11a2000 rw-p 00000000 00:00 0 
7fc5a11a2000-7fc5a11d7000 rw-p 00000000 00:00 0 
7fc5a11d7000-7fc5a1563000 ---p 00000000 00:00 0 
7fc5a1563000-7fc5a157d000 r-xp 00000000 08:01 406009                     /usr/lib/jvm/java-8-oracle/jre/lib/amd64/libzip.so
7fc5a157d000-7fc5a177d000 ---p 0001a000 08:01 406009                     /usr/lib/jvm/java-8-oracle/jre/lib/amd64/libzip.so
7fc5a177d000-7fc5a177e000 rw-p 0001a000 08:01 406009                     /usr/lib/jvm/java-8-oracle/jre/lib/amd64/libzip.so
7fc5a177e000-7fc5a1788000 r-xp 00000000 08:01 2331                       /lib/x86_64-linux-gnu/libnss_files-2.19.so
7fc5a1788000-7fc5a1987000 ---p 0000a000 08:01 2331                       /lib/x86_64-linux-gnu/libnss_files-2.19.so
7fc5a1987000-7fc5a1988000 r--p 00009000 08:01 2331                       /lib/x86_64-linux-gnu/libnss_files-2.19.so
7fc5a1988000-7fc5a1989000 rw-p 0000a000 08:01 2331                       /lib/x86_64-linux-gnu/libnss_files-2.19.so
7fc5a1989000-7fc5a1994000 r-xp 00000000 08:01 2243                       /lib/x86_64-linux-gnu/libnss_nis-2.19.so
7fc5a1994000-7fc5a1b93000 ---p 0000b000 08:01 2243                       /lib/x86_64-linux-gnu/libnss_nis-2.19.so
7fc5a1b93000-7fc5a1b94000 r--p 0000a000 08:01 2243                       /lib/x86_64-linux-gnu/libnss_nis-2.19.so
7fc5a1b94000-7fc5a1b95000 rw-p 0000b000 08:01 2243                       /lib/x86_64-linux-gnu/libnss_nis-2.19.so
7fc5a1b95000-7fc5a1bac000 r-xp 00000000 08:01 2307                       /lib/x86_64-linux-gnu/libnsl-2.19.so
7fc5a1bac000-7fc5a1dab000 ---p 00017000 08:01 2307                       /lib/x86_64-linux-gnu/libnsl-2.19.so
7fc5a1dab000-7fc5a1dac000 r--p 00016000 08:01 2307                       /lib/x86_64-linux-gnu/libnsl-2.19.so
7fc5a1dac000-7fc5a1dad000 rw-p 00017000 08:01 2307                       /lib/x86_64-linux-gnu/libnsl-2.19.so
7fc5a1dad000-7fc5a1daf000 rw-p 00000000 00:00 0 
7fc5a1daf000-7fc5a1db8000 r-xp 00000000 08:01 2282                       /lib/x86_64-linux-gnu/libnss_compat-2.19.so
7fc5a1db8000-7fc5a1fb7000 ---p 00009000 08:01 2282                       /lib/x86_64-linux-gnu/libnss_compat-2.19.so
7fc5a1fb7000-7fc5a1fb8000 r--p 00008000 08:01 2282                       /lib/x86_64-linux-gnu/libnss_compat-2.19.so
7fc5a1fb8000-7fc5a1fb9000 rw-p 00009000 08:01 2282                       /lib/x86_64-linux-gnu/libnss_compat-2.19.so
7fc5a1fb9000-7fc5a1fe4000 r-xp 00000000 08:01 406005                     /usr/lib/jvm/java-8-oracle/jre/lib/amd64/libjava.so
7fc5a1fe4000-7fc5a21e3000 ---p 0002b000 08:01 406005                     /usr/lib/jvm/java-8-oracle/jre/lib/amd64/libjava.so
7fc5a21e3000-7fc5a21e5000 rw-p 0002a000 08:01 406005                     /usr/lib/jvm/java-8-oracle/jre/lib/amd64/libjava.so
7fc5a21e5000-7fc5a21f2000 r-xp 00000000 08:01 405987                     /usr/lib/jvm/java-8-oracle/jre/lib/amd64/libverify.so
7fc5a21f2000-7fc5a23f1000 ---p 0000d000 08:01 405987                     /usr/lib/jvm/java-8-oracle/jre/lib/amd64/libverify.so
7fc5a23f1000-7fc5a23f3000 rw-p 0000c000 08:01 405987                     /usr/lib/jvm/java-8-oracle/jre/lib/amd64/libverify.so
7fc5a23f3000-7fc5a23fa000 r-xp 00000000 08:01 2255                       /lib/x86_64-linux-gnu/librt-2.19.so
7fc5a23fa000-7fc5a25f9000 ---p 00007000 08:01 2255                       /lib/x86_64-linux-gnu/librt-2.19.so
7fc5a25f9000-7fc5a25fa000 r--p 00006000 08:01 2255                       /lib/x86_64-linux-gnu/librt-2.19.so
7fc5a25fa000-7fc5a25fb000 rw-p 00007000 08:01 2255                       /lib/x86_64-linux-gnu/librt-2.19.so
7fc5a25fb000-7fc5a2700000 r-xp 00000000 08:01 2240                       /lib/x86_64-linux-gnu/libm-2.19.so
7fc5a2700000-7fc5a28ff000 ---p 00105000 08:01 2240                       /lib/x86_64-linux-gnu/libm-2.19.so
7fc5a28ff000-7fc5a2900000 r--p 00104000 08:01 2240                       /lib/x86_64-linux-gnu/libm-2.19.so
7fc5a2900000-7fc5a2901000 rw-p 00105000 08:01 2240                       /lib/x86_64-linux-gnu/libm-2.19.so
7fc5a2901000-7fc5a35cf000 r-xp 00000000 08:01 405999                     /usr/lib/jvm/java-8-oracle/jre/lib/amd64/server/libjvm.so
7fc5a35cf000-7fc5a37cf000 ---p 00cce000 08:01 405999                     /usr/lib/jvm/java-8-oracle/jre/lib/amd64/server/libjvm.so
7fc5a37cf000-7fc5a38a8000 rw-p 00cce000 08:01 405999                     /usr/lib/jvm/java-8-oracle/jre/lib/amd64/server/libjvm.so
7fc5a38a8000-7fc5a38f3000 rw-p 00000000 00:00 0 
7fc5a38f3000-7fc5a3aad000 r-xp 00000000 08:01 2302                       /lib/x86_64-linux-gnu/libc-2.19.so
7fc5a3aad000-7fc5a3cad000 ---p 001ba000 08:01 2302                       /lib/x86_64-linux-gnu/libc-2.19.so
7fc5a3cad000-7fc5a3cb1000 r--p 001ba000 08:01 2302                       /lib/x86_64-linux-gnu/libc-2.19.so
7fc5a3cb1000-7fc5a3cb3000 rw-p 001be000 08:01 2302                       /lib/x86_64-linux-gnu/libc-2.19.so
7fc5a3cb3000-7fc5a3cb8000 rw-p 00000000 00:00 0 
7fc5a3cb8000-7fc5a3cbb000 r-xp 00000000 08:01 2147                       /lib/x86_64-linux-gnu/libdl-2.19.so
7fc5a3cbb000-7fc5a3eba000 ---p 00003000 08:01 2147                       /lib/x86_64-linux-gnu/libdl-2.19.so
7fc5a3eba000-7fc5a3ebb000 r--p 00002000 08:01 2147                       /lib/x86_64-linux-gnu/libdl-2.19.so
7fc5a3ebb000-7fc5a3ebc000 rw-p 00003000 08:01 2147                       /lib/x86_64-linux-gnu/libdl-2.19.so
7fc5a3ebc000-7fc5a3ed1000 r-xp 00000000 08:01 405992                     /usr/lib/jvm/java-8-oracle/jre/lib/amd64/jli/libjli.so
7fc5a3ed1000-7fc5a40d1000 ---p 00015000 08:01 405992                     /usr/lib/jvm/java-8-oracle/jre/lib/amd64/jli/libjli.so
7fc5a40d1000-7fc5a40d2000 rw-p 00015000 08:01 405992                     /usr/lib/jvm/java-8-oracle/jre/lib/amd64/jli/libjli.so
7fc5a40d2000-7fc5a40eb000 r-xp 00000000 08:01 2311                       /lib/x86_64-linux-gnu/libpthread-2.19.so
7fc5a40eb000-7fc5a42ea000 ---p 00019000 08:01 2311                       /lib/x86_64-linux-gnu/libpthread-2.19.so
7fc5a42ea000-7fc5a42eb000 r--p 00018000 08:01 2311                       /lib/x86_64-linux-gnu/libpthread-2.19.so
7fc5a42eb000-7fc5a42ec000 rw-p 00019000 08:01 2311                       /lib/x86_64-linux-gnu/libpthread-2.19.so
7fc5a42ec000-7fc5a42f0000 rw-p 00000000 00:00 0 
7fc5a42f0000-7fc5a4313000 r-xp 00000000 08:01 2308                       /lib/x86_64-linux-gnu/ld-2.19.so
7fc5a4317000-7fc5a4318000 rw-p 00000000 00:00 0 
7fc5a4318000-7fc5a431c000 r--s 0003a000 08:01 406041                     /usr/lib/jvm/java-8-oracle/jre/lib/ext/sunpkcs11.jar
7fc5a431c000-7fc5a431f000 r--s 0001a000 08:01 405956                     /usr/lib/jvm/java-8-oracle/jre/lib/jce.jar
7fc5a431f000-7fc5a4323000 r--s 0009a000 08:01 406030                     /usr/lib/jvm/java-8-oracle/jre/lib/jsse.jar
7fc5a4323000-7fc5a4328000 r--s 002f9000 08:01 405820                     /usr/lib/jvm/java-8-oracle/jre/lib/charsets.jar
7fc5a4328000-7fc5a432d000 r--s 01a5e000 00:23 758                        /vagrant_data/week4-for-students/dashboard/target/dashboard-1.0.0.BUILD-SNAPSHOT.jar
7fc5a432d000-7fc5a43ff000 rw-p 00000000 00:00 0 
7fc5a43ff000-7fc5a4402000 ---p 00000000 00:00 0 
7fc5a4402000-7fc5a4504000 rw-p 00000000 00:00 0                          [stack:4822]
7fc5a4504000-7fc5a4506000 r--s 00009000 08:01 406048                     /usr/lib/jvm/java-8-oracle/jre/lib/ext/sunec.jar
7fc5a4506000-7fc5a450e000 rw-s 00000000 08:01 410072                     /tmp/hsperfdata_vagrant/4821
7fc5a450e000-7fc5a450f000 rw-p 00000000 00:00 0 
7fc5a450f000-7fc5a4510000 r--p 00000000 00:00 0 
7fc5a4510000-7fc5a4512000 rw-p 00000000 00:00 0 
7fc5a4512000-7fc5a4513000 r--p 00022000 08:01 2308                       /lib/x86_64-linux-gnu/ld-2.19.so
7fc5a4513000-7fc5a4514000 rw-p 00023000 08:01 2308                       /lib/x86_64-linux-gnu/ld-2.19.so
7fc5a4514000-7fc5a4515000 rw-p 00000000 00:00 0 
7fff91a90000-7fff91ab1000 rw-p 00000000 00:00 0                          [stack]
7fff91b81000-7fff91b83000 r-xp 00000000 00:00 0                          [vdso]
ffffffffff600000-ffffffffff601000 r-xp 00000000 00:00 0                  [vsyscall]

VM Arguments:
java_command: dashboard/target/dashboard-1.0.0.BUILD-SNAPSHOT.jar
java_class_path (initial): dashboard/target/dashboard-1.0.0.BUILD-SNAPSHOT.jar
Launcher Type: SUN_STANDARD

Environment Variables:
JAVA_HOME=/usr/lib/jvm/java-8-oracle
PATH=/usr/local/sbin:/usr/local/bin:/usr/sbin:/usr/bin:/sbin:/bin:/usr/games:/usr/local/games:/usr/lib/jvm/java-8-oracle/bin:/usr/lib/jvm/java-8-oracle/db/bin:/usr/lib/jvm/java-8-oracle/jre/bin
SHELL=/bin/zsh
DISPLAY=:0.0

Signal Handlers:
SIGSEGV: [libjvm.so+0xac78c0], sa_mask[0]=11111111011111111101111111111110, sa_flags=SA_RESTART|SA_SIGINFO
SIGBUS: [libjvm.so+0xac78c0], sa_mask[0]=11111111011111111101111111111110, sa_flags=SA_RESTART|SA_SIGINFO
SIGFPE: [libjvm.so+0x920ac0], sa_mask[0]=11111111011111111101111111111110, sa_flags=SA_RESTART|SA_SIGINFO
SIGPIPE: [libjvm.so+0x920ac0], sa_mask[0]=11111111011111111101111111111110, sa_flags=SA_RESTART|SA_SIGINFO
SIGXFSZ: [libjvm.so+0x920ac0], sa_mask[0]=11111111011111111101111111111110, sa_flags=SA_RESTART|SA_SIGINFO
SIGILL: [libjvm.so+0x920ac0], sa_mask[0]=11111111011111111101111111111110, sa_flags=SA_RESTART|SA_SIGINFO
SIGUSR1: SIG_DFL, sa_mask[0]=00000000000000000000000000000000, sa_flags=none
SIGUSR2: [libjvm.so+0x922300], sa_mask[0]=00000000000000000000000000000000, sa_flags=SA_RESTART|SA_SIGINFO
SIGHUP: [libjvm.so+0x923700], sa_mask[0]=11111111011111111101111111111110, sa_flags=SA_RESTART|SA_SIGINFO
SIGINT: [libjvm.so+0x923700], sa_mask[0]=11111111011111111101111111111110, sa_flags=SA_RESTART|SA_SIGINFO
SIGTERM: [libjvm.so+0x923700], sa_mask[0]=11111111011111111101111111111110, sa_flags=SA_RESTART|SA_SIGINFO
SIGQUIT: [libjvm.so+0x923700], sa_mask[0]=11111111011111111101111111111110, sa_flags=SA_RESTART|SA_SIGINFO


---------------  S Y S T E M  ---------------

OS:DISTRIB_ID=Ubuntu
DISTRIB_RELEASE=14.04
DISTRIB_CODENAME=trusty
DISTRIB_DESCRIPTION="Ubuntu 14.04.5 LTS"

uname:Linux 3.13.0-112-generic #159-Ubuntu SMP Fri Mar 3 15:26:07 UTC 2017 x86_64
libc:glibc 2.19 NPTL 2.19 
rlimit: STACK 8192k, CORE 0k, NPROC 63711, NOFILE 4096, AS infinity
load average:24.18 7.79 2.96

/proc/meminfo:
MemTotal:        8176936 kB
MemFree:          798268 kB
Buffers:            1092 kB
Cached:            81864 kB
SwapCached:            0 kB
Active:          7149184 kB
Inactive:          81392 kB
Active(anon):    7148056 kB
Inactive(anon):    30860 kB
Active(file):       1128 kB
Inactive(file):    50532 kB
Unevictable:          32 kB
Mlocked:              32 kB
SwapTotal:             0 kB
SwapFree:              0 kB
Dirty:               172 kB
Writeback:             0 kB
AnonPages:       7147764 kB
Mapped:            60496 kB
Shmem:             31184 kB
Slab:              43632 kB
SReclaimable:      19300 kB
SUnreclaim:        24332 kB
KernelStack:        6384 kB
PageTables:        36084 kB
NFS_Unstable:          0 kB
Bounce:                0 kB
WritebackTmp:          0 kB
CommitLimit:     4088468 kB
Committed_AS:   10733172 kB
VmallocTotal:   34359738367 kB
VmallocUsed:       21564 kB
VmallocChunk:   34359711740 kB
HardwareCorrupted:     0 kB
AnonHugePages:   4929536 kB
HugePages_Total:       0
HugePages_Free:        0
HugePages_Rsvd:        0
HugePages_Surp:        0
Hugepagesize:       2048 kB
DirectMap4k:       77760 kB
DirectMap2M:     8310784 kB


CPU:total 2 (2 cores per cpu, 1 threads per core) family 6 model 70 stepping 1, cmov, cx8, fxsr, mmx, sse, sse2, sse3, ssse3, sse4.1, sse4.2, popcnt, avx, avx2, aes, clmul, lzcnt, tsc, tscinvbit

/proc/cpuinfo:
processor	: 0
vendor_id	: GenuineIntel
cpu family	: 6
model		: 70
model name	: Intel(R) Core(TM) i7-4870HQ CPU @ 2.50GHz
stepping	: 1
cpu MHz		: 2494.204
cache size	: 6144 KB
physical id	: 0
siblings	: 2
core id		: 0
cpu cores	: 2
apicid		: 0
initial apicid	: 0
fpu		: yes
fpu_exception	: yes
cpuid level	: 13
wp		: yes
flags		: fpu vme de pse tsc msr pae mce cx8 apic sep mtrr pge mca cmov pat pse36 clflush mmx fxsr sse sse2 ht syscall nx rdtscp lm constant_tsc rep_good nopl xtopology nonstop_tsc pni pclmulqdq ssse3 cx16 pcid sse4_1 sse4_2 movbe popcnt aes xsave avx rdrand lahf_lm abm fsgsbase avx2 invpcid
bogomips	: 4988.40
clflush size	: 64
cache_alignment	: 64
address sizes	: 39 bits physical, 48 bits virtual
power management:

processor	: 1
vendor_id	: GenuineIntel
cpu family	: 6
model		: 70
model name	: Intel(R) Core(TM) i7-4870HQ CPU @ 2.50GHz
stepping	: 1
cpu MHz		: 2494.204
cache size	: 6144 KB
physical id	: 0
siblings	: 2
core id		: 1
cpu cores	: 2
apicid		: 1
initial apicid	: 1
fpu		: yes
fpu_exception	: yes
cpuid level	: 13
wp		: yes
flags		: fpu vme de pse tsc msr pae mce cx8 apic sep mtrr pge mca cmov pat pse36 clflush mmx fxsr sse sse2 ht syscall nx rdtscp lm constant_tsc rep_good nopl xtopology nonstop_tsc pni pclmulqdq ssse3 cx16 pcid sse4_1 sse4_2 movbe popcnt aes xsave avx rdrand lahf_lm abm fsgsbase avx2 invpcid
bogomips	: 4988.40
clflush size	: 64
cache_alignment	: 64
address sizes	: 39 bits physical, 48 bits virtual
power management:



Memory: 4k page, physical 8176936k(794296k free), swap 0k(0k free)

vm_info: Java HotSpot(TM) 64-Bit Server VM (25.121-b13) for linux-amd64 JRE (1.8.0_121-b13), built on Dec 12 2016 16:36:53 by "java_re" with gcc 4.3.0 20080428 (Red Hat 4.3.0-8)

time: Sun Jun  9 21:37:02 2019
elapsed time: 144 seconds (0d 0h 2m 24s)

