#
# There is insufficient memory for the Java Runtime Environment to continue.
# Native memory allocation (mmap) failed to map 122159104 bytes for committing reserved memory.
# Possible reasons:
#   The system is out of physical RAM or swap space
#   In 32 bit mode, the process size limit was hit
# Possible solutions:
#   Reduce memory load on the system
#   Increase physical memory or swap space
#   Check if swap backing store is full
#   Use 64 bit Java on a 64 bit OS
#   Decrease Java heap size (-Xmx/-Xms)
#   Decrease number of Java threads
#   Decrease Java thread stack sizes (-Xss)
#   Set larger code cache with -XX:ReservedCodeCacheSize=
# This output file may be truncated or incomplete.
#
#  Out of Memory Error (os_linux.cpp:2627), pid=8161, tid=0x00007f0cf08ec700
#
# JRE version: Java(TM) SE Runtime Environment (8.0_121-b13) (build 1.8.0_121-b13)
# Java VM: Java HotSpot(TM) 64-Bit Server VM (25.121-b13 mixed mode linux-amd64 compressed oops)
# Failed to write core dump. Core dumps have been disabled. To enable core dumping, try "ulimit -c unlimited" before starting Java again
#

---------------  T H R E A D  ---------------

Current thread (0x00007f0d040fa800):  VMThread [stack: 0x00007f0cf07ec000,0x00007f0cf08ed000] [id=8165]

Stack: [0x00007f0cf07ec000,0x00007f0cf08ed000],  sp=0x00007f0cf08eb140,  free space=1020k
Native frames: (J=compiled Java code, j=interpreted, Vv=VM code, C=native code)
V  [libjvm.so+0xac703a]  VMError::report_and_die()+0x2ba
V  [libjvm.so+0x4fc7eb]  report_vm_out_of_memory(char const*, int, unsigned long, VMErrorType, char const*)+0x8b
V  [libjvm.so+0x923c43]  os::Linux::commit_memory_impl(char*, unsigned long, bool)+0x103
V  [libjvm.so+0x924199]  os::pd_commit_memory(char*, unsigned long, unsigned long, bool)+0x29
V  [libjvm.so+0x91e4aa]  os::commit_memory(char*, unsigned long, unsigned long, bool)+0x2a
V  [libjvm.so+0x992f03]  PSVirtualSpace::expand_by(unsigned long)+0x53
V  [libjvm.so+0x994308]  PSYoungGen::resize_generation(unsigned long, unsigned long)+0xf8
V  [libjvm.so+0x993462]  PSYoungGen::resize(unsigned long, unsigned long)+0x22
V  [libjvm.so+0x99073b]  PSScavenge::invoke_no_policy()+0xf3b
V  [libjvm.so+0x98b9e5]  PSParallelCompact::invoke(bool)+0x85
V  [libjvm.so+0x4832d4]  CollectedHeap::collect_as_vm_thread(GCCause::Cause)+0x114
V  [libjvm.so+0xac84b1]  VM_CollectForMetadataAllocation::doit()+0x161
V  [libjvm.so+0xad0535]  VM_Operation::evaluate()+0x55
V  [libjvm.so+0xace90a]  VMThread::evaluate_operation(VM_Operation*)+0xba
V  [libjvm.so+0xacec8e]  VMThread::loop()+0x1ce
V  [libjvm.so+0xacf100]  VMThread::run()+0x70
V  [libjvm.so+0x926268]  java_start(Thread*)+0x108

VM_Operation (0x00007f0ccbcf29a0): CollectForMetadataAllocation, mode: safepoint, requested by thread 0x00007f0d041a4800


---------------  P R O C E S S  ---------------

Java Threads: ( => current thread )
  0x00007f0d04009800 JavaThread "DestroyJavaVM" [_thread_blocked, id=8162, stack(0x00007f0d0a498000,0x00007f0d0a599000)]
  0x00007f0d041a4800 JavaThread "main" [_thread_blocked, id=8206, stack(0x00007f0ccbbf5000,0x00007f0ccbcf6000)]
  0x00007f0d04141800 JavaThread "Service Thread" daemon [_thread_blocked, id=8171, stack(0x00007f0cf005d000,0x00007f0cf015e000)]
  0x00007f0d0413e800 JavaThread "C1 CompilerThread1" daemon [_thread_blocked, id=8170, stack(0x00007f0cf015e000,0x00007f0cf025f000)]
  0x00007f0d0413b800 JavaThread "C2 CompilerThread0" daemon [_thread_blocked, id=8169, stack(0x00007f0cf025f000,0x00007f0cf0360000)]
  0x00007f0d0413a800 JavaThread "Signal Dispatcher" daemon [_thread_blocked, id=8168, stack(0x00007f0cf0360000,0x00007f0cf0461000)]
  0x00007f0d04107000 JavaThread "Finalizer" daemon [_thread_blocked, id=8167, stack(0x00007f0cf05ea000,0x00007f0cf06eb000)]
  0x00007f0d04102000 JavaThread "Reference Handler" daemon [_thread_blocked, id=8166, stack(0x00007f0cf06eb000,0x00007f0cf07ec000)]

Other Threads:
=>0x00007f0d040fa800 VMThread [stack: 0x00007f0cf07ec000,0x00007f0cf08ed000] [id=8165]
  0x00007f0d04144000 WatcherThread [stack: 0x00007f0ccbeff000,0x00007f0ccc000000] [id=8172]

VM state:at safepoint (normal execution)

VM Mutex/Monitor currently owned by a thread:  ([mutex/lock_event])
[0x00007f0d04005e20] Threads_lock - owner thread: 0x00007f0d040fa800
[0x00007f0d04006320] Heap_lock - owner thread: 0x00007f0d041a4800

Heap:
 PSYoungGen      total 210944K, used 5133K [0x00000000eb600000, 0x00000000f8b80000, 0x0000000100000000)
  eden space 203264K, 0% used [0x00000000eb600000,0x00000000eb600000,0x00000000f7c80000)
  from space 7680K, 66% used [0x00000000f7c80000,0x00000000f8183698,0x00000000f8400000)
  to   space 7680K, 0% used [0x00000000f8400000,0x00000000f8400000,0x00000000f8b80000)
 ParOldGen       total 42496K, used 16865K [0x00000000c2200000, 0x00000000c4b80000, 0x00000000eb600000)
  object space 42496K, 39% used [0x00000000c2200000,0x00000000c3278410,0x00000000c4b80000)
 Metaspace       used 20943K, capacity 21098K, committed 21296K, reserved 1069056K
  class space    used 2593K, capacity 2650K, committed 2688K, reserved 1048576K

Card table byte_map: [0x00007f0cf3ffa000,0x00007f0cf41ea000] byte_map_base: 0x00007f0cf39e9000

Marking Bits: (ParMarkBitMap*) 0x00007f0d0995ec80
 Begin Bits: [0x00007f0cf1dbe000, 0x00007f0cf2d36000)
 End Bits:   [0x00007f0cf2d36000, 0x00007f0cf3cae000)

Polling page: 0x00007f0d0a5a8000

CodeCache: size=245760Kb used=7679Kb max_used=7679Kb free=238080Kb
 bounds [0x00007f0cf45aa000, 0x00007f0cf4d3a000, 0x00007f0d035aa000]
 total_blobs=2581 nmethods=2211 adapters=283
 compilation: enabled

Compilation events (10 events):
Event: 7.397 Thread 0x00007f0d0413e800 2422       2       org.springframework.core.type.classreading.AnnotationMetadataReadingVisitor::getClassName (5 bytes)
Event: 7.397 Thread 0x00007f0d0413e800 nmethod 2422 0x00007f0cf4d2ce10 code [0x00007f0cf4d2cf60, 0x00007f0cf4d2d0b0]
Event: 7.416 Thread 0x00007f0d0413e800 2423   !   2       org.springframework.util.ClassUtils::forName (268 bytes)
Event: 7.417 Thread 0x00007f0d0413e800 nmethod 2423 0x00007f0cf4d2d150 code [0x00007f0cf4d2d4c0, 0x00007f0cf4d2e228]
Event: 7.421 Thread 0x00007f0d0413e800 2424       2       org.springframework.asm.ClassReader::readFrameType (162 bytes)
Event: 7.421 Thread 0x00007f0d0413e800 nmethod 2424 0x00007f0cf4d2f450 code [0x00007f0cf4d2f660, 0x00007f0cf4d300e8]
Event: 7.426 Thread 0x00007f0d0413e800 2425       2       java.lang.Class::getEnclosingMethodInfo (21 bytes)
Event: 7.426 Thread 0x00007f0d0413e800 nmethod 2425 0x00007f0cf4d30dd0 code [0x00007f0cf4d30f60, 0x00007f0cf4d31158]
Event: 7.427 Thread 0x00007f0d0413e800 2427       2       java.util.Properties::getProperty (46 bytes)
Event: 7.427 Thread 0x00007f0d0413e800 nmethod 2427 0x00007f0cf4d315d0 code [0x00007f0cf4d31740, 0x00007f0cf4d31998]

GC Heap History (10 events):
Event: 3.770 GC heap after
Heap after GC invocations=6 (full 0):
 PSYoungGen      total 71680K, used 2947K [0x00000000eb600000, 0x00000000f0500000, 0x0000000100000000)
  eden space 63488K, 0% used [0x00000000eb600000,0x00000000eb600000,0x00000000ef400000)
  from space 8192K, 35% used [0x00000000efd00000,0x00000000effe0fd0,0x00000000f0500000)
  to   space 8704K, 0% used [0x00000000ef400000,0x00000000ef400000,0x00000000efc80000)
 ParOldGen       total 42496K, used 10677K [0x00000000c2200000, 0x00000000c4b80000, 0x00000000eb600000)
  object space 42496K, 25% used [0x00000000c2200000,0x00000000c2c6d590,0x00000000c4b80000)
 Metaspace       used 9142K, capacity 9304K, committed 9472K, reserved 1056768K
  class space    used 1133K, capacity 1180K, committed 1280K, reserved 1048576K
}
Event: 4.344 GC heap before
{Heap before GC invocations=7 (full 0):
 PSYoungGen      total 71680K, used 66435K [0x00000000eb600000, 0x00000000f0500000, 0x0000000100000000)
  eden space 63488K, 100% used [0x00000000eb600000,0x00000000ef400000,0x00000000ef400000)
  from space 8192K, 35% used [0x00000000efd00000,0x00000000effe0fd0,0x00000000f0500000)
  to   space 8704K, 0% used [0x00000000ef400000,0x00000000ef400000,0x00000000efc80000)
 ParOldGen       total 42496K, used 10677K [0x00000000c2200000, 0x00000000c4b80000, 0x00000000eb600000)
  object space 42496K, 25% used [0x00000000c2200000,0x00000000c2c6d590,0x00000000c4b80000)
 Metaspace       used 12483K, capacity 12632K, committed 12928K, reserved 1060864K
  class space    used 1525K, capacity 1564K, committed 1664K, reserved 1048576K
Event: 4.351 GC heap after
Heap after GC invocations=7 (full 0):
 PSYoungGen      total 72192K, used 3487K [0x00000000eb600000, 0x00000000f4300000, 0x0000000100000000)
  eden space 63488K, 0% used [0x00000000eb600000,0x00000000eb600000,0x00000000ef400000)
  from space 8704K, 40% used [0x00000000ef400000,0x00000000ef767f48,0x00000000efc80000)
  to   space 8704K, 0% used [0x00000000f3a80000,0x00000000f3a80000,0x00000000f4300000)
 ParOldGen       total 42496K, used 13061K [0x00000000c2200000, 0x00000000c4b80000, 0x00000000eb600000)
  object space 42496K, 30% used [0x00000000c2200000,0x00000000c2ec1720,0x00000000c4b80000)
 Metaspace       used 12483K, capacity 12632K, committed 12928K, reserved 1060864K
  class space    used 1525K, capacity 1564K, committed 1664K, reserved 1048576K
}
Event: 5.008 GC heap before
{Heap before GC invocations=8 (full 0):
 PSYoungGen      total 72192K, used 66975K [0x00000000eb600000, 0x00000000f4300000, 0x0000000100000000)
  eden space 63488K, 100% used [0x00000000eb600000,0x00000000ef400000,0x00000000ef400000)
  from space 8704K, 40% used [0x00000000ef400000,0x00000000ef767f48,0x00000000efc80000)
  to   space 8704K, 0% used [0x00000000f3a80000,0x00000000f3a80000,0x00000000f4300000)
 ParOldGen       total 42496K, used 13061K [0x00000000c2200000, 0x00000000c4b80000, 0x00000000eb600000)
  object space 42496K, 30% used [0x00000000c2200000,0x00000000c2ec1720,0x00000000c4b80000)
 Metaspace       used 16588K, capacity 16752K, committed 17024K, reserved 1064960K
  class space    used 2026K, capacity 2064K, committed 2176K, reserved 1048576K
Event: 5.016 GC heap after
Heap after GC invocations=8 (full 0):
 PSYoungGen      total 134656K, used 3736K [0x00000000eb600000, 0x00000000f4200000, 0x0000000100000000)
  eden space 126976K, 0% used [0x00000000eb600000,0x00000000eb600000,0x00000000f3200000)
  from space 7680K, 48% used [0x00000000f3a80000,0x00000000f3e26028,0x00000000f4200000)
  to   space 8192K, 0% used [0x00000000f3200000,0x00000000f3200000,0x00000000f3a00000)
 ParOldGen       total 42496K, used 13181K [0x00000000c2200000, 0x00000000c4b80000, 0x00000000eb600000)
  object space 42496K, 31% used [0x00000000c2200000,0x00000000c2edf750,0x00000000c4b80000)
 Metaspace       used 16588K, capacity 16752K, committed 17024K, reserved 1064960K
  class space    used 2026K, capacity 2064K, committed 2176K, reserved 1048576K
}
Event: 6.049 GC heap before
{Heap before GC invocations=9 (full 0):
 PSYoungGen      total 134656K, used 130712K [0x00000000eb600000, 0x00000000f4200000, 0x0000000100000000)
  eden space 126976K, 100% used [0x00000000eb600000,0x00000000f3200000,0x00000000f3200000)
  from space 7680K, 48% used [0x00000000f3a80000,0x00000000f3e26028,0x00000000f4200000)
  to   space 8192K, 0% used [0x00000000f3200000,0x00000000f3200000,0x00000000f3a00000)
 ParOldGen       total 42496K, used 13181K [0x00000000c2200000, 0x00000000c4b80000, 0x00000000eb600000)
  object space 42496K, 31% used [0x00000000c2200000,0x00000000c2edf750,0x00000000c4b80000)
 Metaspace       used 18882K, capacity 19084K, committed 19328K, reserved 1067008K
  class space    used 2342K, capacity 2389K, committed 2432K, reserved 1048576K
Event: 6.064 GC heap after
Heap after GC invocations=9 (full 0):
 PSYoungGen      total 135168K, used 4533K [0x00000000eb600000, 0x00000000f8b80000, 0x0000000100000000)
  eden space 126976K, 0% used [0x00000000eb600000,0x00000000eb600000,0x00000000f3200000)
  from space 8192K, 55% used [0x00000000f3200000,0x00000000f366d630,0x00000000f3a00000)
  to   space 7680K, 0% used [0x00000000f8400000,0x00000000f8400000,0x00000000f8b80000)
 ParOldGen       total 42496K, used 13346K [0x00000000c2200000, 0x00000000c4b80000, 0x00000000eb600000)
  object space 42496K, 31% used [0x00000000c2200000,0x00000000c2f08840,0x00000000c4b80000)
 Metaspace       used 18882K, capacity 19084K, committed 19328K, reserved 1067008K
  class space    used 2342K, capacity 2389K, committed 2432K, reserved 1048576K
}
Event: 6.939 GC heap before
{Heap before GC invocations=10 (full 0):
 PSYoungGen      total 135168K, used 131509K [0x00000000eb600000, 0x00000000f8b80000, 0x0000000100000000)
  eden space 126976K, 100% used [0x00000000eb600000,0x00000000f3200000,0x00000000f3200000)
  from space 8192K, 55% used [0x00000000f3200000,0x00000000f366d630,0x00000000f3a00000)
  to   space 7680K, 0% used [0x00000000f8400000,0x00000000f8400000,0x00000000f8b80000)
 ParOldGen       total 42496K, used 13346K [0x00000000c2200000, 0x00000000c4b80000, 0x00000000eb600000)
  object space 42496K, 31% used [0x00000000c2200000,0x00000000c2f08840,0x00000000c4b80000)
 Metaspace       used 20653K, capacity 20900K, committed 21120K, reserved 1067008K
  class space    used 2574K, capacity 2649K, committed 2688K, reserved 1048576K
Event: 7.049 GC heap after
Heap after GC invocations=10 (full 0):
 PSYoungGen      total 210944K, used 4043K [0x00000000eb600000, 0x00000000f8b80000, 0x0000000100000000)
  eden space 203264K, 0% used [0x00000000eb600000,0x00000000eb600000,0x00000000f7c80000)
  from space 7680K, 52% used [0x00000000f8400000,0x00000000f87f2c68,0x00000000f8b80000)
  to   space 7680K, 0% used [0x00000000f7c80000,0x00000000f7c80000,0x00000000f8400000)
 ParOldGen       total 42496K, used 15265K [0x00000000c2200000, 0x00000000c4b80000, 0x00000000eb600000)
  object space 42496K, 35% used [0x00000000c2200000,0x00000000c30e8410,0x00000000c4b80000)
 Metaspace       used 20653K, capacity 20900K, committed 21120K, reserved 1067008K
  class space    used 2574K, capacity 2649K, committed 2688K, reserved 1048576K
}
Event: 7.430 GC heap before
{Heap before GC invocations=11 (full 0):
 PSYoungGen      total 210944K, used 103152K [0x00000000eb600000, 0x00000000f8b80000, 0x0000000100000000)
  eden space 203264K, 48% used [0x00000000eb600000,0x00000000f16c95a0,0x00000000f7c80000)
  from space 7680K, 52% used [0x00000000f8400000,0x00000000f87f2c68,0x00000000f8b80000)
  to   space 7680K, 0% used [0x00000000f7c80000,0x00000000f7c80000,0x00000000f8400000)
 ParOldGen       total 42496K, used 15265K [0x00000000c2200000, 0x00000000c4b80000, 0x00000000eb600000)
  object space 42496K, 35% used [0x00000000c2200000,0x00000000c30e8410,0x00000000c4b80000)
 Metaspace       used 20943K, capacity 21098K, committed 21296K, reserved 1069056K
  class space    used 2593K, capacity 2650K, committed 2688K, reserved 1048576K

Deoptimization events (10 events):
Event: 6.734 Thread 0x00007f0d041a4800 Uncommon trap: reason=predicate action=maybe_recompile pc=0x00007f0cf4bffd90 method=java.util.AbstractCollection.toArray([Ljava/lang/Object;)[Ljava/lang/Object; @ 49
Event: 7.054 Thread 0x00007f0d041a4800 Uncommon trap: reason=array_check action=maybe_recompile pc=0x00007f0cf4c64c18 method=java.util.AbstractCollection.toArray([Ljava/lang/Object;)[Ljava/lang/Object; @ 119
Event: 7.054 Thread 0x00007f0d041a4800 Uncommon trap: reason=array_check action=maybe_recompile pc=0x00007f0cf4c64c18 method=java.util.AbstractCollection.toArray([Ljava/lang/Object;)[Ljava/lang/Object; @ 119
Event: 7.055 Thread 0x00007f0d041a4800 Uncommon trap: reason=array_check action=maybe_recompile pc=0x00007f0cf4c64c18 method=java.util.AbstractCollection.toArray([Ljava/lang/Object;)[Ljava/lang/Object; @ 119
Event: 7.055 Thread 0x00007f0d041a4800 Uncommon trap: reason=array_check action=maybe_recompile pc=0x00007f0cf4c64c18 method=java.util.AbstractCollection.toArray([Ljava/lang/Object;)[Ljava/lang/Object; @ 119
Event: 7.246 Thread 0x00007f0d041a4800 Uncommon trap: reason=unstable_if action=reinterpret pc=0x00007f0cf48d2908 method=org.springframework.boot.loader.jar.Handler.openConnection(Ljava/net/URL;)Ljava/net/URLConnection; @ 4
Event: 7.247 Thread 0x00007f0d041a4800 Uncommon trap: reason=unstable_if action=reinterpret pc=0x00007f0cf484e554 method=java.lang.ref.SoftReference.get()Ljava/lang/Object; @ 6
Event: 7.270 Thread 0x00007f0d041a4800 Uncommon trap: reason=unstable_if action=reinterpret pc=0x00007f0cf48d565c method=org.springframework.boot.loader.jar.JarFile.getUrl()Ljava/net/URL; @ 4
Event: 7.270 Thread 0x00007f0d041a4800 Uncommon trap: reason=class_check action=maybe_recompile pc=0x00007f0cf495383c method=java.util.regex.Matcher.search(I)Z @ 86
Event: 7.275 Thread 0x00007f0d041a4800 Uncommon trap: reason=bimorphic action=maybe_recompile pc=0x00007f0cf479db70 method=java.util.regex.Pattern$BmpCharProperty.match(Ljava/util/regex/Matcher;ILjava/lang/CharSequence;)Z @ 31

Internal exceptions (10 events):
Event: 6.178 Thread 0x00007f0d041a4800 Exception <a 'java/lang/ClassNotFoundException': org/springframework/boot/autoconfigure/PropertyPlaceholderAutoConfigurationCustomizer> (0x00000000ec36a648) thrown at [/HUDSON3/workspace/8-2-build-linux-amd64/jdk8u121/8372/hotspot/src/share/vm/classfile/s
Event: 6.179 Thread 0x00007f0d041a4800 Exception <a 'java/lang/ClassNotFoundException': org/springframework/boot/autoconfigure/PropertyPlaceholderAutoConfiguration$$EnhancerBySpringCGLIB$$802338e5Customizer> (0x00000000ec4ca068) thrown at [/HUDSON3/workspace/8-2-build-linux-amd64/jdk8u121/8372
Event: 6.182 Thread 0x00007f0d041a4800 Exception <a 'java/lang/ClassNotFoundException': java/lang/ObjectCustomizer> (0x00000000ec53f6a0) thrown at [/HUDSON3/workspace/8-2-build-linux-amd64/jdk8u121/8372/hotspot/src/share/vm/classfile/systemDictionary.cpp, line 210]
Event: 6.185 Thread 0x00007f0d041a4800 Exception <a 'java/lang/ClassNotFoundException': org/springframework/cloud/bootstrap/config/PropertySourceBootstrapPropertiesCustomizer> (0x00000000ec66fed0) thrown at [/HUDSON3/workspace/8-2-build-linux-amd64/jdk8u121/8372/hotspot/src/share/vm/classfile/
Event: 6.203 Thread 0x00007f0d041a4800 Exception <a 'java/lang/ClassNotFoundException': java/lang/ObjectCustomizer> (0x00000000ec828058) thrown at [/HUDSON3/workspace/8-2-build-linux-amd64/jdk8u121/8372/hotspot/src/share/vm/classfile/systemDictionary.cpp, line 210]
Event: 6.204 Thread 0x00007f0d041a4800 Exception <a 'java/lang/ClassNotFoundException': org/springframework/cloud/bootstrap/encrypt/EnvironmentDecryptApplicationInitializerCustomizer> (0x00000000ec964b18) thrown at [/HUDSON3/workspace/8-2-build-linux-amd64/jdk8u121/8372/hotspot/src/share/vm/cl
Event: 6.330 Thread 0x00007f0d041a4800 Implicit null exception at 0x00007f0cf4967918 to 0x00007f0cf49679a6
Event: 6.473 Thread 0x00007f0d041a4800 Exception <a 'java/lang/ClassNotFoundException': java/lang/ObjectCustomizer> (0x00000000eeffbd00) thrown at [/HUDSON3/workspace/8-2-build-linux-amd64/jdk8u121/8372/hotspot/src/share/vm/classfile/systemDictionary.cpp, line 210]
Event: 6.474 Thread 0x00007f0d041a4800 Exception <a 'java/lang/ClassNotFoundException': org/springframework/boot/SpringApplicationCustomizer> (0x00000000ef0f9fe0) thrown at [/HUDSON3/workspace/8-2-build-linux-amd64/jdk8u121/8372/hotspot/src/share/vm/classfile/systemDictionary.cpp, line 210]
Event: 7.270 Thread 0x00007f0d041a4800 Implicit null exception at 0x00007f0cf48d4651 to 0x00007f0cf48d5649

Events (10 events):
Event: 7.424 loading class org/springframework/boot/autoconfigure/web/ErrorMvcAutoConfiguration$ErrorTemplateMissingCondition done
Event: 7.425 loading class org/springframework/boot/autoconfigure/template/TemplateAvailabilityProvider
Event: 7.425 loading class org/springframework/boot/autoconfigure/template/TemplateAvailabilityProvider done
Event: 7.426 Thread 0x00007f0d041a4800 DEOPT PACKING pc=0x00007f0cf4969712 sp=0x00007f0ccbcf3090
Event: 7.426 Thread 0x00007f0d041a4800 DEOPT UNPACKING pc=0x00007f0cf45f1633 sp=0x00007f0ccbcf2e18 mode 0
Event: 7.427 loading class org/springframework/boot/autoconfigure/freemarker/FreeMarkerTemplateAvailabilityProvider
Event: 7.427 loading class org/springframework/boot/autoconfigure/freemarker/FreeMarkerTemplateAvailabilityProvider done
Event: 7.429 loading class org/springframework/boot/autoconfigure/mustache/MustacheTemplateAvailabilityProvider
Event: 7.429 loading class org/springframework/boot/autoconfigure/mustache/MustacheTemplateAvailabilityProvider done
Event: 7.430 Executing VM operation: CollectForMetadataAllocation


Dynamic libraries:
00400000-00401000 r-xp 00000000 08:01 406103                             /usr/lib/jvm/java-8-oracle/jre/bin/java
00600000-00601000 rw-p 00000000 08:01 406103                             /usr/lib/jvm/java-8-oracle/jre/bin/java
01ba0000-01bc1000 rw-p 00000000 00:00 0                                  [heap]
c2200000-c4b80000 rw-p 00000000 00:00 0 
c4b80000-eb600000 ---p 00000000 00:00 0 
eb600000-f8b80000 rw-p 00000000 00:00 0 
100000000-1002a0000 rw-p 00000000 00:00 0 
1002a0000-140000000 ---p 00000000 00:00 0 
7f0cb4000000-7f0cb4494000 rw-p 00000000 00:00 0 
7f0cb4494000-7f0cb8000000 ---p 00000000 00:00 0 
7f0cbc000000-7f0cbe61e000 rw-p 00000000 00:00 0 
7f0cbe61e000-7f0cc0000000 ---p 00000000 00:00 0 
7f0cc0000000-7f0cc0ca2000 rw-p 00000000 00:00 0 
7f0cc0ca2000-7f0cc4000000 ---p 00000000 00:00 0 
7f0cc4000000-7f0cc4021000 rw-p 00000000 00:00 0 
7f0cc4021000-7f0cc8000000 ---p 00000000 00:00 0 
7f0cca732000-7f0cca75e000 rw-p 00000000 00:00 0 
7f0cca75e000-7f0cca932000 ---p 00000000 00:00 0 
7f0cca932000-7f0ccab32000 rw-p 00000000 00:00 0 
7f0ccab32000-7f0ccabc7000 r--s 01109000 08:01 406049                     /usr/lib/jvm/java-8-oracle/jre/lib/ext/jfxrt.jar
7f0ccabc7000-7f0ccadc7000 rw-p 00000000 00:00 0 
7f0ccadc7000-7f0ccadd8000 r-xp 00000000 08:01 406016                     /usr/lib/jvm/java-8-oracle/jre/lib/amd64/libnio.so
7f0ccadd8000-7f0ccafd7000 ---p 00011000 08:01 406016                     /usr/lib/jvm/java-8-oracle/jre/lib/amd64/libnio.so
7f0ccafd7000-7f0ccafd8000 rw-p 00010000 08:01 406016                     /usr/lib/jvm/java-8-oracle/jre/lib/amd64/libnio.so
7f0ccafd8000-7f0ccb1d8000 rw-p 00000000 00:00 0 
7f0ccb1d8000-7f0ccb3d8000 rw-p 00000000 00:00 0 
7f0ccb3d8000-7f0ccb5d8000 rw-p 00000000 00:00 0 
7f0ccb5d8000-7f0ccb5db000 r-xp 00000000 08:01 59303                      /lib/x86_64-linux-gnu/libnss_myhostname.so.2
7f0ccb5db000-7f0ccb7da000 ---p 00003000 08:01 59303                      /lib/x86_64-linux-gnu/libnss_myhostname.so.2
7f0ccb7da000-7f0ccb7db000 r--p 00002000 08:01 59303                      /lib/x86_64-linux-gnu/libnss_myhostname.so.2
7f0ccb7db000-7f0ccb7dc000 rw-p 00003000 08:01 59303                      /lib/x86_64-linux-gnu/libnss_myhostname.so.2
7f0ccb7dc000-7f0ccb7f2000 r-xp 00000000 08:01 406001                     /usr/lib/jvm/java-8-oracle/jre/lib/amd64/libnet.so
7f0ccb7f2000-7f0ccb9f2000 ---p 00016000 08:01 406001                     /usr/lib/jvm/java-8-oracle/jre/lib/amd64/libnet.so
7f0ccb9f2000-7f0ccb9f3000 rw-p 00016000 08:01 406001                     /usr/lib/jvm/java-8-oracle/jre/lib/amd64/libnet.so
7f0ccb9f3000-7f0ccb9f6000 ---p 00000000 00:00 0 
7f0ccb9f6000-7f0ccbaf4000 rw-p 00000000 00:00 0 
7f0ccbaf4000-7f0ccbaf7000 ---p 00000000 00:00 0 
7f0ccbaf7000-7f0ccbbf5000 rw-p 00000000 00:00 0 
7f0ccbbf5000-7f0ccbbf8000 ---p 00000000 00:00 0 
7f0ccbbf8000-7f0ccbcf6000 rw-p 00000000 00:00 0                          [stack:8206]
7f0ccbcf6000-7f0ccbcff000 r-xp 00000000 08:01 405973                     /usr/lib/jvm/java-8-oracle/jre/lib/amd64/libmanagement.so
7f0ccbcff000-7f0ccbefe000 ---p 00009000 08:01 405973                     /usr/lib/jvm/java-8-oracle/jre/lib/amd64/libmanagement.so
7f0ccbefe000-7f0ccbeff000 rw-p 00008000 08:01 405973                     /usr/lib/jvm/java-8-oracle/jre/lib/amd64/libmanagement.so
7f0ccbeff000-7f0ccbf00000 ---p 00000000 00:00 0 
7f0ccbf00000-7f0ccc000000 rw-p 00000000 00:00 0                          [stack:8172]
7f0ccc000000-7f0ccca79000 rw-p 00000000 00:00 0 
7f0ccca79000-7f0cd0000000 ---p 00000000 00:00 0 
7f0cd0000000-7f0cd0021000 rw-p 00000000 00:00 0 
7f0cd0021000-7f0cd4000000 ---p 00000000 00:00 0 
7f0cd4000000-7f0cd4021000 rw-p 00000000 00:00 0 
7f0cd4021000-7f0cd8000000 ---p 00000000 00:00 0 
7f0cd8000000-7f0cd8a55000 rw-p 00000000 00:00 0 
7f0cd8a55000-7f0cdc000000 ---p 00000000 00:00 0 
7f0cdc000000-7f0cdc021000 rw-p 00000000 00:00 0 
7f0cdc021000-7f0ce0000000 ---p 00000000 00:00 0 
7f0ce0000000-7f0ce0021000 rw-p 00000000 00:00 0 
7f0ce0021000-7f0ce4000000 ---p 00000000 00:00 0 
7f0ce4000000-7f0ce4021000 rw-p 00000000 00:00 0 
7f0ce4021000-7f0ce8000000 ---p 00000000 00:00 0 
7f0ce8000000-7f0ce828c000 rw-p 00000000 00:00 0 
7f0ce828c000-7f0cec000000 ---p 00000000 00:00 0 
7f0cec000000-7f0cec023000 rw-p 00000000 00:00 0 
7f0cec023000-7f0cf0000000 ---p 00000000 00:00 0 
7f0cf0045000-7f0cf0058000 r--s 00345000 08:01 406037                     /usr/lib/jvm/java-8-oracle/jre/lib/resources.jar
7f0cf0058000-7f0cf005d000 r--s 002f9000 08:01 405820                     /usr/lib/jvm/java-8-oracle/jre/lib/charsets.jar
7f0cf005d000-7f0cf0060000 ---p 00000000 00:00 0 
7f0cf0060000-7f0cf015e000 rw-p 00000000 00:00 0                          [stack:8171]
7f0cf015e000-7f0cf0161000 ---p 00000000 00:00 0 
7f0cf0161000-7f0cf025f000 rw-p 00000000 00:00 0                          [stack:8170]
7f0cf025f000-7f0cf0262000 ---p 00000000 00:00 0 
7f0cf0262000-7f0cf0360000 rw-p 00000000 00:00 0                          [stack:8169]
7f0cf0360000-7f0cf0363000 ---p 00000000 00:00 0 
7f0cf0363000-7f0cf0461000 rw-p 00000000 00:00 0                          [stack:8168]
7f0cf0461000-7f0cf05ea000 r--p 00000000 08:01 9835                       /usr/lib/locale/locale-archive
7f0cf05ea000-7f0cf05ed000 ---p 00000000 00:00 0 
7f0cf05ed000-7f0cf06eb000 rw-p 00000000 00:00 0                          [stack:8167]
7f0cf06eb000-7f0cf06ee000 ---p 00000000 00:00 0 
7f0cf06ee000-7f0cf07ec000 rw-p 00000000 00:00 0                          [stack:8166]
7f0cf07ec000-7f0cf07ed000 ---p 00000000 00:00 0 
7f0cf07ed000-7f0cf11f6000 rw-p 00000000 00:00 0                          [stack:8165]
7f0cf11f6000-7f0cf13cf000 r--s 03d3e000 08:01 405863                     /usr/lib/jvm/java-8-oracle/jre/lib/rt.jar
7f0cf13cf000-7f0cf3cae000 rw-p 00000000 00:00 0 
7f0cf3cae000-7f0cf3caf000 ---p 00000000 00:00 0 
7f0cf3caf000-7f0cf3daf000 rw-p 00000000 00:00 0                          [stack:8164]
7f0cf3daf000-7f0cf3db0000 ---p 00000000 00:00 0 
7f0cf3db0000-7f0cf3ec5000 rw-p 00000000 00:00 0                          [stack:8163]
7f0cf3ec5000-7f0cf3ffa000 ---p 00000000 00:00 0 
7f0cf3ffa000-7f0cf400f000 rw-p 00000000 00:00 0 
7f0cf400f000-7f0cf4144000 ---p 00000000 00:00 0 
7f0cf4144000-7f0cf41af000 rw-p 00000000 00:00 0 
7f0cf41af000-7f0cf41e9000 ---p 00000000 00:00 0 
7f0cf41e9000-7f0cf4209000 rw-p 00000000 00:00 0 
7f0cf4209000-7f0cf45aa000 ---p 00000000 00:00 0 
7f0cf45aa000-7f0cf4d3a000 rwxp 00000000 00:00 0 
7f0cf4d3a000-7f0d035aa000 ---p 00000000 00:00 0 
7f0d035aa000-7f0d035c4000 r-xp 00000000 08:01 406009                     /usr/lib/jvm/java-8-oracle/jre/lib/amd64/libzip.so
7f0d035c4000-7f0d037c4000 ---p 0001a000 08:01 406009                     /usr/lib/jvm/java-8-oracle/jre/lib/amd64/libzip.so
7f0d037c4000-7f0d037c5000 rw-p 0001a000 08:01 406009                     /usr/lib/jvm/java-8-oracle/jre/lib/amd64/libzip.so
7f0d037c5000-7f0d037cf000 r-xp 00000000 08:01 2331                       /lib/x86_64-linux-gnu/libnss_files-2.19.so
7f0d037cf000-7f0d039ce000 ---p 0000a000 08:01 2331                       /lib/x86_64-linux-gnu/libnss_files-2.19.so
7f0d039ce000-7f0d039cf000 r--p 00009000 08:01 2331                       /lib/x86_64-linux-gnu/libnss_files-2.19.so
7f0d039cf000-7f0d039d0000 rw-p 0000a000 08:01 2331                       /lib/x86_64-linux-gnu/libnss_files-2.19.so
7f0d039d0000-7f0d039db000 r-xp 00000000 08:01 2243                       /lib/x86_64-linux-gnu/libnss_nis-2.19.so
7f0d039db000-7f0d03bda000 ---p 0000b000 08:01 2243                       /lib/x86_64-linux-gnu/libnss_nis-2.19.so
7f0d03bda000-7f0d03bdb000 r--p 0000a000 08:01 2243                       /lib/x86_64-linux-gnu/libnss_nis-2.19.so
7f0d03bdb000-7f0d03bdc000 rw-p 0000b000 08:01 2243                       /lib/x86_64-linux-gnu/libnss_nis-2.19.so
7f0d03bdc000-7f0d03bf3000 r-xp 00000000 08:01 2307                       /lib/x86_64-linux-gnu/libnsl-2.19.so
7f0d03bf3000-7f0d03df2000 ---p 00017000 08:01 2307                       /lib/x86_64-linux-gnu/libnsl-2.19.so
7f0d03df2000-7f0d03df3000 r--p 00016000 08:01 2307                       /lib/x86_64-linux-gnu/libnsl-2.19.so
7f0d03df3000-7f0d03df4000 rw-p 00017000 08:01 2307                       /lib/x86_64-linux-gnu/libnsl-2.19.so
7f0d03df4000-7f0d03df6000 rw-p 00000000 00:00 0 
7f0d03df6000-7f0d03dff000 r-xp 00000000 08:01 2282                       /lib/x86_64-linux-gnu/libnss_compat-2.19.so
7f0d03dff000-7f0d03ffe000 ---p 00009000 08:01 2282                       /lib/x86_64-linux-gnu/libnss_compat-2.19.so
7f0d03ffe000-7f0d03fff000 r--p 00008000 08:01 2282                       /lib/x86_64-linux-gnu/libnss_compat-2.19.so
7f0d03fff000-7f0d04000000 rw-p 00009000 08:01 2282                       /lib/x86_64-linux-gnu/libnss_compat-2.19.so
7f0d04000000-7f0d04413000 rw-p 00000000 00:00 0 
7f0d04413000-7f0d08000000 ---p 00000000 00:00 0 
7f0d08003000-7f0d08052000 rw-p 00000000 00:00 0 
7f0d08052000-7f0d0807d000 r-xp 00000000 08:01 406005                     /usr/lib/jvm/java-8-oracle/jre/lib/amd64/libjava.so
7f0d0807d000-7f0d0827c000 ---p 0002b000 08:01 406005                     /usr/lib/jvm/java-8-oracle/jre/lib/amd64/libjava.so
7f0d0827c000-7f0d0827e000 rw-p 0002a000 08:01 406005                     /usr/lib/jvm/java-8-oracle/jre/lib/amd64/libjava.so
7f0d0827e000-7f0d0828b000 r-xp 00000000 08:01 405987                     /usr/lib/jvm/java-8-oracle/jre/lib/amd64/libverify.so
7f0d0828b000-7f0d0848a000 ---p 0000d000 08:01 405987                     /usr/lib/jvm/java-8-oracle/jre/lib/amd64/libverify.so
7f0d0848a000-7f0d0848c000 rw-p 0000c000 08:01 405987                     /usr/lib/jvm/java-8-oracle/jre/lib/amd64/libverify.so
7f0d0848c000-7f0d08493000 r-xp 00000000 08:01 2255                       /lib/x86_64-linux-gnu/librt-2.19.so
7f0d08493000-7f0d08692000 ---p 00007000 08:01 2255                       /lib/x86_64-linux-gnu/librt-2.19.so
7f0d08692000-7f0d08693000 r--p 00006000 08:01 2255                       /lib/x86_64-linux-gnu/librt-2.19.so
7f0d08693000-7f0d08694000 rw-p 00007000 08:01 2255                       /lib/x86_64-linux-gnu/librt-2.19.so
7f0d08694000-7f0d08799000 r-xp 00000000 08:01 2240                       /lib/x86_64-linux-gnu/libm-2.19.so
7f0d08799000-7f0d08998000 ---p 00105000 08:01 2240                       /lib/x86_64-linux-gnu/libm-2.19.so
7f0d08998000-7f0d08999000 r--p 00104000 08:01 2240                       /lib/x86_64-linux-gnu/libm-2.19.so
7f0d08999000-7f0d0899a000 rw-p 00105000 08:01 2240                       /lib/x86_64-linux-gnu/libm-2.19.so
7f0d0899a000-7f0d09668000 r-xp 00000000 08:01 405999                     /usr/lib/jvm/java-8-oracle/jre/lib/amd64/server/libjvm.so
7f0d09668000-7f0d09868000 ---p 00cce000 08:01 405999                     /usr/lib/jvm/java-8-oracle/jre/lib/amd64/server/libjvm.so
7f0d09868000-7f0d09941000 rw-p 00cce000 08:01 405999                     /usr/lib/jvm/java-8-oracle/jre/lib/amd64/server/libjvm.so
7f0d09941000-7f0d0998c000 rw-p 00000000 00:00 0 
7f0d0998c000-7f0d09b46000 r-xp 00000000 08:01 2302                       /lib/x86_64-linux-gnu/libc-2.19.so
7f0d09b46000-7f0d09d46000 ---p 001ba000 08:01 2302                       /lib/x86_64-linux-gnu/libc-2.19.so
7f0d09d46000-7f0d09d4a000 r--p 001ba000 08:01 2302                       /lib/x86_64-linux-gnu/libc-2.19.so
7f0d09d4a000-7f0d09d4c000 rw-p 001be000 08:01 2302                       /lib/x86_64-linux-gnu/libc-2.19.so
7f0d09d4c000-7f0d09d51000 rw-p 00000000 00:00 0 
7f0d09d51000-7f0d09d54000 r-xp 00000000 08:01 2147                       /lib/x86_64-linux-gnu/libdl-2.19.so
7f0d09d54000-7f0d09f53000 ---p 00003000 08:01 2147                       /lib/x86_64-linux-gnu/libdl-2.19.so
7f0d09f53000-7f0d09f54000 r--p 00002000 08:01 2147                       /lib/x86_64-linux-gnu/libdl-2.19.so
7f0d09f54000-7f0d09f55000 rw-p 00003000 08:01 2147                       /lib/x86_64-linux-gnu/libdl-2.19.so
7f0d09f55000-7f0d09f6a000 r-xp 00000000 08:01 405992                     /usr/lib/jvm/java-8-oracle/jre/lib/amd64/jli/libjli.so
7f0d09f6a000-7f0d0a16a000 ---p 00015000 08:01 405992                     /usr/lib/jvm/java-8-oracle/jre/lib/amd64/jli/libjli.so
7f0d0a16a000-7f0d0a16b000 rw-p 00015000 08:01 405992                     /usr/lib/jvm/java-8-oracle/jre/lib/amd64/jli/libjli.so
7f0d0a16b000-7f0d0a184000 r-xp 00000000 08:01 2311                       /lib/x86_64-linux-gnu/libpthread-2.19.so
7f0d0a184000-7f0d0a383000 ---p 00019000 08:01 2311                       /lib/x86_64-linux-gnu/libpthread-2.19.so
7f0d0a383000-7f0d0a384000 r--p 00018000 08:01 2311                       /lib/x86_64-linux-gnu/libpthread-2.19.so
7f0d0a384000-7f0d0a385000 rw-p 00019000 08:01 2311                       /lib/x86_64-linux-gnu/libpthread-2.19.so
7f0d0a385000-7f0d0a389000 rw-p 00000000 00:00 0 
7f0d0a389000-7f0d0a3ac000 r-xp 00000000 08:01 2308                       /lib/x86_64-linux-gnu/ld-2.19.so
7f0d0a3ae000-7f0d0a3b3000 r--s 01a5e000 00:23 1436                       /vagrant_data/week4-for-students/dashboard/target/dashboard-1.0.0.BUILD-SNAPSHOT.jar
7f0d0a3b3000-7f0d0a498000 rw-p 00000000 00:00 0 
7f0d0a498000-7f0d0a49b000 ---p 00000000 00:00 0 
7f0d0a49b000-7f0d0a59d000 rw-p 00000000 00:00 0                          [stack:8162]
7f0d0a59e000-7f0d0a59f000 rw-p 00000000 00:00 0 
7f0d0a59f000-7f0d0a5a7000 rw-s 00000000 08:01 410188                     /tmp/hsperfdata_vagrant/8161
7f0d0a5a7000-7f0d0a5a8000 rw-p 00000000 00:00 0 
7f0d0a5a8000-7f0d0a5a9000 ---p 00000000 00:00 0 
7f0d0a5a9000-7f0d0a5ab000 rw-p 00000000 00:00 0 
7f0d0a5ab000-7f0d0a5ac000 r--p 00022000 08:01 2308                       /lib/x86_64-linux-gnu/ld-2.19.so
7f0d0a5ac000-7f0d0a5ad000 rw-p 00023000 08:01 2308                       /lib/x86_64-linux-gnu/ld-2.19.so
7f0d0a5ad000-7f0d0a5ae000 rw-p 00000000 00:00 0 
7ffd5b975000-7ffd5b996000 rw-p 00000000 00:00 0                          [stack]
7ffd5b997000-7ffd5b999000 r-xp 00000000 00:00 0                          [vdso]
ffffffffff600000-ffffffffff601000 r-xp 00000000 00:00 0                  [vsyscall]

VM Arguments:
java_command: dashboard/target/dashboard-1.0.0.BUILD-SNAPSHOT.jar
java_class_path (initial): dashboard/target/dashboard-1.0.0.BUILD-SNAPSHOT.jar
Launcher Type: SUN_STANDARD

Environment Variables:
JAVA_HOME=/usr/lib/jvm/java-8-oracle
PATH=/usr/local/sbin:/usr/local/bin:/usr/sbin:/usr/bin:/sbin:/bin:/usr/games:/usr/local/games:/usr/lib/jvm/java-8-oracle/bin:/usr/lib/jvm/java-8-oracle/db/bin:/usr/lib/jvm/java-8-oracle/jre/bin
SHELL=/bin/zsh
DISPLAY=:0.0

Signal Handlers:
SIGSEGV: [libjvm.so+0xac78c0], sa_mask[0]=11111111011111111101111111111110, sa_flags=SA_RESTART|SA_SIGINFO
SIGBUS: [libjvm.so+0xac78c0], sa_mask[0]=11111111011111111101111111111110, sa_flags=SA_RESTART|SA_SIGINFO
SIGFPE: [libjvm.so+0x920ac0], sa_mask[0]=11111111011111111101111111111110, sa_flags=SA_RESTART|SA_SIGINFO
SIGPIPE: [libjvm.so+0x920ac0], sa_mask[0]=11111111011111111101111111111110, sa_flags=SA_RESTART|SA_SIGINFO
SIGXFSZ: [libjvm.so+0x920ac0], sa_mask[0]=11111111011111111101111111111110, sa_flags=SA_RESTART|SA_SIGINFO
SIGILL: [libjvm.so+0x920ac0], sa_mask[0]=11111111011111111101111111111110, sa_flags=SA_RESTART|SA_SIGINFO
SIGUSR1: SIG_DFL, sa_mask[0]=00000000000000000000000000000000, sa_flags=none
SIGUSR2: [libjvm.so+0x922300], sa_mask[0]=00000000000000000000000000000000, sa_flags=SA_RESTART|SA_SIGINFO
SIGHUP: [libjvm.so+0x923700], sa_mask[0]=11111111011111111101111111111110, sa_flags=SA_RESTART|SA_SIGINFO
SIGINT: [libjvm.so+0x923700], sa_mask[0]=11111111011111111101111111111110, sa_flags=SA_RESTART|SA_SIGINFO
SIGTERM: [libjvm.so+0x923700], sa_mask[0]=11111111011111111101111111111110, sa_flags=SA_RESTART|SA_SIGINFO
SIGQUIT: [libjvm.so+0x923700], sa_mask[0]=11111111011111111101111111111110, sa_flags=SA_RESTART|SA_SIGINFO


---------------  S Y S T E M  ---------------

OS:DISTRIB_ID=Ubuntu
DISTRIB_RELEASE=14.04
DISTRIB_CODENAME=trusty
DISTRIB_DESCRIPTION="Ubuntu 14.04.5 LTS"

uname:Linux 3.13.0-112-generic #159-Ubuntu SMP Fri Mar 3 15:26:07 UTC 2017 x86_64
libc:glibc 2.19 NPTL 2.19 
rlimit: STACK 8192k, CORE 0k, NPROC 31455, NOFILE 4096, AS infinity
load average:0.43 0.54 0.92

/proc/meminfo:
MemTotal:        4048176 kB
MemFree:          119256 kB
Buffers:            1732 kB
Cached:           106264 kB
SwapCached:            0 kB
Active:          3737212 kB
Inactive:          72936 kB
Active(anon):    3702380 kB
Inactive(anon):    35036 kB
Active(file):      34832 kB
Inactive(file):    37900 kB
Unevictable:          32 kB
Mlocked:              32 kB
SwapTotal:             0 kB
SwapFree:              0 kB
Dirty:               176 kB
Writeback:             0 kB
AnonPages:       3702092 kB
Mapped:            95624 kB
Shmem:             35312 kB
Slab:              49436 kB
SReclaimable:      26904 kB
SUnreclaim:        22532 kB
KernelStack:        4984 kB
PageTables:        26456 kB
NFS_Unstable:          0 kB
Bounce:                0 kB
WritebackTmp:          0 kB
CommitLimit:     2024088 kB
Committed_AS:    5949104 kB
VmallocTotal:   34359738367 kB
VmallocUsed:       14280 kB
VmallocChunk:   34359718908 kB
HardwareCorrupted:     0 kB
AnonHugePages:   2217984 kB
HugePages_Total:       0
HugePages_Free:        0
HugePages_Rsvd:        0
HugePages_Surp:        0
Hugepagesize:       2048 kB
DirectMap4k:       59328 kB
DirectMap2M:     4134912 kB


CPU:total 2 (2 cores per cpu, 1 threads per core) family 6 model 70 stepping 1, cmov, cx8, fxsr, mmx, sse, sse2, sse3, ssse3, sse4.1, sse4.2, popcnt, avx, avx2, aes, clmul, lzcnt, tsc, tscinvbit

/proc/cpuinfo:
processor	: 0
vendor_id	: GenuineIntel
cpu family	: 6
model		: 70
model name	: Intel(R) Core(TM) i7-4870HQ CPU @ 2.50GHz
stepping	: 1
cpu MHz		: 2494.188
cache size	: 6144 KB
physical id	: 0
siblings	: 2
core id		: 0
cpu cores	: 2
apicid		: 0
initial apicid	: 0
fpu		: yes
fpu_exception	: yes
cpuid level	: 13
wp		: yes
flags		: fpu vme de pse tsc msr pae mce cx8 apic sep mtrr pge mca cmov pat pse36 clflush mmx fxsr sse sse2 ht syscall nx rdtscp lm constant_tsc rep_good nopl xtopology nonstop_tsc pni pclmulqdq ssse3 cx16 pcid sse4_1 sse4_2 movbe popcnt aes xsave avx rdrand lahf_lm abm fsgsbase avx2 invpcid
bogomips	: 4988.37
clflush size	: 64
cache_alignment	: 64
address sizes	: 39 bits physical, 48 bits virtual
power management:

processor	: 1
vendor_id	: GenuineIntel
cpu family	: 6
model		: 70
model name	: Intel(R) Core(TM) i7-4870HQ CPU @ 2.50GHz
stepping	: 1
cpu MHz		: 2494.188
cache size	: 6144 KB
physical id	: 0
siblings	: 2
core id		: 1
cpu cores	: 2
apicid		: 1
initial apicid	: 1
fpu		: yes
fpu_exception	: yes
cpuid level	: 13
wp		: yes
flags		: fpu vme de pse tsc msr pae mce cx8 apic sep mtrr pge mca cmov pat pse36 clflush mmx fxsr sse sse2 ht syscall nx rdtscp lm constant_tsc rep_good nopl xtopology nonstop_tsc pni pclmulqdq ssse3 cx16 pcid sse4_1 sse4_2 movbe popcnt aes xsave avx rdrand lahf_lm abm fsgsbase avx2 invpcid
bogomips	: 4988.37
clflush size	: 64
cache_alignment	: 64
address sizes	: 39 bits physical, 48 bits virtual
power management:



Memory: 4k page, physical 4048176k(119256k free), swap 0k(0k free)

vm_info: Java HotSpot(TM) 64-Bit Server VM (25.121-b13) for linux-amd64 JRE (1.8.0_121-b13), built on Dec 12 2016 16:36:53 by "java_re" with gcc 4.3.0 20080428 (Red Hat 4.3.0-8)

time: Sun Jun  9 13:19:42 2019
elapsed time: 7 seconds (0d 0h 0m 7s)

