#
# There is insufficient memory for the Java Runtime Environment to continue.
# Native memory allocation (mmap) failed to map 30408704 bytes for committing reserved memory.
# Possible reasons:
#   The system is out of physical RAM or swap space
#   In 32 bit mode, the process size limit was hit
# Possible solutions:
#   Reduce memory load on the system
#   Increase physical memory or swap space
#   Check if swap backing store is full
#   Use 64 bit Java on a 64 bit OS
#   Decrease Java heap size (-Xmx/-Xms)
#   Decrease number of Java threads
#   Decrease Java thread stack sizes (-Xss)
#   Set larger code cache with -XX:ReservedCodeCacheSize=
# This output file may be truncated or incomplete.
#
#  Out of Memory Error (os_linux.cpp:2627), pid=6566, tid=0x00007fb74c389700
#
# JRE version: Java(TM) SE Runtime Environment (8.0_111-b14) (build 1.8.0_111-b14)
# Java VM: Java HotSpot(TM) 64-Bit Server VM (25.111-b14 mixed mode linux-amd64 compressed oops)
# Failed to write core dump. Core dumps have been disabled. To enable core dumping, try "ulimit -c unlimited" before starting Java again
#

---------------  T H R E A D  ---------------

Current thread (0x00007fb7600fa800):  VMThread [stack: 0x00007fb74c289000,0x00007fb74c38a000] [id=6570]

Stack: [0x00007fb74c289000,0x00007fb74c38a000],  sp=0x00007fb74c388140,  free space=1020k
Native frames: (J=compiled Java code, j=interpreted, Vv=VM code, C=native code)
V  [libjvm.so+0xac5c2a]  VMError::report_and_die()+0x2ba
V  [libjvm.so+0x4fc50b]  report_vm_out_of_memory(char const*, int, unsigned long, VMErrorType, char const*)+0x8b
V  [libjvm.so+0x922ae3]  os::Linux::commit_memory_impl(char*, unsigned long, bool)+0x103
V  [libjvm.so+0x923039]  os::pd_commit_memory(char*, unsigned long, unsigned long, bool)+0x29
V  [libjvm.so+0x91d33a]  os::commit_memory(char*, unsigned long, unsigned long, bool)+0x2a
V  [libjvm.so+0x991ac3]  PSVirtualSpace::expand_by(unsigned long)+0x53
V  [libjvm.so+0x982380]  PSOldGen::expand(unsigned long)+0x170
V  [libjvm.so+0x98258b]  PSOldGen::resize(unsigned long)+0x1cb
V  [libjvm.so+0x98a291]  PSParallelCompact::invoke_no_policy(bool)+0x991
V  [libjvm.so+0x98a583]  PSParallelCompact::invoke(bool)+0x63
V  [libjvm.so+0x482fb4]  CollectedHeap::collect_as_vm_thread(GCCause::Cause)+0x114
V  [libjvm.so+0xac70a1]  VM_CollectForMetadataAllocation::doit()+0x161
V  [libjvm.so+0xacf125]  VM_Operation::evaluate()+0x55
V  [libjvm.so+0xacd4fa]  VMThread::evaluate_operation(VM_Operation*)+0xba
V  [libjvm.so+0xacd87e]  VMThread::loop()+0x1ce
V  [libjvm.so+0xacdcf0]  VMThread::run()+0x70
V  [libjvm.so+0x924ea8]  java_start(Thread*)+0x108

VM_Operation (0x00007fb73fc72980): CollectForMetadataAllocation, mode: safepoint, requested by thread 0x00007fb76013e800


---------------  P R O C E S S  ---------------

Java Threads: ( => current thread )
  0x00007fb738006800 JavaThread "http-nio-9000-exec-3" daemon [_thread_blocked, id=9075, stack(0x00007fb70adf4000,0x00007fb70aef5000)]
  0x00007fb744046000 JavaThread "http-nio-9000-exec-2" daemon [_thread_blocked, id=8894, stack(0x00007fb70aef5000,0x00007fb70aff6000)]
  0x00007fb74403d800 JavaThread "http-nio-9000-exec-1" daemon [_thread_blocked, id=8891, stack(0x00007fb73f668000,0x00007fb73f769000)]
  0x00007fb721d04800 JavaThread "pool-5-thread-1" [_thread_blocked, id=6630, stack(0x00007fb73f567000,0x00007fb73f668000)]
  0x00007fb7041e2800 JavaThread "pool-6-thread-1" [_thread_blocked, id=6629, stack(0x00007fb73f466000,0x00007fb73f567000)]
  0x00007fb720b46000 JavaThread "http-nio-9000-Acceptor-0" daemon [_thread_in_native, id=6610, stack(0x00007fb70b3f6000,0x00007fb70b4f7000)]
  0x00007fb72121a000 JavaThread "http-nio-9000-ClientPoller-1" daemon [_thread_blocked, id=6609, stack(0x00007fb70b4f7000,0x00007fb70b5f8000)]
  0x00007fb7209c1800 JavaThread "http-nio-9000-ClientPoller-0" daemon [_thread_blocked, id=6608, stack(0x00007fb70b5f8000,0x00007fb70b6f9000)]
  0x00007fb722242800 JavaThread "NioBlockingSelector.BlockPoller-1" daemon [_thread_blocked, id=6607, stack(0x00007fb70b6f9000,0x00007fb70b7fa000)]
  0x00007fb724a1d800 JavaThread "ServoPollScheduler-1" daemon [_thread_blocked, id=6604, stack(0x00007fb70b9fa000,0x00007fb70bafb000)]
  0x00007fb724b1d000 JavaThread "ServoMonitorGetValueLimiter-0" daemon [_thread_blocked, id=6603, stack(0x00007fb70bafb000,0x00007fb70bbfc000)]
  0x00007fb72059e800 JavaThread "ServoPollScheduler-0" daemon [_thread_blocked, id=6602, stack(0x00007fb70bbfc000,0x00007fb70bcfd000)]
  0x00007fb723d1f800 JavaThread "DiscoveryClient-InstanceInfoReplicator-0" daemon [_thread_blocked, id=6601, stack(0x00007fb70bcfd000,0x00007fb70bdfe000)]
  0x00007fb723cee800 JavaThread "DiscoveryClient-2" daemon [_thread_blocked, id=6600, stack(0x00007fb70bdfe000,0x00007fb70beff000)]
  0x00007fb723ce2000 JavaThread "DiscoveryClient-1" daemon [_thread_blocked, id=6599, stack(0x00007fb70beff000,0x00007fb70c000000)]
  0x00007fb721e6f000 JavaThread "Eureka-JerseyClient-Conn-Cleaner2" daemon [_thread_blocked, id=6598, stack(0x00007fb73c2d8000,0x00007fb73c3d9000)]
  0x00007fb721c1c800 JavaThread "DiscoveryClient-0" daemon [_thread_blocked, id=6597, stack(0x00007fb73ca36000,0x00007fb73cb37000)]
  0x00007fb7203de000 JavaThread "container-0" [_thread_blocked, id=6596, stack(0x00007fb73cd37000,0x00007fb73ce38000)]
  0x00007fb718d46800 JavaThread "ContainerBackgroundProcessor[StandardEngine[Tomcat].StandardHost[localhost].StandardContext[]]" daemon [_thread_blocked, id=6595, stack(0x00007fb73d238000,0x00007fb73d339000)]
  0x00007fb718f70000 JavaThread "Tomcat JDBC Pool Cleaner[821270929:1487209193047]" daemon [_thread_blocked, id=6593, stack(0x00007fb73db39000,0x00007fb73dc3a000)]
  0x00007fb760009800 JavaThread "DestroyJavaVM" [_thread_blocked, id=6567, stack(0x00007fb768511000,0x00007fb768612000)]
  0x00007fb760141800 JavaThread "Service Thread" daemon [_thread_blocked, id=6576, stack(0x00007fb73fa73000,0x00007fb73fb74000)]
  0x00007fb76013e800 JavaThread "C1 CompilerThread1" daemon [_thread_blocked, id=6575, stack(0x00007fb73fb74000,0x00007fb73fc75000)]
  0x00007fb76013b800 JavaThread "C2 CompilerThread0" daemon [_thread_blocked, id=6574, stack(0x00007fb73fc75000,0x00007fb73fd76000)]
  0x00007fb76013a800 JavaThread "Signal Dispatcher" daemon [_thread_blocked, id=6573, stack(0x00007fb73fd76000,0x00007fb73fe77000)]
  0x00007fb760107000 JavaThread "Finalizer" daemon [_thread_blocked, id=6572, stack(0x00007fb74c087000,0x00007fb74c188000)]
  0x00007fb760102000 JavaThread "Reference Handler" daemon [_thread_blocked, id=6571, stack(0x00007fb74c188000,0x00007fb74c289000)]

Other Threads:
=>0x00007fb7600fa800 VMThread [stack: 0x00007fb74c289000,0x00007fb74c38a000] [id=6570]
  0x00007fb760144800 WatcherThread [stack: 0x00007fb73f972000,0x00007fb73fa73000] [id=6577]

VM state:at safepoint (normal execution)

VM Mutex/Monitor currently owned by a thread:  ([mutex/lock_event])
[0x00007fb760005810] ExpandHeap_lock - owner thread: 0x00007fb7600fa800
[0x00007fb760005e90] Threads_lock - owner thread: 0x00007fb7600fa800
[0x00007fb760006390] Heap_lock - owner thread: 0x00007fb76013e800
[0x00007fb760006910] MethodData_lock - owner thread: 0x00007fb76013e800

Heap:
 PSYoungGen      total 663552K, used 0K [0x00000000d6600000, 0x0000000100000000, 0x0000000100000000)
  eden space 645120K, 0% used [0x00000000d6600000,0x00000000d6600000,0x00000000fdc00000)
  from space 18432K, 0% used [0x00000000fdc00000,0x00000000fdc00000,0x00000000fee00000)
  to   space 18432K, 0% used [0x00000000fee00000,0x00000000fee00000,0x0000000100000000)
 ParOldGen       total 101376K, used 41571K [0x0000000083200000, 0x0000000089500000, 0x00000000d6600000)
  object space 101376K, 41% used [0x0000000083200000,0x0000000085a98c48,0x0000000089500000)
 Metaspace       used 58023K, capacity 58628K, committed 59160K, reserved 1101824K
  class space    used 7226K, capacity 7368K, committed 7464K, reserved 1048576K

Card table byte_map: [0x00007fb764ece000,0x00007fb7652b6000] byte_map_base: 0x00007fb764ab5000

Marking Bits: (ParMarkBitMap*) 0x00007fb7679d8220
 Begin Bits: [0x00007fb74d190000, 0x00007fb74f0c8000)
 End Bits:   [0x00007fb74f0c8000, 0x00007fb751000000)

Polling page: 0x00007fb768621000

CodeCache: size=245760Kb used=20307Kb max_used=20315Kb free=225452Kb
 bounds [0x00007fb751000000, 0x00007fb752400000, 0x00007fb760000000]
 total_blobs=7211 nmethods=6688 adapters=435
 compilation: enabled

Compilation events (10 events):
Event: 6591.939 Thread 0x00007fb76013e800 nmethod 8133 0x00007fb751c72490 code [0x00007fb751c72620, 0x00007fb751c728f8]
Event: 6591.950 Thread 0x00007fb76013e800 8134       2       com.fasterxml.jackson.core.util.DefaultIndenter::writeIndentation (64 bytes)
Event: 6591.950 Thread 0x00007fb76013e800 nmethod 8134 0x00007fb7515b72d0 code [0x00007fb7515b7460, 0x00007fb7515b7708]
Event: 6591.950 Thread 0x00007fb76013e800 8135       2       com.fasterxml.jackson.core.json.UTF8JsonGenerator::_verifyValueWrite (167 bytes)
Event: 6591.952 Thread 0x00007fb76013e800 nmethod 8135 0x00007fb751ab4910 code [0x00007fb751ab4b20, 0x00007fb751ab5188]
Event: 6591.956 Thread 0x00007fb76013e800 8136       2       com.fasterxml.jackson.core.json.JsonWriteContext::writeFieldName (48 bytes)
Event: 6591.956 Thread 0x00007fb76013e800 nmethod 8136 0x00007fb751e801d0 code [0x00007fb751e80340, 0x00007fb751e80528]
Event: 6591.957 Thread 0x00007fb76013e800 8137       2       com.fasterxml.jackson.core.util.DefaultPrettyPrinter::writeObjectFieldValueSeparator (23 bytes)
Event: 6591.958 Thread 0x00007fb76013e800 nmethod 8137 0x00007fb751e7fd10 code [0x00007fb751e7fe80, 0x00007fb751e80058]
Event: 6591.958 Thread 0x00007fb76013e800 8138       2       com.fasterxml.jackson.core.json.UTF8JsonGenerator::writeFieldName (198 bytes)

GC Heap History (10 events):
Event: 21.568 GC heap after
Heap after GC invocations=15 (full 2):
 PSYoungGen      total 666624K, used 8402K [0x00000000d6600000, 0x00000000fff80000, 0x0000000100000000)
  eden space 651776K, 0% used [0x00000000d6600000,0x00000000d6600000,0x00000000fe280000)
  from space 14848K, 56% used [0x00000000fe280000,0x00000000feab4968,0x00000000ff100000)
  to   space 14336K, 0% used [0x00000000ff180000,0x00000000ff180000,0x00000000fff80000)
 ParOldGen       total 101376K, used 35064K [0x0000000083200000, 0x0000000089500000, 0x00000000d6600000)
  object space 101376K, 34% used [0x0000000083200000,0x000000008543e0d0,0x0000000089500000)
 Metaspace       used 42508K, capacity 42872K, committed 43304K, reserved 1087488K
  class space    used 5425K, capacity 5547K, committed 5672K, reserved 1048576K
}
Event: 24.238 GC heap before
{Heap before GC invocations=16 (full 2):
 PSYoungGen      total 666624K, used 660178K [0x00000000d6600000, 0x00000000fff80000, 0x0000000100000000)
  eden space 651776K, 100% used [0x00000000d6600000,0x00000000fe280000,0x00000000fe280000)
  from space 14848K, 56% used [0x00000000fe280000,0x00000000feab4968,0x00000000ff100000)
  to   space 14336K, 0% used [0x00000000ff180000,0x00000000ff180000,0x00000000fff80000)
 ParOldGen       total 101376K, used 35064K [0x0000000083200000, 0x0000000089500000, 0x00000000d6600000)
  object space 101376K, 34% used [0x0000000083200000,0x000000008543e0d0,0x0000000089500000)
 Metaspace       used 49311K, capacity 49802K, committed 50216K, reserved 1093632K
  class space    used 6336K, capacity 6433K, committed 6440K, reserved 1048576K
Event: 24.333 GC heap after
Heap after GC invocations=16 (full 2):
 PSYoungGen      total 665600K, used 12734K [0x00000000d6600000, 0x0000000100000000, 0x0000000100000000)
  eden space 651264K, 0% used [0x00000000d6600000,0x00000000d6600000,0x00000000fe200000)
  from space 14336K, 88% used [0x00000000ff180000,0x00000000ffdefb58,0x00000000fff80000)
  to   space 15360K, 0% used [0x00000000fe200000,0x00000000fe200000,0x00000000ff100000)
 ParOldGen       total 101376K, used 35072K [0x0000000083200000, 0x0000000089500000, 0x00000000d6600000)
  object space 101376K, 34% used [0x0000000083200000,0x00000000854400d0,0x0000000089500000)
 Metaspace       used 49311K, capacity 49802K, committed 50216K, reserved 1093632K
  class space    used 6336K, capacity 6433K, committed 6440K, reserved 1048576K
}
Event: 25.695 GC heap before
{Heap before GC invocations=17 (full 2):
 PSYoungGen      total 665600K, used 663998K [0x00000000d6600000, 0x0000000100000000, 0x0000000100000000)
  eden space 651264K, 100% used [0x00000000d6600000,0x00000000fe200000,0x00000000fe200000)
  from space 14336K, 88% used [0x00000000ff180000,0x00000000ffdefb58,0x00000000fff80000)
  to   space 15360K, 0% used [0x00000000fe200000,0x00000000fe200000,0x00000000ff100000)
 ParOldGen       total 101376K, used 35072K [0x0000000083200000, 0x0000000089500000, 0x00000000d6600000)
  object space 101376K, 34% used [0x0000000083200000,0x00000000854400d0,0x0000000089500000)
 Metaspace       used 51150K, capacity 51634K, committed 52136K, reserved 1095680K
  class space    used 6570K, capacity 6697K, committed 6824K, reserved 1048576K
Event: 25.726 GC heap after
Heap after GC invocations=17 (full 2):
 PSYoungGen      total 666624K, used 14894K [0x00000000d6600000, 0x0000000100000000, 0x0000000100000000)
  eden space 651264K, 0% used [0x00000000d6600000,0x00000000d6600000,0x00000000fe200000)
  from space 15360K, 96% used [0x00000000fe200000,0x00000000ff08b850,0x00000000ff100000)
  to   space 15360K, 0% used [0x00000000ff100000,0x00000000ff100000,0x0000000100000000)
 ParOldGen       total 101376K, used 35072K [0x0000000083200000, 0x0000000089500000, 0x00000000d6600000)
  object space 101376K, 34% used [0x0000000083200000,0x00000000854400d0,0x0000000089500000)
 Metaspace       used 51150K, capacity 51634K, committed 52136K, reserved 1095680K
  class space    used 6570K, capacity 6697K, committed 6824K, reserved 1048576K
}
Event: 967.193 GC heap before
{Heap before GC invocations=18 (full 2):
 PSYoungGen      total 666624K, used 666158K [0x00000000d6600000, 0x0000000100000000, 0x0000000100000000)
  eden space 651264K, 100% used [0x00000000d6600000,0x00000000fe200000,0x00000000fe200000)
  from space 15360K, 96% used [0x00000000fe200000,0x00000000ff08b850,0x00000000ff100000)
  to   space 15360K, 0% used [0x00000000ff100000,0x00000000ff100000,0x0000000100000000)
 ParOldGen       total 101376K, used 35072K [0x0000000083200000, 0x0000000089500000, 0x00000000d6600000)
  object space 101376K, 34% used [0x0000000083200000,0x00000000854400d0,0x0000000089500000)
 Metaspace       used 53520K, capacity 54178K, committed 54440K, reserved 1097728K
  class space    used 6814K, capacity 6977K, committed 7080K, reserved 1048576K
Event: 967.240 GC heap after
Heap after GC invocations=18 (full 2):
 PSYoungGen      total 660480K, used 15336K [0x00000000d6600000, 0x0000000100000000, 0x0000000100000000)
  eden space 645120K, 0% used [0x00000000d6600000,0x00000000d6600000,0x00000000fdc00000)
  from space 15360K, 99% used [0x00000000ff100000,0x00000000ffffa2f8,0x0000000100000000)
  to   space 18432K, 0% used [0x00000000fdc00000,0x00000000fdc00000,0x00000000fee00000)
 ParOldGen       total 101376K, used 35144K [0x0000000083200000, 0x0000000089500000, 0x00000000d6600000)
  object space 101376K, 34% used [0x0000000083200000,0x0000000085452220,0x0000000089500000)
 Metaspace       used 53520K, capacity 54178K, committed 54440K, reserved 1097728K
  class space    used 6814K, capacity 6977K, committed 7080K, reserved 1048576K
}
Event: 6591.969 GC heap before
{Heap before GC invocations=19 (full 2):
 PSYoungGen      total 660480K, used 621358K [0x00000000d6600000, 0x0000000100000000, 0x0000000100000000)
  eden space 645120K, 93% used [0x00000000d6600000,0x00000000fb5d1610,0x00000000fdc00000)
  from space 15360K, 99% used [0x00000000ff100000,0x00000000ffffa2f8,0x0000000100000000)
  to   space 18432K, 0% used [0x00000000fdc00000,0x00000000fdc00000,0x00000000fee00000)
 ParOldGen       total 101376K, used 35144K [0x0000000083200000, 0x0000000089500000, 0x00000000d6600000)
  object space 101376K, 34% used [0x0000000083200000,0x0000000085452220,0x0000000089500000)
 Metaspace       used 58278K, capacity 59034K, committed 59160K, reserved 1101824K
  class space    used 7266K, capacity 7441K, committed 7464K, reserved 1048576K
Event: 6592.116 GC heap after
Heap after GC invocations=19 (full 2):
 PSYoungGen      total 663552K, used 11782K [0x00000000d6600000, 0x0000000100000000, 0x0000000100000000)
  eden space 645120K, 0% used [0x00000000d6600000,0x00000000d6600000,0x00000000fdc00000)
  from space 18432K, 63% used [0x00000000fdc00000,0x00000000fe7819e8,0x00000000fee00000)
  to   space 18432K, 0% used [0x00000000fee00000,0x00000000fee00000,0x0000000100000000)
 ParOldGen       total 101376K, used 42915K [0x0000000083200000, 0x0000000089500000, 0x00000000d6600000)
  object space 101376K, 42% used [0x0000000083200000,0x0000000085be8ff8,0x0000000089500000)
 Metaspace       used 58278K, capacity 59034K, committed 59160K, reserved 1101824K
  class space    used 7266K, capacity 7441K, committed 7464K, reserved 1048576K
}
Event: 6592.118 GC heap before
{Heap before GC invocations=20 (full 3):
 PSYoungGen      total 663552K, used 11782K [0x00000000d6600000, 0x0000000100000000, 0x0000000100000000)
  eden space 645120K, 0% used [0x00000000d6600000,0x00000000d6600000,0x00000000fdc00000)
  from space 18432K, 63% used [0x00000000fdc00000,0x00000000fe7819e8,0x00000000fee00000)
  to   space 18432K, 0% used [0x00000000fee00000,0x00000000fee00000,0x0000000100000000)
 ParOldGen       total 101376K, used 42915K [0x0000000083200000, 0x0000000089500000, 0x00000000d6600000)
  object space 101376K, 42% used [0x0000000083200000,0x0000000085be8ff8,0x0000000089500000)
 Metaspace       used 58278K, capacity 59034K, committed 59160K, reserved 1101824K
  class space    used 7266K, capacity 7441K, committed 7464K, reserved 1048576K

Deoptimization events (10 events):
Event: 6585.817 Thread 0x00007fb738006800 Uncommon trap: reason=unstable_if action=reinterpret pc=0x00007fb751774fbc method=java.util.StringTokenizer.scanToken(I)I @ 96
Event: 6585.882 Thread 0x00007fb738006800 Uncommon trap: reason=unstable_if action=reinterpret pc=0x00007fb7521c2094 method=java.lang.reflect.Field.get(Ljava/lang/Object;)Ljava/lang/Object; @ 4
Event: 6585.981 Thread 0x00007fb738006800 Uncommon trap: reason=unstable_if action=reinterpret pc=0x00007fb75115efe0 method=java.lang.CharacterData.of(I)Ljava/lang/CharacterData; @ 4
Event: 6586.639 Thread 0x00007fb738006800 Uncommon trap: reason=unstable_if action=reinterpret pc=0x00007fb751453e30 method=java.lang.String.indexOf([CII[CIII)I @ 27
Event: 6586.639 Thread 0x00007fb738006800 Uncommon trap: reason=unstable_if action=reinterpret pc=0x00007fb751451964 method=java.lang.String.indexOf([CII[CIII)I @ 27
Event: 6587.090 Thread 0x00007fb738006800 Uncommon trap: reason=unstable_if action=reinterpret pc=0x00007fb7511c6f14 method=java.lang.String.indexOf([CII[CIII)I @ 27
Event: 6587.090 Thread 0x00007fb738006800 Uncommon trap: reason=class_check action=maybe_recompile pc=0x00007fb75132e0c4 method=java.util.Collections$UnmodifiableCollection.size()I @ 4
Event: 6587.262 Thread 0x00007fb738006800 Uncommon trap: reason=class_check action=maybe_recompile pc=0x00007fb75132e0c4 method=java.util.Collections$UnmodifiableCollection.size()I @ 4
Event: 6587.263 Thread 0x00007fb738006800 Uncommon trap: reason=class_check action=maybe_recompile pc=0x00007fb7521e4d04 method=org.h2.command.CommandContainer.getParameters()Ljava/util/ArrayList; @ 4
Event: 6588.103 Thread 0x00007fb738006800 Uncommon trap: reason=class_check action=maybe_recompile pc=0x00007fb75132e0c4 method=java.util.Collections$UnmodifiableCollection.size()I @ 4

Internal exceptions (10 events):
Event: 6505.628 Thread 0x00007fb74403d800 Exception <a 'java/lang/ClassNotFoundException': org/springframework/web/servlet/support/AbstractFlashMapManagerCustomizer> (0x00000000ed0f0470) thrown at [/HUDSON3/workspace/8-2-build-linux-amd64/jdk8u111/7883/hotspot/src/share/vm/classfile/systemDiction
Event: 6505.630 Thread 0x00007fb74403d800 Exception <a 'java/lang/ClassNotFoundException': org/springframework/web/servlet/support/SessionFlashMapManagerCustomizer> (0x00000000ed29f9e0) thrown at [/HUDSON3/workspace/8-2-build-linux-amd64/jdk8u111/7883/hotspot/src/share/vm/classfile/systemDictiona
Event: 6505.887 Thread 0x00007fb74403d800 Exception <a 'java/lang/ClassNotFoundException': java/lang/ObjectCustomizer> (0x00000000eef28fc8) thrown at [/HUDSON3/workspace/8-2-build-linux-amd64/jdk8u111/7883/hotspot/src/share/vm/classfile/systemDictionary.cpp, line 210]
Event: 6505.888 Thread 0x00007fb74403d800 Exception <a 'java/lang/ClassNotFoundException': demo/LocationCustomizer> (0x00000000ef072068) thrown at [/HUDSON3/workspace/8-2-build-linux-amd64/jdk8u111/7883/hotspot/src/share/vm/classfile/systemDictionary.cpp, line 210]
Event: 6506.823 Thread 0x00007fb7041e2800 Exception <a 'java/net/SocketTimeoutException': Read timed out> (0x00000000e9448ff8) thrown at [/HUDSON3/workspace/8-2-build-linux-amd64/jdk8u111/7883/hotspot/src/share/vm/prims/jni.cpp, line 735]
Event: 6506.823 Thread 0x00007fb721d04800 Exception <a 'java/net/SocketTimeoutException': Read timed out> (0x00000000e7b57e18) thrown at [/HUDSON3/workspace/8-2-build-linux-amd64/jdk8u111/7883/hotspot/src/share/vm/prims/jni.cpp, line 735]
Event: 6536.845 Thread 0x00007fb721d04800 Exception <a 'java/net/SocketTimeoutException': Read timed out> (0x00000000e7b62488) thrown at [/HUDSON3/workspace/8-2-build-linux-amd64/jdk8u111/7883/hotspot/src/share/vm/prims/jni.cpp, line 735]
Event: 6536.845 Thread 0x00007fb7041e2800 Exception <a 'java/net/SocketTimeoutException': Read timed out> (0x00000000e9451948) thrown at [/HUDSON3/workspace/8-2-build-linux-amd64/jdk8u111/7883/hotspot/src/share/vm/prims/jni.cpp, line 735]
Event: 6566.885 Thread 0x00007fb721d04800 Exception <a 'java/net/SocketTimeoutException': Read timed out> (0x00000000e7b6caf8) thrown at [/HUDSON3/workspace/8-2-build-linux-amd64/jdk8u111/7883/hotspot/src/share/vm/prims/jni.cpp, line 735]
Event: 6566.885 Thread 0x00007fb7041e2800 Exception <a 'java/net/SocketTimeoutException': Read timed out> (0x00000000e945a298) thrown at [/HUDSON3/workspace/8-2-build-linux-amd64/jdk8u111/7883/hotspot/src/share/vm/prims/jni.cpp, line 735]

Events (10 events):
Event: 6591.737 Executing VM operation: RevokeBias done
Event: 6591.738 loading class org/springframework/hateoas/hal/Jackson2HalModule$HalLink
Event: 6591.738 loading class org/springframework/hateoas/hal/Jackson2HalModule$HalLink done
Event: 6591.763 loading class javax/xml/bind/annotation/XmlAttribute
Event: 6591.769 loading class javax/xml/bind/annotation/XmlAttribute done
Event: 6591.795 loading class javax/xml/bind/annotation/XmlTransient
Event: 6591.797 loading class javax/xml/bind/annotation/XmlTransient done
Event: 6591.862 loading class org/springframework/hateoas/hal/Jackson2HalModule$TrueOnlyBooleanSerializer
Event: 6591.862 loading class org/springframework/hateoas/hal/Jackson2HalModule$TrueOnlyBooleanSerializer done
Event: 6591.960 Executing VM operation: CollectForMetadataAllocation


Dynamic libraries:
00400000-00401000 r-xp 00000000 08:01 410724                             /usr/lib/jvm/java-8-oracle/jre/bin/java
00600000-00601000 rw-p 00000000 08:01 410724                             /usr/lib/jvm/java-8-oracle/jre/bin/java
0158c000-015ad000 rw-p 00000000 00:00 0                                  [heap]
83200000-89500000 rw-p 00000000 00:00 0 
8b200000-d6600000 ---p 00000000 00:00 0 
d6600000-100000000 rw-p 00000000 00:00 0 
100000000-10074a000 rw-p 00000000 00:00 0 
10074a000-140000000 ---p 00000000 00:00 0 
7fb704000000-7fb704665000 rw-p 00000000 00:00 0 
7fb704665000-7fb708000000 ---p 00000000 00:00 0 
7fb70abf4000-7fb70ac70000 rw-p 00000000 00:00 0 
7fb70ac70000-7fb70adf4000 ---p 00000000 00:00 0 
7fb70adf4000-7fb70adf7000 ---p 00000000 00:00 0 
7fb70adf7000-7fb70aef5000 rw-p 00000000 00:00 0                          [stack:9075]
7fb70aef5000-7fb70aef8000 ---p 00000000 00:00 0 
7fb70aef8000-7fb70b1f6000 rw-p 00000000 00:00 0                          [stack:8894]
7fb70b1f6000-7fb70b3f6000 rw-p 00000000 00:00 0 
7fb70b3f6000-7fb70b3f9000 ---p 00000000 00:00 0 
7fb70b3f9000-7fb70b4f7000 rw-p 00000000 00:00 0                          [stack:6610]
7fb70b4f7000-7fb70b4fa000 ---p 00000000 00:00 0 
7fb70b4fa000-7fb70b5f8000 rw-p 00000000 00:00 0                          [stack:6609]
7fb70b5f8000-7fb70b5fb000 ---p 00000000 00:00 0 
7fb70b5fb000-7fb70b6f9000 rw-p 00000000 00:00 0                          [stack:6608]
7fb70b6f9000-7fb70b6fc000 ---p 00000000 00:00 0 
7fb70b6fc000-7fb70b9fa000 rw-p 00000000 00:00 0                          [stack:6607]
7fb70b9fa000-7fb70b9fd000 ---p 00000000 00:00 0 
7fb70b9fd000-7fb70bafb000 rw-p 00000000 00:00 0                          [stack:6604]
7fb70bafb000-7fb70bafe000 ---p 00000000 00:00 0 
7fb70bafe000-7fb70bbfc000 rw-p 00000000 00:00 0                          [stack:6603]
7fb70bbfc000-7fb70bbff000 ---p 00000000 00:00 0 
7fb70bbff000-7fb70bcfd000 rw-p 00000000 00:00 0                          [stack:6602]
7fb70bcfd000-7fb70bd00000 ---p 00000000 00:00 0 
7fb70bd00000-7fb70bdfe000 rw-p 00000000 00:00 0                          [stack:6601]
7fb70bdfe000-7fb70be01000 ---p 00000000 00:00 0 
7fb70be01000-7fb70beff000 rw-p 00000000 00:00 0                          [stack:6600]
7fb70beff000-7fb70bf02000 ---p 00000000 00:00 0 
7fb70bf02000-7fb70c000000 rw-p 00000000 00:00 0                          [stack:6599]
7fb70c000000-7fb70d17d000 rw-p 00000000 00:00 0 
7fb70d17d000-7fb710000000 ---p 00000000 00:00 0 
7fb710000000-7fb71028e000 rw-p 00000000 00:00 0 
7fb71028e000-7fb714000000 ---p 00000000 00:00 0 
7fb714000000-7fb714a3d000 rw-p 00000000 00:00 0 
7fb714a3d000-7fb718000000 ---p 00000000 00:00 0 
7fb718000000-7fb71bffb000 rw-p 00000000 00:00 0 
7fb71bffb000-7fb71c000000 ---p 00000000 00:00 0 
7fb71c000000-7fb71c021000 rw-p 00000000 00:00 0 
7fb71c021000-7fb720000000 ---p 00000000 00:00 0 
7fb720000000-7fb723fff000 rw-p 00000000 00:00 0 
7fb723fff000-7fb724000000 ---p 00000000 00:00 0 
7fb724000000-7fb724d94000 rw-p 00000000 00:00 0 
7fb724d94000-7fb728000000 ---p 00000000 00:00 0 
7fb728000000-7fb7281dc000 rw-p 00000000 00:00 0 
7fb7281dc000-7fb72c000000 ---p 00000000 00:00 0 
7fb72c000000-7fb72c021000 rw-p 00000000 00:00 0 
7fb72c021000-7fb730000000 ---p 00000000 00:00 0 
7fb730000000-7fb731f51000 rw-p 00000000 00:00 0 
7fb731f51000-7fb734000000 ---p 00000000 00:00 0 
7fb734000000-7fb734021000 rw-p 00000000 00:00 0 
7fb734021000-7fb738000000 ---p 00000000 00:00 0 
7fb738000000-7fb738021000 rw-p 00000000 00:00 0 
7fb738021000-7fb73c000000 ---p 00000000 00:00 0 
7fb73c0d8000-7fb73c2d8000 rw-p 00000000 00:00 0 
7fb73c2d8000-7fb73c2db000 ---p 00000000 00:00 0 
7fb73c2db000-7fb73c5d9000 rw-p 00000000 00:00 0                          [stack:6598]
7fb73c5d9000-7fb73c5ef000 r-xp 00000000 08:01 3098                       /lib/x86_64-linux-gnu/libgcc_s.so.1
7fb73c5ef000-7fb73c7ee000 ---p 00016000 08:01 3098                       /lib/x86_64-linux-gnu/libgcc_s.so.1
7fb73c7ee000-7fb73c7ef000 rw-p 00015000 08:01 3098                       /lib/x86_64-linux-gnu/libgcc_s.so.1
7fb73c7ef000-7fb73c821000 r-xp 00000000 08:01 411016                     /usr/lib/jvm/java-8-oracle/jre/lib/amd64/libsunec.so
7fb73c821000-7fb73ca20000 ---p 00032000 08:01 411016                     /usr/lib/jvm/java-8-oracle/jre/lib/amd64/libsunec.so
7fb73ca20000-7fb73ca26000 rw-p 00031000 08:01 411016                     /usr/lib/jvm/java-8-oracle/jre/lib/amd64/libsunec.so
7fb73ca26000-7fb73ca36000 rw-p 00000000 00:00 0 
7fb73ca36000-7fb73ca39000 ---p 00000000 00:00 0 
7fb73ca39000-7fb73cd37000 rw-p 00000000 00:00 0                          [stack:6597]
7fb73cd37000-7fb73cd3a000 ---p 00000000 00:00 0 
7fb73cd3a000-7fb73d038000 rw-p 00000000 00:00 0                          [stack:6596]
7fb73d038000-7fb73d238000 rw-p 00000000 00:00 0 
7fb73d238000-7fb73d23b000 ---p 00000000 00:00 0 
7fb73d23b000-7fb73d539000 rw-p 00000000 00:00 0                          [stack:6595]
7fb73d539000-7fb73d739000 rw-p 00000000 00:00 0 
7fb73d739000-7fb73d939000 rw-p 00000000 00:00 0 
7fb73d939000-7fb73db39000 rw-p 00000000 00:00 0 
7fb73db39000-7fb73db3c000 ---p 00000000 00:00 0 
7fb73db3c000-7fb73de3a000 rw-p 00000000 00:00 0                          [stack:6593]
7fb73de3a000-7fb73e03a000 rw-p 00000000 00:00 0 
7fb73e03a000-7fb73e23a000 rw-p 00000000 00:00 0 
7fb73e23a000-7fb73e43a000 rw-p 00000000 00:00 0 
7fb73e43a000-7fb73e63a000 rw-p 00000000 00:00 0 
7fb73e63a000-7fb73e64b000 r-xp 00000000 08:01 411054                     /usr/lib/jvm/java-8-oracle/jre/lib/amd64/libnio.so
7fb73e64b000-7fb73e84a000 ---p 00011000 08:01 411054                     /usr/lib/jvm/java-8-oracle/jre/lib/amd64/libnio.so
7fb73e84a000-7fb73e84b000 rw-p 00010000 08:01 411054                     /usr/lib/jvm/java-8-oracle/jre/lib/amd64/libnio.so
7fb73e84b000-7fb73ea4b000 rw-p 00000000 00:00 0 
7fb73ea4b000-7fb73ec4b000 rw-p 00000000 00:00 0 
7fb73ec4b000-7fb73ee4b000 rw-p 00000000 00:00 0 
7fb73ee4b000-7fb73f04b000 rw-p 00000000 00:00 0 
7fb73f04b000-7fb73f04e000 r-xp 00000000 08:01 59140                      /lib/x86_64-linux-gnu/libnss_myhostname.so.2
7fb73f04e000-7fb73f24d000 ---p 00003000 08:01 59140                      /lib/x86_64-linux-gnu/libnss_myhostname.so.2
7fb73f24d000-7fb73f24e000 r--p 00002000 08:01 59140                      /lib/x86_64-linux-gnu/libnss_myhostname.so.2
7fb73f24e000-7fb73f24f000 rw-p 00003000 08:01 59140                      /lib/x86_64-linux-gnu/libnss_myhostname.so.2
7fb73f24f000-7fb73f265000 r-xp 00000000 08:01 411048                     /usr/lib/jvm/java-8-oracle/jre/lib/amd64/libnet.so
7fb73f265000-7fb73f465000 ---p 00016000 08:01 411048                     /usr/lib/jvm/java-8-oracle/jre/lib/amd64/libnet.so
7fb73f465000-7fb73f466000 rw-p 00016000 08:01 411048                     /usr/lib/jvm/java-8-oracle/jre/lib/amd64/libnet.so
7fb73f466000-7fb73f469000 ---p 00000000 00:00 0 
7fb73f469000-7fb73f567000 rw-p 00000000 00:00 0                          [stack:6629]
7fb73f567000-7fb73f56a000 ---p 00000000 00:00 0 
7fb73f56a000-7fb73f668000 rw-p 00000000 00:00 0                          [stack:6630]
7fb73f668000-7fb73f66b000 ---p 00000000 00:00 0 
7fb73f66b000-7fb73f769000 rw-p 00000000 00:00 0                          [stack:8891]
7fb73f769000-7fb73f772000 r-xp 00000000 08:01 411028                     /usr/lib/jvm/java-8-oracle/jre/lib/amd64/libmanagement.so
7fb73f772000-7fb73f971000 ---p 00009000 08:01 411028                     /usr/lib/jvm/java-8-oracle/jre/lib/amd64/libmanagement.so
7fb73f971000-7fb73f972000 rw-p 00008000 08:01 411028                     /usr/lib/jvm/java-8-oracle/jre/lib/amd64/libmanagement.so
7fb73f972000-7fb73f973000 ---p 00000000 00:00 0 
7fb73f973000-7fb73fa73000 rw-p 00000000 00:00 0                          [stack:6577]
7fb73fa73000-7fb73fa76000 ---p 00000000 00:00 0 
7fb73fa76000-7fb73fb74000 rw-p 00000000 00:00 0                          [stack:6576]
7fb73fb74000-7fb73fb77000 ---p 00000000 00:00 0 
7fb73fb77000-7fb73fc75000 rw-p 00000000 00:00 0                          [stack:6575]
7fb73fc75000-7fb73fc78000 ---p 00000000 00:00 0 
7fb73fc78000-7fb73fd76000 rw-p 00000000 00:00 0                          [stack:6574]
7fb73fd76000-7fb73fd79000 ---p 00000000 00:00 0 
7fb73fd79000-7fb73fe77000 rw-p 00000000 00:00 0                          [stack:6573]
7fb73fe77000-7fb740000000 r--p 00000000 08:01 48047                      /usr/lib/locale/locale-archive
7fb740000000-7fb74005d000 rw-p 00000000 00:00 0 
7fb74005d000-7fb744000000 ---p 00000000 00:00 0 
7fb744000000-7fb74438e000 rw-p 00000000 00:00 0 
7fb74438e000-7fb748000000 ---p 00000000 00:00 0 
7fb748000000-7fb748023000 rw-p 00000000 00:00 0 
7fb748023000-7fb74c000000 ---p 00000000 00:00 0 
7fb74c087000-7fb74c08a000 ---p 00000000 00:00 0 
7fb74c08a000-7fb74c188000 rw-p 00000000 00:00 0                          [stack:6572]
7fb74c188000-7fb74c18b000 ---p 00000000 00:00 0 
7fb74c18b000-7fb74c289000 rw-p 00000000 00:00 0                          [stack:6571]
7fb74c289000-7fb74c28a000 ---p 00000000 00:00 0 
7fb74c28a000-7fb751000000 rw-p 00000000 00:00 0                          [stack:6570]
7fb751000000-7fb752400000 rwxp 00000000 00:00 0 
7fb752400000-7fb760000000 ---p 00000000 00:00 0 
7fb760000000-7fb760fb6000 rw-p 00000000 00:00 0 
7fb760fb6000-7fb764000000 ---p 00000000 00:00 0 
7fb7640fa000-7fb7643fd000 rw-p 00000000 00:00 0 
7fb7643fd000-7fb7645d5000 r--s 03d2a000 08:01 410809                     /usr/lib/jvm/java-8-oracle/jre/lib/rt.jar
7fb7645d5000-7fb764a32000 rw-p 00000000 00:00 0 
7fb764a32000-7fb764a33000 ---p 00000000 00:00 0 
7fb764a33000-7fb764b33000 rw-p 00000000 00:00 0                          [stack:6569]
7fb764b33000-7fb764b34000 ---p 00000000 00:00 0 
7fb764b34000-7fb764c66000 rw-p 00000000 00:00 0                          [stack:6568]
7fb764c66000-7fb764ece000 ---p 00000000 00:00 0 
7fb764ece000-7fb764f00000 rw-p 00000000 00:00 0 
7fb764f00000-7fb765168000 ---p 00000000 00:00 0 
7fb765168000-7fb7652b5000 rw-p 00000000 00:00 0 
7fb7652b5000-7fb765306000 rw-p 00000000 00:00 0 
7fb765306000-7fb765676000 ---p 00000000 00:00 0 
7fb765676000-7fb765690000 r-xp 00000000 08:01 411037                     /usr/lib/jvm/java-8-oracle/jre/lib/amd64/libzip.so
7fb765690000-7fb765890000 ---p 0001a000 08:01 411037                     /usr/lib/jvm/java-8-oracle/jre/lib/amd64/libzip.so
7fb765890000-7fb765891000 rw-p 0001a000 08:01 411037                     /usr/lib/jvm/java-8-oracle/jre/lib/amd64/libzip.so
7fb765891000-7fb76589c000 r-xp 00000000 08:01 3146                       /lib/x86_64-linux-gnu/libnss_files-2.19.so
7fb76589c000-7fb765a9b000 ---p 0000b000 08:01 3146                       /lib/x86_64-linux-gnu/libnss_files-2.19.so
7fb765a9b000-7fb765a9c000 r--p 0000a000 08:01 3146                       /lib/x86_64-linux-gnu/libnss_files-2.19.so
7fb765a9c000-7fb765a9d000 rw-p 0000b000 08:01 3146                       /lib/x86_64-linux-gnu/libnss_files-2.19.so
7fb765a9d000-7fb765aa8000 r-xp 00000000 08:01 3126                       /lib/x86_64-linux-gnu/libnss_nis-2.19.so
7fb765aa8000-7fb765ca7000 ---p 0000b000 08:01 3126                       /lib/x86_64-linux-gnu/libnss_nis-2.19.so
7fb765ca7000-7fb765ca8000 r--p 0000a000 08:01 3126                       /lib/x86_64-linux-gnu/libnss_nis-2.19.so
7fb765ca8000-7fb765ca9000 rw-p 0000b000 08:01 3126                       /lib/x86_64-linux-gnu/libnss_nis-2.19.so
7fb765ca9000-7fb765cc0000 r-xp 00000000 08:01 3177                       /lib/x86_64-linux-gnu/libnsl-2.19.so
7fb765cc0000-7fb765ebf000 ---p 00017000 08:01 3177                       /lib/x86_64-linux-gnu/libnsl-2.19.so
7fb765ebf000-7fb765ec0000 r--p 00016000 08:01 3177                       /lib/x86_64-linux-gnu/libnsl-2.19.so
7fb765ec0000-7fb765ec1000 rw-p 00017000 08:01 3177                       /lib/x86_64-linux-gnu/libnsl-2.19.so
7fb765ec1000-7fb765ec3000 rw-p 00000000 00:00 0 
7fb765ec3000-7fb765ecc000 r-xp 00000000 08:01 3092                       /lib/x86_64-linux-gnu/libnss_compat-2.19.so
7fb765ecc000-7fb7660cb000 ---p 00009000 08:01 3092                       /lib/x86_64-linux-gnu/libnss_compat-2.19.so
7fb7660cb000-7fb7660cc000 r--p 00008000 08:01 3092                       /lib/x86_64-linux-gnu/libnss_compat-2.19.so
7fb7660cc000-7fb7660cd000 rw-p 00009000 08:01 3092                       /lib/x86_64-linux-gnu/libnss_compat-2.19.so
7fb7660cd000-7fb7660f8000 r-xp 00000000 08:01 411059                     /usr/lib/jvm/java-8-oracle/jre/lib/amd64/libjava.so
7fb7660f8000-7fb7662f7000 ---p 0002b000 08:01 411059                     /usr/lib/jvm/java-8-oracle/jre/lib/amd64/libjava.so
7fb7662f7000-7fb7662f9000 rw-p 0002a000 08:01 411059                     /usr/lib/jvm/java-8-oracle/jre/lib/amd64/libjava.so
7fb7662f9000-7fb766306000 r-xp 00000000 08:01 411003                     /usr/lib/jvm/java-8-oracle/jre/lib/amd64/libverify.so
7fb766306000-7fb766505000 ---p 0000d000 08:01 411003                     /usr/lib/jvm/java-8-oracle/jre/lib/amd64/libverify.so
7fb766505000-7fb766507000 rw-p 0000c000 08:01 411003                     /usr/lib/jvm/java-8-oracle/jre/lib/amd64/libverify.so
7fb766507000-7fb76650e000 r-xp 00000000 08:01 3150                       /lib/x86_64-linux-gnu/librt-2.19.so
7fb76650e000-7fb76670d000 ---p 00007000 08:01 3150                       /lib/x86_64-linux-gnu/librt-2.19.so
7fb76670d000-7fb76670e000 r--p 00006000 08:01 3150                       /lib/x86_64-linux-gnu/librt-2.19.so
7fb76670e000-7fb76670f000 rw-p 00007000 08:01 3150                       /lib/x86_64-linux-gnu/librt-2.19.so
7fb76670f000-7fb766814000 r-xp 00000000 08:01 3210                       /lib/x86_64-linux-gnu/libm-2.19.so
7fb766814000-7fb766a13000 ---p 00105000 08:01 3210                       /lib/x86_64-linux-gnu/libm-2.19.so
7fb766a13000-7fb766a14000 r--p 00104000 08:01 3210                       /lib/x86_64-linux-gnu/libm-2.19.so
7fb766a14000-7fb766a15000 rw-p 00105000 08:01 3210                       /lib/x86_64-linux-gnu/libm-2.19.so
7fb766a15000-7fb7676e2000 r-xp 00000000 08:01 411044                     /usr/lib/jvm/java-8-oracle/jre/lib/amd64/server/libjvm.so
7fb7676e2000-7fb7678e1000 ---p 00ccd000 08:01 411044                     /usr/lib/jvm/java-8-oracle/jre/lib/amd64/server/libjvm.so
7fb7678e1000-7fb7679ba000 rw-p 00ccc000 08:01 411044                     /usr/lib/jvm/java-8-oracle/jre/lib/amd64/server/libjvm.so
7fb7679ba000-7fb767a05000 rw-p 00000000 00:00 0 
7fb767a05000-7fb767bc0000 r-xp 00000000 08:01 3198                       /lib/x86_64-linux-gnu/libc-2.19.so
7fb767bc0000-7fb767dbf000 ---p 001bb000 08:01 3198                       /lib/x86_64-linux-gnu/libc-2.19.so
7fb767dbf000-7fb767dc3000 r--p 001ba000 08:01 3198                       /lib/x86_64-linux-gnu/libc-2.19.so
7fb767dc3000-7fb767dc5000 rw-p 001be000 08:01 3198                       /lib/x86_64-linux-gnu/libc-2.19.so
7fb767dc5000-7fb767dca000 rw-p 00000000 00:00 0 
7fb767dca000-7fb767dcd000 r-xp 00000000 08:01 3080                       /lib/x86_64-linux-gnu/libdl-2.19.so
7fb767dcd000-7fb767fcc000 ---p 00003000 08:01 3080                       /lib/x86_64-linux-gnu/libdl-2.19.so
7fb767fcc000-7fb767fcd000 r--p 00002000 08:01 3080                       /lib/x86_64-linux-gnu/libdl-2.19.so
7fb767fcd000-7fb767fce000 rw-p 00003000 08:01 3080                       /lib/x86_64-linux-gnu/libdl-2.19.so
7fb767fce000-7fb767fe3000 r-xp 00000000 08:01 411036                     /usr/lib/jvm/java-8-oracle/jre/lib/amd64/jli/libjli.so
7fb767fe3000-7fb7681e3000 ---p 00015000 08:01 411036                     /usr/lib/jvm/java-8-oracle/jre/lib/amd64/jli/libjli.so
7fb7681e3000-7fb7681e4000 rw-p 00015000 08:01 411036                     /usr/lib/jvm/java-8-oracle/jre/lib/amd64/jli/libjli.so
7fb7681e4000-7fb7681fd000 r-xp 00000000 08:01 3108                       /lib/x86_64-linux-gnu/libpthread-2.19.so
7fb7681fd000-7fb7683fc000 ---p 00019000 08:01 3108                       /lib/x86_64-linux-gnu/libpthread-2.19.so
7fb7683fc000-7fb7683fd000 r--p 00018000 08:01 3108                       /lib/x86_64-linux-gnu/libpthread-2.19.so
7fb7683fd000-7fb7683fe000 rw-p 00019000 08:01 3108                       /lib/x86_64-linux-gnu/libpthread-2.19.so
7fb7683fe000-7fb768402000 rw-p 00000000 00:00 0 
7fb768402000-7fb768425000 r-xp 00000000 08:01 3213                       /lib/x86_64-linux-gnu/ld-2.19.so
7fb76842d000-7fb76842e000 rw-p 00000000 00:00 0 
7fb76842e000-7fb768431000 r--s 0001a000 08:01 410741                     /usr/lib/jvm/java-8-oracle/jre/lib/jce.jar
7fb768431000-7fb768435000 r--s 00097000 08:01 410752                     /usr/lib/jvm/java-8-oracle/jre/lib/jsse.jar
7fb768435000-7fb76843a000 r--s 002f9000 08:01 410735                     /usr/lib/jvm/java-8-oracle/jre/lib/charsets.jar
7fb76843a000-7fb76843f000 r--s 02b08000 08:01 532547                     /home/vagrant/workspace/cs205-spring-uber/week4/fleet-location-service/target/fleet-location-service-1.0.0.BUILD-SNAPSHOT.jar
7fb76843f000-7fb768511000 rw-p 00000000 00:00 0 
7fb768511000-7fb768514000 ---p 00000000 00:00 0 
7fb768514000-7fb768616000 rw-p 00000000 00:00 0                          [stack:6567]
7fb768616000-7fb768618000 r--s 00009000 08:01 410785                     /usr/lib/jvm/java-8-oracle/jre/lib/ext/sunec.jar
7fb768618000-7fb768620000 rw-s 00000000 08:01 532595                     /tmp/hsperfdata_vagrant/6566
7fb768620000-7fb768621000 rw-p 00000000 00:00 0 
7fb768621000-7fb768622000 ---p 00000000 00:00 0 
7fb768622000-7fb768624000 rw-p 00000000 00:00 0 
7fb768624000-7fb768625000 r--p 00022000 08:01 3213                       /lib/x86_64-linux-gnu/ld-2.19.so
7fb768625000-7fb768626000 rw-p 00023000 08:01 3213                       /lib/x86_64-linux-gnu/ld-2.19.so
7fb768626000-7fb768627000 rw-p 00000000 00:00 0 
7fffc8c43000-7fffc8c64000 rw-p 00000000 00:00 0                          [stack]
7fffc8d9a000-7fffc8d9c000 r-xp 00000000 00:00 0                          [vdso]
ffffffffff600000-ffffffffff601000 r-xp 00000000 00:00 0                  [vsyscall]

VM Arguments:
java_command: fleet-location-service/target/fleet-location-service-1.0.0.BUILD-SNAPSHOT.jar
java_class_path (initial): fleet-location-service/target/fleet-location-service-1.0.0.BUILD-SNAPSHOT.jar
Launcher Type: SUN_STANDARD

Environment Variables:
JAVA_HOME=/usr/lib/jvm/java-8-oracle
PATH=/usr/local/sbin:/usr/local/bin:/usr/sbin:/usr/bin:/sbin:/bin:/usr/games:/usr/local/games:/usr/lib/jvm/java-8-oracle/bin:/usr/lib/jvm/java-8-oracle/db/bin:/usr/lib/jvm/java-8-oracle/jre/bin
SHELL=/bin/zsh
DISPLAY=:0.0

Signal Handlers:
SIGSEGV: [libjvm.so+0xac64b0], sa_mask[0]=11111111011111111101111111111110, sa_flags=SA_RESTART|SA_SIGINFO
SIGBUS: [libjvm.so+0xac64b0], sa_mask[0]=11111111011111111101111111111110, sa_flags=SA_RESTART|SA_SIGINFO
SIGFPE: [libjvm.so+0x91f950], sa_mask[0]=11111111011111111101111111111110, sa_flags=SA_RESTART|SA_SIGINFO
SIGPIPE: [libjvm.so+0x91f950], sa_mask[0]=11111111011111111101111111111110, sa_flags=SA_RESTART|SA_SIGINFO
SIGXFSZ: [libjvm.so+0x91f950], sa_mask[0]=11111111011111111101111111111110, sa_flags=SA_RESTART|SA_SIGINFO
SIGILL: [libjvm.so+0x91f950], sa_mask[0]=11111111011111111101111111111110, sa_flags=SA_RESTART|SA_SIGINFO
SIGUSR1: SIG_DFL, sa_mask[0]=00000000000000000000000000000000, sa_flags=none
SIGUSR2: [libjvm.so+0x920f80], sa_mask[0]=00000000000000000000000000000000, sa_flags=SA_RESTART|SA_SIGINFO
SIGHUP: [libjvm.so+0x922380], sa_mask[0]=11111111011111111101111111111110, sa_flags=SA_RESTART|SA_SIGINFO
SIGINT: [libjvm.so+0x922380], sa_mask[0]=11111111011111111101111111111110, sa_flags=SA_RESTART|SA_SIGINFO
SIGTERM: [libjvm.so+0x922380], sa_mask[0]=11111111011111111101111111111110, sa_flags=SA_RESTART|SA_SIGINFO
SIGQUIT: [libjvm.so+0x922380], sa_mask[0]=11111111011111111101111111111110, sa_flags=SA_RESTART|SA_SIGINFO


---------------  S Y S T E M  ---------------

OS:DISTRIB_ID=Ubuntu
DISTRIB_RELEASE=14.04
DISTRIB_CODENAME=trusty
DISTRIB_DESCRIPTION="Ubuntu 14.04.3 LTS"

uname:Linux 3.13.0-74-generic #118-Ubuntu SMP Thu Dec 17 22:52:10 UTC 2015 x86_64
libc:glibc 2.19 NPTL 2.19 
rlimit: STACK 8192k, CORE 0k, NPROC 63715, NOFILE 4096, AS infinity
load average:3.18 1.39 0.79

/proc/meminfo:
MemTotal:        8176976 kB
MemFree:          127012 kB
Buffers:             292 kB
Cached:            36324 kB
SwapCached:            0 kB
Active:          7862728 kB
Inactive:          32552 kB
Active(anon):    7859228 kB
Inactive(anon):    27096 kB
Active(file):       3500 kB
Inactive(file):     5456 kB
Unevictable:          32 kB
Mlocked:              32 kB
SwapTotal:             0 kB
SwapFree:              0 kB
Dirty:               132 kB
Writeback:             0 kB
AnonPages:       7859012 kB
Mapped:            32460 kB
Shmem:             27344 kB
Slab:              44088 kB
SReclaimable:      19136 kB
SUnreclaim:        24952 kB
KernelStack:        6200 kB
PageTables:        39824 kB
NFS_Unstable:          0 kB
Bounce:                0 kB
WritebackTmp:          0 kB
CommitLimit:     4088488 kB
Committed_AS:   10587000 kB
VmallocTotal:   34359738367 kB
VmallocUsed:       78864 kB
VmallocChunk:   34359654392 kB
HardwareCorrupted:     0 kB
AnonHugePages:   6004736 kB
HugePages_Total:       0
HugePages_Free:        0
HugePages_Rsvd:        0
HugePages_Surp:        0
Hugepagesize:       2048 kB
DirectMap4k:       69568 kB
DirectMap2M:     8318976 kB


CPU:total 2 (2 cores per cpu, 1 threads per core) family 6 model 58 stepping 9, cmov, cx8, fxsr, mmx, sse, sse2, sse3, ssse3, sse4.1, sse4.2, popcnt, avx, aes, clmul, tsc, tscinvbit, tscinv

/proc/cpuinfo:
processor	: 0
vendor_id	: GenuineIntel
cpu family	: 6
model		: 58
model name	: Intel(R) Core(TM) i7-3770 CPU @ 3.40GHz
stepping	: 9
microcode	: 0x19
cpu MHz		: 3392.270
cache size	: 8192 KB
physical id	: 0
siblings	: 2
core id		: 0
cpu cores	: 2
apicid		: 0
initial apicid	: 0
fpu		: yes
fpu_exception	: yes
cpuid level	: 13
wp		: yes
flags		: fpu vme de pse tsc msr pae mce cx8 apic sep mtrr pge mca cmov pat pse36 clflush mmx fxsr sse sse2 ht syscall nx rdtscp lm constant_tsc rep_good nopl xtopology nonstop_tsc pni pclmulqdq ssse3 cx16 sse4_1 sse4_2 popcnt aes xsave avx rdrand lahf_lm
bogomips	: 6784.54
clflush size	: 64
cache_alignment	: 64
address sizes	: 36 bits physical, 48 bits virtual
power management:

processor	: 1
vendor_id	: GenuineIntel
cpu family	: 6
model		: 58
model name	: Intel(R) Core(TM) i7-3770 CPU @ 3.40GHz
stepping	: 9
microcode	: 0x19
cpu MHz		: 3392.270
cache size	: 8192 KB
physical id	: 0
siblings	: 2
core id		: 1
cpu cores	: 2
apicid		: 1
initial apicid	: 1
fpu		: yes
fpu_exception	: yes
cpuid level	: 13
wp		: yes
flags		: fpu vme de pse tsc msr pae mce cx8 apic sep mtrr pge mca cmov pat pse36 clflush mmx fxsr sse sse2 ht syscall nx rdtscp lm constant_tsc rep_good nopl xtopology nonstop_tsc pni pclmulqdq ssse3 cx16 sse4_1 sse4_2 popcnt aes xsave avx rdrand lahf_lm
bogomips	: 6784.54
clflush size	: 64
cache_alignment	: 64
address sizes	: 36 bits physical, 48 bits virtual
power management:



Memory: 4k page, physical 8176976k(127004k free), swap 0k(0k free)

vm_info: Java HotSpot(TM) 64-Bit Server VM (25.111-b14) for linux-amd64 JRE (1.8.0_111-b14), built on Sep 22 2016 16:14:03 by "java_re" with gcc 4.3.0 20080428 (Red Hat 4.3.0-8)

time: Wed Feb 15 22:29:28 2017
elapsed time: 6593 seconds (0d 1h 49m 53s)

