#
# There is insufficient memory for the Java Runtime Environment to continue.
# Native memory allocation (mmap) failed to map 118489088 bytes for committing reserved memory.
# Possible reasons:
#   The system is out of physical RAM or swap space
#   In 32 bit mode, the process size limit was hit
# Possible solutions:
#   Reduce memory load on the system
#   Increase physical memory or swap space
#   Check if swap backing store is full
#   Use 64 bit Java on a 64 bit OS
#   Decrease Java heap size (-Xmx/-Xms)
#   Decrease number of Java threads
#   Decrease Java thread stack sizes (-Xss)
#   Set larger code cache with -XX:ReservedCodeCacheSize=
# This output file may be truncated or incomplete.
#
#  Out of Memory Error (os_linux.cpp:2627), pid=20413, tid=0x00007f4e59c3e700
#
# JRE version: Java(TM) SE Runtime Environment (8.0_121-b13) (build 1.8.0_121-b13)
# Java VM: Java HotSpot(TM) 64-Bit Server VM (25.121-b13 mixed mode linux-amd64 compressed oops)
# Failed to write core dump. Core dumps have been disabled. To enable core dumping, try "ulimit -c unlimited" before starting Java again
#

---------------  T H R E A D  ---------------

Current thread (0x00007f4e6c0fa800):  VMThread [stack: 0x00007f4e59b3e000,0x00007f4e59c3f000] [id=20417]

Stack: [0x00007f4e59b3e000,0x00007f4e59c3f000],  sp=0x00007f4e59c3cf60,  free space=1019k
Native frames: (J=compiled Java code, j=interpreted, Vv=VM code, C=native code)
V  [libjvm.so+0xac703a]  VMError::report_and_die()+0x2ba
V  [libjvm.so+0x4fc7eb]  report_vm_out_of_memory(char const*, int, unsigned long, VMErrorType, char const*)+0x8b
V  [libjvm.so+0x923c43]  os::Linux::commit_memory_impl(char*, unsigned long, bool)+0x103
V  [libjvm.so+0x924199]  os::pd_commit_memory(char*, unsigned long, unsigned long, bool)+0x29
V  [libjvm.so+0x91e4aa]  os::commit_memory(char*, unsigned long, unsigned long, bool)+0x2a
V  [libjvm.so+0x992f03]  PSVirtualSpace::expand_by(unsigned long)+0x53
V  [libjvm.so+0x994308]  PSYoungGen::resize_generation(unsigned long, unsigned long)+0xf8
V  [libjvm.so+0x993462]  PSYoungGen::resize(unsigned long, unsigned long)+0x22
V  [libjvm.so+0x99073b]  PSScavenge::invoke_no_policy()+0xf3b
V  [libjvm.so+0x990ec1]  PSScavenge::invoke()+0x41
V  [libjvm.so+0x947c10]  ParallelScavengeHeap::failed_mem_allocate(unsigned long)+0x70
V  [libjvm.so+0xac8a57]  VM_ParallelGCFailedAllocation::doit()+0x97
V  [libjvm.so+0xad0535]  VM_Operation::evaluate()+0x55
V  [libjvm.so+0xace90a]  VMThread::evaluate_operation(VM_Operation*)+0xba
V  [libjvm.so+0xacec8e]  VMThread::loop()+0x1ce
V  [libjvm.so+0xacf100]  VMThread::run()+0x70
V  [libjvm.so+0x926268]  java_start(Thread*)+0x108

VM_Operation (0x00007f4e590a1230): ParallelGCFailedAllocation, mode: safepoint, requested by thread 0x00007f4e6c1ac000


---------------  P R O C E S S  ---------------

Java Threads: ( => current thread )
  0x00007f4e6c009800 JavaThread "DestroyJavaVM" [_thread_blocked, id=20414, stack(0x00007f4e737f4000,0x00007f4e738f5000)]
  0x00007f4e6c1ac000 JavaThread "main" [_thread_blocked, id=20425, stack(0x00007f4e58fa4000,0x00007f4e590a5000)]
  0x00007f4e6c141800 JavaThread "Service Thread" daemon [_thread_blocked, id=20423, stack(0x00007f4e593af000,0x00007f4e594b0000)]
  0x00007f4e6c13e800 JavaThread "C1 CompilerThread1" daemon [_thread_blocked, id=20422, stack(0x00007f4e594b0000,0x00007f4e595b1000)]
  0x00007f4e6c13b800 JavaThread "C2 CompilerThread0" daemon [_thread_in_native, id=20421, stack(0x00007f4e595b1000,0x00007f4e596b2000)]
  0x00007f4e6c13a000 JavaThread "Signal Dispatcher" daemon [_thread_blocked, id=20420, stack(0x00007f4e596b2000,0x00007f4e597b3000)]
  0x00007f4e6c107000 JavaThread "Finalizer" daemon [_thread_blocked, id=20419, stack(0x00007f4e5993c000,0x00007f4e59a3d000)]
  0x00007f4e6c102800 JavaThread "Reference Handler" daemon [_thread_blocked, id=20418, stack(0x00007f4e59a3d000,0x00007f4e59b3e000)]

Other Threads:
=>0x00007f4e6c0fa800 VMThread [stack: 0x00007f4e59b3e000,0x00007f4e59c3f000] [id=20417]
  0x00007f4e6c144000 WatcherThread [stack: 0x00007f4e592ae000,0x00007f4e593af000] [id=20424]

VM state:at safepoint (normal execution)

VM Mutex/Monitor currently owned by a thread:  ([mutex/lock_event])
[0x00007f4e6c005ef0] Threads_lock - owner thread: 0x00007f4e6c0fa800
[0x00007f4e6c0063f0] Heap_lock - owner thread: 0x00007f4e6c1ac000

Heap:
 PSYoungGen      total 212480K, used 8566K [0x00000000eb600000, 0x00000000f8f00000, 0x0000000100000000)
  eden space 202752K, 0% used [0x00000000eb600000,0x00000000eb600000,0x00000000f7c00000)
  from space 9728K, 88% used [0x00000000f7c00000,0x00000000f845d820,0x00000000f8580000)
  to   space 9728K, 0% used [0x00000000f8580000,0x00000000f8580000,0x00000000f8f00000)
 ParOldGen       total 42496K, used 16719K [0x00000000c2200000, 0x00000000c4b80000, 0x00000000eb600000)
  object space 42496K, 39% used [0x00000000c2200000,0x00000000c3253fa0,0x00000000c4b80000)
 Metaspace       used 19253K, capacity 19438K, committed 19584K, reserved 1067008K
  class space    used 2366K, capacity 2423K, committed 2432K, reserved 1048576K

Card table byte_map: [0x00007f4e703a8000,0x00007f4e70598000] byte_map_base: 0x00007f4e6fd97000

Marking Bits: (ParMarkBitMap*) 0x00007f4e72cbac80
 Begin Bits: [0x00007f4e5b110000, 0x00007f4e5c088000)
 End Bits:   [0x00007f4e5c088000, 0x00007f4e5d000000)

Polling page: 0x00007f4e73904000

CodeCache: size=245760Kb used=7321Kb max_used=7321Kb free=238438Kb
 bounds [0x00007f4e5d000000, 0x00007f4e5d730000, 0x00007f4e6c000000]
 total_blobs=2505 nmethods=2148 adapters=270
 compilation: enabled

Compilation events (10 events):
Event: 7.838 Thread 0x00007f4e6c13e800 2308   !   3       org.springframework.boot.loader.LaunchedURLClassLoader$1::run (115 bytes)
Event: 7.839 Thread 0x00007f4e6c13e800 nmethod 2308 0x00007f4e5d7283d0 code [0x00007f4e5d7286a0, 0x00007f4e5d729aa8]
Event: 7.868 Thread 0x00007f4e6c13e800 2311   !   2       com.sun.proxy.$Proxy8::value (29 bytes)
Event: 7.868 Thread 0x00007f4e6c13e800 nmethod 2311 0x00007f4e5d72ab50 code [0x00007f4e5d72ace0, 0x00007f4e5d72af98]
Event: 7.869 Thread 0x00007f4e6c13e800 2312   !   2       org.springframework.core.type.classreading.AnnotationReadingVisitorUtils::convertClassValues (394 bytes)
Event: 7.870 Thread 0x00007f4e6c13e800 nmethod 2312 0x00007f4e5d72b110 code [0x00007f4e5d72b440, 0x00007f4e5d72c6e8]
Event: 7.871 Thread 0x00007f4e6c13e800 2313       2       java.security.AccessControlContext::calculateFields (89 bytes)
Event: 7.871 Thread 0x00007f4e6c13e800 nmethod 2313 0x00007f4e5d72d9d0 code [0x00007f4e5d72db40, 0x00007f4e5d72ddb8]
Event: 7.874 Thread 0x00007f4e6c13e800 2314       2       sun.misc.Launcher$AppClassLoader::loadClass (85 bytes)
Event: 7.874 Thread 0x00007f4e6c13e800 nmethod 2314 0x00007f4e5d72df10 code [0x00007f4e5d72e100, 0x00007f4e5d72e6e8]

GC Heap History (10 events):
Event: 4.323 GC heap after
Heap after GC invocations=6 (full 0):
 PSYoungGen      total 70656K, used 3152K [0x00000000eb600000, 0x00000000f0300000, 0x0000000100000000)
  eden space 63488K, 0% used [0x00000000eb600000,0x00000000eb600000,0x00000000ef400000)
  from space 7168K, 43% used [0x00000000efc00000,0x00000000eff14010,0x00000000f0300000)
  to   space 7680K, 0% used [0x00000000ef400000,0x00000000ef400000,0x00000000efb80000)
 ParOldGen       total 42496K, used 7339K [0x00000000c2200000, 0x00000000c4b80000, 0x00000000eb600000)
  object space 42496K, 17% used [0x00000000c2200000,0x00000000c292ad60,0x00000000c4b80000)
 Metaspace       used 6704K, capacity 6854K, committed 7040K, reserved 1056768K
  class space    used 804K, capacity 859K, committed 896K, reserved 1048576K
}
Event: 4.801 GC heap before
{Heap before GC invocations=7 (full 0):
 PSYoungGen      total 70656K, used 66640K [0x00000000eb600000, 0x00000000f0300000, 0x0000000100000000)
  eden space 63488K, 100% used [0x00000000eb600000,0x00000000ef400000,0x00000000ef400000)
  from space 7168K, 43% used [0x00000000efc00000,0x00000000eff14010,0x00000000f0300000)
  to   space 7680K, 0% used [0x00000000ef400000,0x00000000ef400000,0x00000000efb80000)
 ParOldGen       total 42496K, used 7339K [0x00000000c2200000, 0x00000000c4b80000, 0x00000000eb600000)
  object space 42496K, 17% used [0x00000000c2200000,0x00000000c292ad60,0x00000000c4b80000)
 Metaspace       used 9675K, capacity 9842K, committed 9984K, reserved 1058816K
  class space    used 1177K, capacity 1213K, committed 1280K, reserved 1048576K
Event: 4.808 GC heap after
Heap after GC invocations=7 (full 0):
 PSYoungGen      total 71168K, used 5700K [0x00000000eb600000, 0x00000000f4200000, 0x0000000100000000)
  eden space 63488K, 0% used [0x00000000eb600000,0x00000000eb600000,0x00000000ef400000)
  from space 7680K, 74% used [0x00000000ef400000,0x00000000ef991050,0x00000000efb80000)
  to   space 8192K, 0% used [0x00000000f3a00000,0x00000000f3a00000,0x00000000f4200000)
 ParOldGen       total 42496K, used 9759K [0x00000000c2200000, 0x00000000c4b80000, 0x00000000eb600000)
  object space 42496K, 22% used [0x00000000c2200000,0x00000000c2b87fe8,0x00000000c4b80000)
 Metaspace       used 9675K, capacity 9842K, committed 9984K, reserved 1058816K
  class space    used 1177K, capacity 1213K, committed 1280K, reserved 1048576K
}
Event: 5.311 GC heap before
{Heap before GC invocations=8 (full 0):
 PSYoungGen      total 71168K, used 69188K [0x00000000eb600000, 0x00000000f4200000, 0x0000000100000000)
  eden space 63488K, 100% used [0x00000000eb600000,0x00000000ef400000,0x00000000ef400000)
  from space 7680K, 74% used [0x00000000ef400000,0x00000000ef991050,0x00000000efb80000)
  to   space 8192K, 0% used [0x00000000f3a00000,0x00000000f3a00000,0x00000000f4200000)
 ParOldGen       total 42496K, used 9759K [0x00000000c2200000, 0x00000000c4b80000, 0x00000000eb600000)
  object space 42496K, 22% used [0x00000000c2200000,0x00000000c2b87fe8,0x00000000c4b80000)
 Metaspace       used 12067K, capacity 12274K, committed 12288K, reserved 1060864K
  class space    used 1468K, capacity 1533K, committed 1536K, reserved 1048576K
Event: 5.315 GC heap after
Heap after GC invocations=8 (full 0):
 PSYoungGen      total 134656K, used 6622K [0x00000000eb600000, 0x00000000f4300000, 0x0000000100000000)
  eden space 126464K, 0% used [0x00000000eb600000,0x00000000eb600000,0x00000000f3180000)
  from space 8192K, 80% used [0x00000000f3a00000,0x00000000f4077ae8,0x00000000f4200000)
  to   space 8704K, 0% used [0x00000000f3180000,0x00000000f3180000,0x00000000f3a00000)
 ParOldGen       total 42496K, used 9799K [0x00000000c2200000, 0x00000000c4b80000, 0x00000000eb600000)
  object space 42496K, 23% used [0x00000000c2200000,0x00000000c2b91fe8,0x00000000c4b80000)
 Metaspace       used 12067K, capacity 12274K, committed 12288K, reserved 1060864K
  class space    used 1468K, capacity 1533K, committed 1536K, reserved 1048576K
}
Event: 6.201 GC heap before
{Heap before GC invocations=9 (full 0):
 PSYoungGen      total 134656K, used 133086K [0x00000000eb600000, 0x00000000f4300000, 0x0000000100000000)
  eden space 126464K, 100% used [0x00000000eb600000,0x00000000f3180000,0x00000000f3180000)
  from space 8192K, 80% used [0x00000000f3a00000,0x00000000f4077ae8,0x00000000f4200000)
  to   space 8704K, 0% used [0x00000000f3180000,0x00000000f3180000,0x00000000f3a00000)
 ParOldGen       total 42496K, used 9799K [0x00000000c2200000, 0x00000000c4b80000, 0x00000000eb600000)
  object space 42496K, 23% used [0x00000000c2200000,0x00000000c2b91fe8,0x00000000c4b80000)
 Metaspace       used 16355K, capacity 16554K, committed 16768K, reserved 1064960K
  class space    used 2004K, capacity 2065K, committed 2176K, reserved 1048576K
Event: 6.216 GC heap after
Heap after GC invocations=9 (full 0):
 PSYoungGen      total 135168K, used 7750K [0x00000000eb600000, 0x00000000f8f00000, 0x0000000100000000)
  eden space 126464K, 0% used [0x00000000eb600000,0x00000000eb600000,0x00000000f3180000)
  from space 8704K, 89% used [0x00000000f3180000,0x00000000f3911a28,0x00000000f3a00000)
  to   space 9728K, 0% used [0x00000000f8580000,0x00000000f8580000,0x00000000f8f00000)
 ParOldGen       total 42496K, used 10156K [0x00000000c2200000, 0x00000000c4b80000, 0x00000000eb600000)
  object space 42496K, 23% used [0x00000000c2200000,0x00000000c2beb008,0x00000000c4b80000)
 Metaspace       used 16355K, capacity 16554K, committed 16768K, reserved 1064960K
  class space    used 2004K, capacity 2065K, committed 2176K, reserved 1048576K
}
Event: 7.021 GC heap before
{Heap before GC invocations=10 (full 0):
 PSYoungGen      total 135168K, used 134214K [0x00000000eb600000, 0x00000000f8f00000, 0x0000000100000000)
  eden space 126464K, 100% used [0x00000000eb600000,0x00000000f3180000,0x00000000f3180000)
  from space 8704K, 89% used [0x00000000f3180000,0x00000000f3911a28,0x00000000f3a00000)
  to   space 9728K, 0% used [0x00000000f8580000,0x00000000f8580000,0x00000000f8f00000)
 ParOldGen       total 42496K, used 10156K [0x00000000c2200000, 0x00000000c4b80000, 0x00000000eb600000)
  object space 42496K, 23% used [0x00000000c2200000,0x00000000c2beb008,0x00000000c4b80000)
 Metaspace       used 18414K, capacity 18614K, committed 18816K, reserved 1064960K
  class space    used 2286K, capacity 2323K, committed 2432K, reserved 1048576K
Event: 7.039 GC heap after
Heap after GC invocations=10 (full 0):
 PSYoungGen      total 212480K, used 3639K [0x00000000eb600000, 0x00000000f8f00000, 0x0000000100000000)
  eden space 202752K, 0% used [0x00000000eb600000,0x00000000eb600000,0x00000000f7c00000)
  from space 9728K, 37% used [0x00000000f8580000,0x00000000f890df80,0x00000000f8f00000)
  to   space 9728K, 0% used [0x00000000f7c00000,0x00000000f7c00000,0x00000000f8580000)
 ParOldGen       total 42496K, used 14405K [0x00000000c2200000, 0x00000000c4b80000, 0x00000000eb600000)
  object space 42496K, 33% used [0x00000000c2200000,0x00000000c3011740,0x00000000c4b80000)
 Metaspace       used 18414K, capacity 18614K, committed 18816K, reserved 1064960K
  class space    used 2286K, capacity 2323K, committed 2432K, reserved 1048576K
}
Event: 7.971 GC heap before
{Heap before GC invocations=11 (full 0):
 PSYoungGen      total 212480K, used 206391K [0x00000000eb600000, 0x00000000f8f00000, 0x0000000100000000)
  eden space 202752K, 100% used [0x00000000eb600000,0x00000000f7c00000,0x00000000f7c00000)
  from space 9728K, 37% used [0x00000000f8580000,0x00000000f890df80,0x00000000f8f00000)
  to   space 9728K, 0% used [0x00000000f7c00000,0x00000000f7c00000,0x00000000f8580000)
 ParOldGen       total 42496K, used 14405K [0x00000000c2200000, 0x00000000c4b80000, 0x00000000eb600000)
  object space 42496K, 33% used [0x00000000c2200000,0x00000000c3011740,0x00000000c4b80000)
 Metaspace       used 19253K, capacity 19438K, committed 19584K, reserved 1067008K
  class space    used 2366K, capacity 2423K, committed 2432K, reserved 1048576K

Deoptimization events (10 events):
Event: 7.310 Thread 0x00007f4e6c1ac000 Uncommon trap: reason=predicate action=maybe_recompile pc=0x00007f4e5d5ebb50 method=java.util.AbstractCollection.toArray([Ljava/lang/Object;)[Ljava/lang/Object; @ 49
Event: 7.343 Thread 0x00007f4e6c1ac000 Uncommon trap: reason=array_check action=maybe_recompile pc=0x00007f4e5d608498 method=java.util.AbstractCollection.toArray([Ljava/lang/Object;)[Ljava/lang/Object; @ 119
Event: 7.344 Thread 0x00007f4e6c1ac000 Uncommon trap: reason=array_check action=maybe_recompile pc=0x00007f4e5d608498 method=java.util.AbstractCollection.toArray([Ljava/lang/Object;)[Ljava/lang/Object; @ 119
Event: 7.344 Thread 0x00007f4e6c1ac000 Uncommon trap: reason=array_check action=maybe_recompile pc=0x00007f4e5d608498 method=java.util.AbstractCollection.toArray([Ljava/lang/Object;)[Ljava/lang/Object; @ 119
Event: 7.344 Thread 0x00007f4e6c1ac000 Uncommon trap: reason=array_check action=maybe_recompile pc=0x00007f4e5d608498 method=java.util.AbstractCollection.toArray([Ljava/lang/Object;)[Ljava/lang/Object; @ 119
Event: 7.674 Thread 0x00007f4e6c1ac000 Uncommon trap: reason=unstable_if action=reinterpret pc=0x00007f4e5d6e2ad8 method=org.springframework.core.type.classreading.AnnotationReadingVisitorUtils.convertClassValues(Ljava/lang/ClassLoader;Lorg/springframework/core/annotation/AnnotationAttributes;
Event: 7.683 Thread 0x00007f4e6c1ac000 Uncommon trap: reason=unstable_if action=reinterpret pc=0x00007f4e5d33a0f4 method=org.springframework.boot.loader.jar.Handler.openConnection(Ljava/net/URL;)Ljava/net/URLConnection; @ 4
Event: 7.684 Thread 0x00007f4e6c1ac000 Uncommon trap: reason=unstable_if action=reinterpret pc=0x00007f4e5d345d54 method=java.lang.ref.SoftReference.get()Ljava/lang/Object; @ 6
Event: 7.707 Thread 0x00007f4e6c1ac000 Uncommon trap: reason=unstable_if action=reinterpret pc=0x00007f4e5d33f1b4 method=org.springframework.boot.loader.jar.JarFile.getUrl()Ljava/net/URL; @ 4
Event: 7.714 Thread 0x00007f4e6c1ac000 Uncommon trap: reason=bimorphic action=maybe_recompile pc=0x00007f4e5d112330 method=java.util.regex.Pattern$BmpCharProperty.match(Ljava/util/regex/Matcher;ILjava/lang/CharSequence;)Z @ 31

Internal exceptions (10 events):
Event: 6.755 Thread 0x00007f4e6c1ac000 Exception <a 'java/lang/ClassNotFoundException': org/springframework/boot/autoconfigure/PropertyPlaceholderAutoConfigurationCustomizer> (0x00000000f15eac38) thrown at [/HUDSON3/workspace/8-2-build-linux-amd64/jdk8u121/8372/hotspot/src/share/vm/classfile/s
Event: 6.756 Thread 0x00007f4e6c1ac000 Exception <a 'java/lang/ClassNotFoundException': org/springframework/boot/autoconfigure/PropertyPlaceholderAutoConfiguration$$EnhancerBySpringCGLIB$$56ac2406Customizer> (0x00000000f17c03b0) thrown at [/HUDSON3/workspace/8-2-build-linux-amd64/jdk8u121/8372
Event: 6.760 Thread 0x00007f4e6c1ac000 Exception <a 'java/lang/ClassNotFoundException': java/lang/ObjectCustomizer> (0x00000000f185d930) thrown at [/HUDSON3/workspace/8-2-build-linux-amd64/jdk8u121/8372/hotspot/src/share/vm/classfile/systemDictionary.cpp, line 210]
Event: 6.762 Thread 0x00007f4e6c1ac000 Exception <a 'java/lang/ClassNotFoundException': org/springframework/cloud/bootstrap/config/PropertySourceBootstrapPropertiesCustomizer> (0x00000000f19f70a8) thrown at [/HUDSON3/workspace/8-2-build-linux-amd64/jdk8u121/8372/hotspot/src/share/vm/classfile/
Event: 6.774 Thread 0x00007f4e6c1ac000 Exception <a 'java/lang/ClassNotFoundException': java/lang/ObjectCustomizer> (0x00000000f1b62858) thrown at [/HUDSON3/workspace/8-2-build-linux-amd64/jdk8u121/8372/hotspot/src/share/vm/classfile/systemDictionary.cpp, line 210]
Event: 6.776 Thread 0x00007f4e6c1ac000 Exception <a 'java/lang/ClassNotFoundException': org/springframework/cloud/bootstrap/encrypt/EnvironmentDecryptApplicationInitializerCustomizer> (0x00000000f1d0b708) thrown at [/HUDSON3/workspace/8-2-build-linux-amd64/jdk8u121/8372/hotspot/src/share/vm/cl
Event: 6.898 Thread 0x00007f4e6c1ac000 Implicit null exception at 0x00007f4e5d391858 to 0x00007f4e5d3918e6
Event: 7.070 Thread 0x00007f4e6c1ac000 Exception <a 'java/lang/ClassNotFoundException': java/lang/ObjectCustomizer> (0x00000000ed367a78) thrown at [/HUDSON3/workspace/8-2-build-linux-amd64/jdk8u121/8372/hotspot/src/share/vm/classfile/systemDictionary.cpp, line 210]
Event: 7.072 Thread 0x00007f4e6c1ac000 Exception <a 'java/lang/ClassNotFoundException': org/springframework/boot/SpringApplicationCustomizer> (0x00000000ed4c1af8) thrown at [/HUDSON3/workspace/8-2-build-linux-amd64/jdk8u121/8372/hotspot/src/share/vm/classfile/systemDictionary.cpp, line 210]
Event: 7.707 Thread 0x00007f4e6c1ac000 Implicit null exception at 0x00007f4e5d33e0f5 to 0x00007f4e5d33f1a1

Events (10 events):
Event: 7.952 loading class org/springframework/web/servlet/FrameworkServlet done
Event: 7.961 loading class org/springframework/web/servlet/HttpServletBean
Event: 7.961 loading class org/springframework/web/servlet/HttpServletBean done
Event: 7.963 loading class javax/servlet/http/HttpServlet
Event: 7.963 loading class javax/servlet/http/HttpServlet done
Event: 7.965 loading class javax/servlet/GenericServlet
Event: 7.965 loading class javax/servlet/GenericServlet done
Event: 7.966 loading class javax/servlet/ServletConfig
Event: 7.966 loading class javax/servlet/ServletConfig done
Event: 7.971 Executing VM operation: ParallelGCFailedAllocation


Dynamic libraries:
00400000-00401000 r-xp 00000000 08:01 406103                             /usr/lib/jvm/java-8-oracle/jre/bin/java
00600000-00601000 rw-p 00000000 08:01 406103                             /usr/lib/jvm/java-8-oracle/jre/bin/java
01672000-01693000 rw-p 00000000 00:00 0                                  [heap]
c2200000-c4b80000 rw-p 00000000 00:00 0 
c4b80000-eb600000 ---p 00000000 00:00 0 
eb600000-f8f00000 rw-p 00000000 00:00 0 
100000000-100260000 rw-p 00000000 00:00 0 
100260000-140000000 ---p 00000000 00:00 0 
7f4e23c00000-7f4e23cc0000 rw-p 00000000 00:00 0 
7f4e23cc0000-7f4e23e00000 ---p 00000000 00:00 0 
7f4e23e00000-7f4e24000000 rw-p 00000000 00:00 0 
7f4e24000000-7f4e24837000 rw-p 00000000 00:00 0 
7f4e24837000-7f4e28000000 ---p 00000000 00:00 0 
7f4e28000000-7f4e282f8000 rw-p 00000000 00:00 0 
7f4e282f8000-7f4e2c000000 ---p 00000000 00:00 0 
7f4e2c000000-7f4e2c021000 rw-p 00000000 00:00 0 
7f4e2c021000-7f4e30000000 ---p 00000000 00:00 0 
7f4e30000000-7f4e31ee0000 rw-p 00000000 00:00 0 
7f4e31ee0000-7f4e34000000 ---p 00000000 00:00 0 
7f4e34000000-7f4e34731000 rw-p 00000000 00:00 0 
7f4e34731000-7f4e38000000 ---p 00000000 00:00 0 
7f4e38000000-7f4e38021000 rw-p 00000000 00:00 0 
7f4e38021000-7f4e3c000000 ---p 00000000 00:00 0 
7f4e3c000000-7f4e3c021000 rw-p 00000000 00:00 0 
7f4e3c021000-7f4e40000000 ---p 00000000 00:00 0 
7f4e40000000-7f4e408dc000 rw-p 00000000 00:00 0 
7f4e408dc000-7f4e44000000 ---p 00000000 00:00 0 
7f4e44000000-7f4e44021000 rw-p 00000000 00:00 0 
7f4e44021000-7f4e48000000 ---p 00000000 00:00 0 
7f4e48000000-7f4e48021000 rw-p 00000000 00:00 0 
7f4e48021000-7f4e4c000000 ---p 00000000 00:00 0 
7f4e4c000000-7f4e4c021000 rw-p 00000000 00:00 0 
7f4e4c021000-7f4e50000000 ---p 00000000 00:00 0 
7f4e50000000-7f4e5029c000 rw-p 00000000 00:00 0 
7f4e5029c000-7f4e54000000 ---p 00000000 00:00 0 
7f4e54000000-7f4e54021000 rw-p 00000000 00:00 0 
7f4e54021000-7f4e58000000 ---p 00000000 00:00 0 
7f4e5816a000-7f4e5817b000 r-xp 00000000 08:01 406016                     /usr/lib/jvm/java-8-oracle/jre/lib/amd64/libnio.so
7f4e5817b000-7f4e5837a000 ---p 00011000 08:01 406016                     /usr/lib/jvm/java-8-oracle/jre/lib/amd64/libnio.so
7f4e5837a000-7f4e5837b000 rw-p 00010000 08:01 406016                     /usr/lib/jvm/java-8-oracle/jre/lib/amd64/libnio.so
7f4e5837b000-7f4e5857b000 rw-p 00000000 00:00 0 
7f4e5857b000-7f4e5877b000 rw-p 00000000 00:00 0 
7f4e5877b000-7f4e5897b000 rw-p 00000000 00:00 0 
7f4e5897b000-7f4e5897e000 r-xp 00000000 08:01 59303                      /lib/x86_64-linux-gnu/libnss_myhostname.so.2
7f4e5897e000-7f4e58b7d000 ---p 00003000 08:01 59303                      /lib/x86_64-linux-gnu/libnss_myhostname.so.2
7f4e58b7d000-7f4e58b7e000 r--p 00002000 08:01 59303                      /lib/x86_64-linux-gnu/libnss_myhostname.so.2
7f4e58b7e000-7f4e58b7f000 rw-p 00003000 08:01 59303                      /lib/x86_64-linux-gnu/libnss_myhostname.so.2
7f4e58b8b000-7f4e58ba1000 r-xp 00000000 08:01 406001                     /usr/lib/jvm/java-8-oracle/jre/lib/amd64/libnet.so
7f4e58ba1000-7f4e58da1000 ---p 00016000 08:01 406001                     /usr/lib/jvm/java-8-oracle/jre/lib/amd64/libnet.so
7f4e58da1000-7f4e58da2000 rw-p 00016000 08:01 406001                     /usr/lib/jvm/java-8-oracle/jre/lib/amd64/libnet.so
7f4e58da2000-7f4e58da5000 ---p 00000000 00:00 0 
7f4e58da5000-7f4e58ea3000 rw-p 00000000 00:00 0 
7f4e58ea3000-7f4e58ea6000 ---p 00000000 00:00 0 
7f4e58ea6000-7f4e58fa4000 rw-p 00000000 00:00 0 
7f4e58fa4000-7f4e58fa7000 ---p 00000000 00:00 0 
7f4e58fa7000-7f4e590a5000 rw-p 00000000 00:00 0                          [stack:20425]
7f4e590a5000-7f4e590ae000 r-xp 00000000 08:01 405973                     /usr/lib/jvm/java-8-oracle/jre/lib/amd64/libmanagement.so
7f4e590ae000-7f4e592ad000 ---p 00009000 08:01 405973                     /usr/lib/jvm/java-8-oracle/jre/lib/amd64/libmanagement.so
7f4e592ad000-7f4e592ae000 rw-p 00008000 08:01 405973                     /usr/lib/jvm/java-8-oracle/jre/lib/amd64/libmanagement.so
7f4e592ae000-7f4e592af000 ---p 00000000 00:00 0 
7f4e592af000-7f4e593af000 rw-p 00000000 00:00 0                          [stack:20424]
7f4e593af000-7f4e593b2000 ---p 00000000 00:00 0 
7f4e593b2000-7f4e594b0000 rw-p 00000000 00:00 0                          [stack:20423]
7f4e594b0000-7f4e594b3000 ---p 00000000 00:00 0 
7f4e594b3000-7f4e595b1000 rw-p 00000000 00:00 0                          [stack:20422]
7f4e595b1000-7f4e595b4000 ---p 00000000 00:00 0 
7f4e595b4000-7f4e596b2000 rw-p 00000000 00:00 0                          [stack:20421]
7f4e596b2000-7f4e596b5000 ---p 00000000 00:00 0 
7f4e596b5000-7f4e597b3000 rw-p 00000000 00:00 0                          [stack:20420]
7f4e597b3000-7f4e5993c000 r--p 00000000 08:01 9835                       /usr/lib/locale/locale-archive
7f4e5993c000-7f4e5993f000 ---p 00000000 00:00 0 
7f4e5993f000-7f4e59a3d000 rw-p 00000000 00:00 0                          [stack:20419]
7f4e59a3d000-7f4e59a40000 ---p 00000000 00:00 0 
7f4e59a40000-7f4e59b3e000 rw-p 00000000 00:00 0                          [stack:20418]
7f4e59b3e000-7f4e59b3f000 ---p 00000000 00:00 0 
7f4e59b3f000-7f4e5a548000 rw-p 00000000 00:00 0                          [stack:20417]
7f4e5a548000-7f4e5a721000 r--s 03d3e000 08:01 405863                     /usr/lib/jvm/java-8-oracle/jre/lib/rt.jar
7f4e5a721000-7f4e5d000000 rw-p 00000000 00:00 0 
7f4e5d000000-7f4e5d730000 rwxp 00000000 00:00 0 
7f4e5d730000-7f4e6c000000 ---p 00000000 00:00 0 
7f4e6c000000-7f4e6c41b000 rw-p 00000000 00:00 0 
7f4e6c41b000-7f4e70000000 ---p 00000000 00:00 0 
7f4e70008000-7f4e7000d000 r--s 002f9000 08:01 405820                     /usr/lib/jvm/java-8-oracle/jre/lib/charsets.jar
7f4e7000d000-7f4e7005c000 rw-p 00000000 00:00 0 
7f4e7005c000-7f4e7005d000 ---p 00000000 00:00 0 
7f4e7005d000-7f4e7015d000 rw-p 00000000 00:00 0                          [stack:20416]
7f4e7015d000-7f4e7015e000 ---p 00000000 00:00 0 
7f4e7015e000-7f4e70273000 rw-p 00000000 00:00 0                          [stack:20415]
7f4e70273000-7f4e703a8000 ---p 00000000 00:00 0 
7f4e703a8000-7f4e703bd000 rw-p 00000000 00:00 0 
7f4e703bd000-7f4e704f2000 ---p 00000000 00:00 0 
7f4e704f2000-7f4e7055f000 rw-p 00000000 00:00 0 
7f4e7055f000-7f4e70597000 ---p 00000000 00:00 0 
7f4e70597000-7f4e705b5000 rw-p 00000000 00:00 0 
7f4e705b5000-7f4e70958000 ---p 00000000 00:00 0 
7f4e70958000-7f4e70972000 r-xp 00000000 08:01 406009                     /usr/lib/jvm/java-8-oracle/jre/lib/amd64/libzip.so
7f4e70972000-7f4e70b72000 ---p 0001a000 08:01 406009                     /usr/lib/jvm/java-8-oracle/jre/lib/amd64/libzip.so
7f4e70b72000-7f4e70b73000 rw-p 0001a000 08:01 406009                     /usr/lib/jvm/java-8-oracle/jre/lib/amd64/libzip.so
7f4e70b73000-7f4e70b7d000 r-xp 00000000 08:01 2331                       /lib/x86_64-linux-gnu/libnss_files-2.19.so
7f4e70b7d000-7f4e70d7c000 ---p 0000a000 08:01 2331                       /lib/x86_64-linux-gnu/libnss_files-2.19.so
7f4e70d7c000-7f4e70d7d000 r--p 00009000 08:01 2331                       /lib/x86_64-linux-gnu/libnss_files-2.19.so
7f4e70d7d000-7f4e70d7e000 rw-p 0000a000 08:01 2331                       /lib/x86_64-linux-gnu/libnss_files-2.19.so
7f4e70d7e000-7f4e70d89000 r-xp 00000000 08:01 2243                       /lib/x86_64-linux-gnu/libnss_nis-2.19.so
7f4e70d89000-7f4e70f88000 ---p 0000b000 08:01 2243                       /lib/x86_64-linux-gnu/libnss_nis-2.19.so
7f4e70f88000-7f4e70f89000 r--p 0000a000 08:01 2243                       /lib/x86_64-linux-gnu/libnss_nis-2.19.so
7f4e70f89000-7f4e70f8a000 rw-p 0000b000 08:01 2243                       /lib/x86_64-linux-gnu/libnss_nis-2.19.so
7f4e70f8a000-7f4e70fa1000 r-xp 00000000 08:01 2307                       /lib/x86_64-linux-gnu/libnsl-2.19.so
7f4e70fa1000-7f4e711a0000 ---p 00017000 08:01 2307                       /lib/x86_64-linux-gnu/libnsl-2.19.so
7f4e711a0000-7f4e711a1000 r--p 00016000 08:01 2307                       /lib/x86_64-linux-gnu/libnsl-2.19.so
7f4e711a1000-7f4e711a2000 rw-p 00017000 08:01 2307                       /lib/x86_64-linux-gnu/libnsl-2.19.so
7f4e711a2000-7f4e711a4000 rw-p 00000000 00:00 0 
7f4e711a4000-7f4e711ad000 r-xp 00000000 08:01 2282                       /lib/x86_64-linux-gnu/libnss_compat-2.19.so
7f4e711ad000-7f4e713ac000 ---p 00009000 08:01 2282                       /lib/x86_64-linux-gnu/libnss_compat-2.19.so
7f4e713ac000-7f4e713ad000 r--p 00008000 08:01 2282                       /lib/x86_64-linux-gnu/libnss_compat-2.19.so
7f4e713ad000-7f4e713ae000 rw-p 00009000 08:01 2282                       /lib/x86_64-linux-gnu/libnss_compat-2.19.so
7f4e713ae000-7f4e713d9000 r-xp 00000000 08:01 406005                     /usr/lib/jvm/java-8-oracle/jre/lib/amd64/libjava.so
7f4e713d9000-7f4e715d8000 ---p 0002b000 08:01 406005                     /usr/lib/jvm/java-8-oracle/jre/lib/amd64/libjava.so
7f4e715d8000-7f4e715da000 rw-p 0002a000 08:01 406005                     /usr/lib/jvm/java-8-oracle/jre/lib/amd64/libjava.so
7f4e715da000-7f4e715e7000 r-xp 00000000 08:01 405987                     /usr/lib/jvm/java-8-oracle/jre/lib/amd64/libverify.so
7f4e715e7000-7f4e717e6000 ---p 0000d000 08:01 405987                     /usr/lib/jvm/java-8-oracle/jre/lib/amd64/libverify.so
7f4e717e6000-7f4e717e8000 rw-p 0000c000 08:01 405987                     /usr/lib/jvm/java-8-oracle/jre/lib/amd64/libverify.so
7f4e717e8000-7f4e717ef000 r-xp 00000000 08:01 2255                       /lib/x86_64-linux-gnu/librt-2.19.so
7f4e717ef000-7f4e719ee000 ---p 00007000 08:01 2255                       /lib/x86_64-linux-gnu/librt-2.19.so
7f4e719ee000-7f4e719ef000 r--p 00006000 08:01 2255                       /lib/x86_64-linux-gnu/librt-2.19.so
7f4e719ef000-7f4e719f0000 rw-p 00007000 08:01 2255                       /lib/x86_64-linux-gnu/librt-2.19.so
7f4e719f0000-7f4e71af5000 r-xp 00000000 08:01 2240                       /lib/x86_64-linux-gnu/libm-2.19.so
7f4e71af5000-7f4e71cf4000 ---p 00105000 08:01 2240                       /lib/x86_64-linux-gnu/libm-2.19.so
7f4e71cf4000-7f4e71cf5000 r--p 00104000 08:01 2240                       /lib/x86_64-linux-gnu/libm-2.19.so
7f4e71cf5000-7f4e71cf6000 rw-p 00105000 08:01 2240                       /lib/x86_64-linux-gnu/libm-2.19.so
7f4e71cf6000-7f4e729c4000 r-xp 00000000 08:01 405999                     /usr/lib/jvm/java-8-oracle/jre/lib/amd64/server/libjvm.so
7f4e729c4000-7f4e72bc4000 ---p 00cce000 08:01 405999                     /usr/lib/jvm/java-8-oracle/jre/lib/amd64/server/libjvm.so
7f4e72bc4000-7f4e72c9d000 rw-p 00cce000 08:01 405999                     /usr/lib/jvm/java-8-oracle/jre/lib/amd64/server/libjvm.so
7f4e72c9d000-7f4e72ce8000 rw-p 00000000 00:00 0 
7f4e72ce8000-7f4e72ea2000 r-xp 00000000 08:01 2302                       /lib/x86_64-linux-gnu/libc-2.19.so
7f4e72ea2000-7f4e730a2000 ---p 001ba000 08:01 2302                       /lib/x86_64-linux-gnu/libc-2.19.so
7f4e730a2000-7f4e730a6000 r--p 001ba000 08:01 2302                       /lib/x86_64-linux-gnu/libc-2.19.so
7f4e730a6000-7f4e730a8000 rw-p 001be000 08:01 2302                       /lib/x86_64-linux-gnu/libc-2.19.so
7f4e730a8000-7f4e730ad000 rw-p 00000000 00:00 0 
7f4e730ad000-7f4e730b0000 r-xp 00000000 08:01 2147                       /lib/x86_64-linux-gnu/libdl-2.19.so
7f4e730b0000-7f4e732af000 ---p 00003000 08:01 2147                       /lib/x86_64-linux-gnu/libdl-2.19.so
7f4e732af000-7f4e732b0000 r--p 00002000 08:01 2147                       /lib/x86_64-linux-gnu/libdl-2.19.so
7f4e732b0000-7f4e732b1000 rw-p 00003000 08:01 2147                       /lib/x86_64-linux-gnu/libdl-2.19.so
7f4e732b1000-7f4e732c6000 r-xp 00000000 08:01 405992                     /usr/lib/jvm/java-8-oracle/jre/lib/amd64/jli/libjli.so
7f4e732c6000-7f4e734c6000 ---p 00015000 08:01 405992                     /usr/lib/jvm/java-8-oracle/jre/lib/amd64/jli/libjli.so
7f4e734c6000-7f4e734c7000 rw-p 00015000 08:01 405992                     /usr/lib/jvm/java-8-oracle/jre/lib/amd64/jli/libjli.so
7f4e734c7000-7f4e734e0000 r-xp 00000000 08:01 2311                       /lib/x86_64-linux-gnu/libpthread-2.19.so
7f4e734e0000-7f4e736df000 ---p 00019000 08:01 2311                       /lib/x86_64-linux-gnu/libpthread-2.19.so
7f4e736df000-7f4e736e0000 r--p 00018000 08:01 2311                       /lib/x86_64-linux-gnu/libpthread-2.19.so
7f4e736e0000-7f4e736e1000 rw-p 00019000 08:01 2311                       /lib/x86_64-linux-gnu/libpthread-2.19.so
7f4e736e1000-7f4e736e5000 rw-p 00000000 00:00 0 
7f4e736e5000-7f4e73708000 r-xp 00000000 08:01 2308                       /lib/x86_64-linux-gnu/ld-2.19.so
7f4e73709000-7f4e7370f000 r--s 0216f000 00:23 1436                       /vagrant_data/week4-for-students/fleet-location-ingest/target/fleet-location-ingest-1.0.0.BUILD-SNAPSHOT.jar
7f4e7370f000-7f4e737f4000 rw-p 00000000 00:00 0 
7f4e737f4000-7f4e737f7000 ---p 00000000 00:00 0 
7f4e737f7000-7f4e738f9000 rw-p 00000000 00:00 0                          [stack:20414]
7f4e738fa000-7f4e738fb000 rw-p 00000000 00:00 0 
7f4e738fb000-7f4e73903000 rw-s 00000000 08:01 410188                     /tmp/hsperfdata_vagrant/20413
7f4e73903000-7f4e73904000 rw-p 00000000 00:00 0 
7f4e73904000-7f4e73905000 ---p 00000000 00:00 0 
7f4e73905000-7f4e73907000 rw-p 00000000 00:00 0 
7f4e73907000-7f4e73908000 r--p 00022000 08:01 2308                       /lib/x86_64-linux-gnu/ld-2.19.so
7f4e73908000-7f4e73909000 rw-p 00023000 08:01 2308                       /lib/x86_64-linux-gnu/ld-2.19.so
7f4e73909000-7f4e7390a000 rw-p 00000000 00:00 0 
7ffc21c64000-7ffc21c85000 rw-p 00000000 00:00 0                          [stack]
7ffc21dab000-7ffc21dad000 r-xp 00000000 00:00 0                          [vdso]
ffffffffff600000-ffffffffff601000 r-xp 00000000 00:00 0                  [vsyscall]

VM Arguments:
java_command: fleet-location-ingest/target/fleet-location-ingest-1.0.0.BUILD-SNAPSHOT.jar
java_class_path (initial): fleet-location-ingest/target/fleet-location-ingest-1.0.0.BUILD-SNAPSHOT.jar
Launcher Type: SUN_STANDARD

Environment Variables:
JAVA_HOME=/usr/lib/jvm/java-8-oracle
PATH=/usr/local/sbin:/usr/local/bin:/usr/sbin:/usr/bin:/sbin:/bin:/usr/games:/usr/local/games:/usr/lib/jvm/java-8-oracle/bin:/usr/lib/jvm/java-8-oracle/db/bin:/usr/lib/jvm/java-8-oracle/jre/bin
LD_LIBRARY_PATH=/home/vagrant/tools/idea-IU-163.13906.18/bin:/home/vagrant/tools/idea-IU-163.13906.18/bin:
SHELL=/bin/zsh
DISPLAY=:0.0

Signal Handlers:
SIGSEGV: [libjvm.so+0xac78c0], sa_mask[0]=11111111011111111101111111111110, sa_flags=SA_RESTART|SA_SIGINFO
SIGBUS: [libjvm.so+0xac78c0], sa_mask[0]=11111111011111111101111111111110, sa_flags=SA_RESTART|SA_SIGINFO
SIGFPE: [libjvm.so+0x920ac0], sa_mask[0]=11111111011111111101111111111110, sa_flags=SA_RESTART|SA_SIGINFO
SIGPIPE: [libjvm.so+0x920ac0], sa_mask[0]=11111111011111111101111111111110, sa_flags=SA_RESTART|SA_SIGINFO
SIGXFSZ: [libjvm.so+0x920ac0], sa_mask[0]=11111111011111111101111111111110, sa_flags=SA_RESTART|SA_SIGINFO
SIGILL: [libjvm.so+0x920ac0], sa_mask[0]=11111111011111111101111111111110, sa_flags=SA_RESTART|SA_SIGINFO
SIGUSR1: SIG_DFL, sa_mask[0]=00000000000000000000000000000000, sa_flags=none
SIGUSR2: [libjvm.so+0x922300], sa_mask[0]=00000000000000000000000000000000, sa_flags=SA_RESTART|SA_SIGINFO
SIGHUP: [libjvm.so+0x923700], sa_mask[0]=11111111011111111101111111111110, sa_flags=SA_RESTART|SA_SIGINFO
SIGINT: [libjvm.so+0x923700], sa_mask[0]=11111111011111111101111111111110, sa_flags=SA_RESTART|SA_SIGINFO
SIGTERM: [libjvm.so+0x923700], sa_mask[0]=11111111011111111101111111111110, sa_flags=SA_RESTART|SA_SIGINFO
SIGQUIT: [libjvm.so+0x923700], sa_mask[0]=11111111011111111101111111111110, sa_flags=SA_RESTART|SA_SIGINFO


---------------  S Y S T E M  ---------------

OS:DISTRIB_ID=Ubuntu
DISTRIB_RELEASE=14.04
DISTRIB_CODENAME=trusty
DISTRIB_DESCRIPTION="Ubuntu 14.04.5 LTS"

uname:Linux 3.13.0-112-generic #159-Ubuntu SMP Fri Mar 3 15:26:07 UTC 2017 x86_64
libc:glibc 2.19 NPTL 2.19 
rlimit: STACK 8192k, CORE 0k, NPROC 31455, NOFILE 4096, AS infinity
load average:0.65 0.35 0.31

/proc/meminfo:
MemTotal:        4048176 kB
MemFree:          123200 kB
Buffers:            3720 kB
Cached:            88060 kB
SwapCached:            0 kB
Active:          3745324 kB
Inactive:          54244 kB
Active(anon):    3708156 kB
Inactive(anon):    22024 kB
Active(file):      37168 kB
Inactive(file):    32220 kB
Unevictable:          32 kB
Mlocked:              32 kB
SwapTotal:             0 kB
SwapFree:              0 kB
Dirty:               200 kB
Writeback:             0 kB
AnonPages:       3707888 kB
Mapped:            61176 kB
Shmem:             22352 kB
Slab:              53376 kB
SReclaimable:      30188 kB
SUnreclaim:        23188 kB
KernelStack:        4792 kB
PageTables:        26288 kB
NFS_Unstable:          0 kB
Bounce:                0 kB
WritebackTmp:          0 kB
CommitLimit:     2024088 kB
Committed_AS:    5670772 kB
VmallocTotal:   34359738367 kB
VmallocUsed:       14248 kB
VmallocChunk:   34359718076 kB
HardwareCorrupted:     0 kB
AnonHugePages:   2340864 kB
HugePages_Total:       0
HugePages_Free:        0
HugePages_Rsvd:        0
HugePages_Surp:        0
Hugepagesize:       2048 kB
DirectMap4k:       67520 kB
DirectMap2M:     4126720 kB


CPU:total 2 (2 cores per cpu, 1 threads per core) family 6 model 70 stepping 1, cmov, cx8, fxsr, mmx, sse, sse2, sse3, ssse3, sse4.1, sse4.2, popcnt, avx, avx2, aes, clmul, lzcnt, tsc, tscinvbit

/proc/cpuinfo:
processor	: 0
vendor_id	: GenuineIntel
cpu family	: 6
model		: 70
model name	: Intel(R) Core(TM) i7-4870HQ CPU @ 2.50GHz
stepping	: 1
cpu MHz		: 2494.293
cache size	: 6144 KB
physical id	: 0
siblings	: 2
core id		: 0
cpu cores	: 2
apicid		: 0
initial apicid	: 0
fpu		: yes
fpu_exception	: yes
cpuid level	: 13
wp		: yes
flags		: fpu vme de pse tsc msr pae mce cx8 apic sep mtrr pge mca cmov pat pse36 clflush mmx fxsr sse sse2 ht syscall nx rdtscp lm constant_tsc rep_good nopl xtopology nonstop_tsc pni pclmulqdq ssse3 cx16 pcid sse4_1 sse4_2 movbe popcnt aes xsave avx rdrand lahf_lm abm fsgsbase avx2 invpcid
bogomips	: 4988.58
clflush size	: 64
cache_alignment	: 64
address sizes	: 39 bits physical, 48 bits virtual
power management:

processor	: 1
vendor_id	: GenuineIntel
cpu family	: 6
model		: 70
model name	: Intel(R) Core(TM) i7-4870HQ CPU @ 2.50GHz
stepping	: 1
cpu MHz		: 2494.293
cache size	: 6144 KB
physical id	: 0
siblings	: 2
core id		: 1
cpu cores	: 2
apicid		: 1
initial apicid	: 1
fpu		: yes
fpu_exception	: yes
cpuid level	: 13
wp		: yes
flags		: fpu vme de pse tsc msr pae mce cx8 apic sep mtrr pge mca cmov pat pse36 clflush mmx fxsr sse sse2 ht syscall nx rdtscp lm constant_tsc rep_good nopl xtopology nonstop_tsc pni pclmulqdq ssse3 cx16 pcid sse4_1 sse4_2 movbe popcnt aes xsave avx rdrand lahf_lm abm fsgsbase avx2 invpcid
bogomips	: 4988.58
clflush size	: 64
cache_alignment	: 64
address sizes	: 39 bits physical, 48 bits virtual
power management:



Memory: 4k page, physical 4048176k(123200k free), swap 0k(0k free)

vm_info: Java HotSpot(TM) 64-Bit Server VM (25.121-b13) for linux-amd64 JRE (1.8.0_121-b13), built on Dec 12 2016 16:36:53 by "java_re" with gcc 4.3.0 20080428 (Red Hat 4.3.0-8)

time: Sun Jun  9 12:06:43 2019
elapsed time: 8 seconds (0d 0h 0m 8s)

