#
# There is insufficient memory for the Java Runtime Environment to continue.
# Native memory allocation (mmap) failed to map 122159104 bytes for committing reserved memory.
# Possible reasons:
#   The system is out of physical RAM or swap space
#   In 32 bit mode, the process size limit was hit
# Possible solutions:
#   Reduce memory load on the system
#   Increase physical memory or swap space
#   Check if swap backing store is full
#   Use 64 bit Java on a 64 bit OS
#   Decrease Java heap size (-Xmx/-Xms)
#   Decrease number of Java threads
#   Decrease Java thread stack sizes (-Xss)
#   Set larger code cache with -XX:ReservedCodeCacheSize=
# This output file may be truncated or incomplete.
#
#  Out of Memory Error (os_linux.cpp:2627), pid=8398, tid=0x00007eff3bbfb700
#
# JRE version: Java(TM) SE Runtime Environment (8.0_121-b13) (build 1.8.0_121-b13)
# Java VM: Java HotSpot(TM) 64-Bit Server VM (25.121-b13 mixed mode linux-amd64 compressed oops)
# Failed to write core dump. Core dumps have been disabled. To enable core dumping, try "ulimit -c unlimited" before starting Java again
#

---------------  T H R E A D  ---------------

Current thread (0x00007eff500fa800):  VMThread [stack: 0x00007eff3bafb000,0x00007eff3bbfc000] [id=8402]

Stack: [0x00007eff3bafb000,0x00007eff3bbfc000],  sp=0x00007eff3bbfa0c0,  free space=1020k
Native frames: (J=compiled Java code, j=interpreted, Vv=VM code, C=native code)
V  [libjvm.so+0xac703a]  VMError::report_and_die()+0x2ba
V  [libjvm.so+0x4fc7eb]  report_vm_out_of_memory(char const*, int, unsigned long, VMErrorType, char const*)+0x8b
V  [libjvm.so+0x923c43]  os::Linux::commit_memory_impl(char*, unsigned long, bool)+0x103
V  [libjvm.so+0x924199]  os::pd_commit_memory(char*, unsigned long, unsigned long, bool)+0x29
V  [libjvm.so+0x91e4aa]  os::commit_memory(char*, unsigned long, unsigned long, bool)+0x2a
V  [libjvm.so+0x992f03]  PSVirtualSpace::expand_by(unsigned long)+0x53
V  [libjvm.so+0x994308]  PSYoungGen::resize_generation(unsigned long, unsigned long)+0xf8
V  [libjvm.so+0x993462]  PSYoungGen::resize(unsigned long, unsigned long)+0x22
V  [libjvm.so+0x99073b]  PSScavenge::invoke_no_policy()+0xf3b
V  [libjvm.so+0x98b9e5]  PSParallelCompact::invoke(bool)+0x85
V  [libjvm.so+0x4832d4]  CollectedHeap::collect_as_vm_thread(GCCause::Cause)+0x114
V  [libjvm.so+0xac84b1]  VM_CollectForMetadataAllocation::doit()+0x161
V  [libjvm.so+0xad0535]  VM_Operation::evaluate()+0x55
V  [libjvm.so+0xace90a]  VMThread::evaluate_operation(VM_Operation*)+0xba
V  [libjvm.so+0xacec8e]  VMThread::loop()+0x1ce
V  [libjvm.so+0xacf100]  VMThread::run()+0x70
V  [libjvm.so+0x926268]  java_start(Thread*)+0x108

VM_Operation (0x00007eff3b05c820): CollectForMetadataAllocation, mode: safepoint, requested by thread 0x00007eff501ac800


---------------  P R O C E S S  ---------------

Java Threads: ( => current thread )
  0x00007eff50009800 JavaThread "DestroyJavaVM" [_thread_blocked, id=8399, stack(0x00007eff59823000,0x00007eff59924000)]
  0x00007eff501ac800 JavaThread "main" [_thread_blocked, id=8440, stack(0x00007eff3af61000,0x00007eff3b062000)]
  0x00007eff50141800 JavaThread "Service Thread" daemon [_thread_blocked, id=8408, stack(0x00007eff3b36c000,0x00007eff3b46d000)]
  0x00007eff5013e800 JavaThread "C1 CompilerThread1" daemon [_thread_blocked, id=8407, stack(0x00007eff3b46d000,0x00007eff3b56e000)]
  0x00007eff5013b800 JavaThread "C2 CompilerThread0" daemon [_thread_in_native, id=8406, stack(0x00007eff3b56e000,0x00007eff3b66f000)]
  0x00007eff5013a800 JavaThread "Signal Dispatcher" daemon [_thread_blocked, id=8405, stack(0x00007eff3b66f000,0x00007eff3b770000)]
  0x00007eff50107000 JavaThread "Finalizer" daemon [_thread_blocked, id=8404, stack(0x00007eff3b8f9000,0x00007eff3b9fa000)]
  0x00007eff50102000 JavaThread "Reference Handler" daemon [_thread_blocked, id=8403, stack(0x00007eff3b9fa000,0x00007eff3bafb000)]

Other Threads:
=>0x00007eff500fa800 VMThread [stack: 0x00007eff3bafb000,0x00007eff3bbfc000] [id=8402]
  0x00007eff50144000 WatcherThread [stack: 0x00007eff3b26b000,0x00007eff3b36c000] [id=8409]

VM state:at safepoint (normal execution)

VM Mutex/Monitor currently owned by a thread:  ([mutex/lock_event])
[0x00007eff50005e20] Threads_lock - owner thread: 0x00007eff500fa800
[0x00007eff50006320] Heap_lock - owner thread: 0x00007eff501ac800

Heap:
 PSYoungGen      total 210944K, used 5078K [0x00000000eb600000, 0x00000000f8b80000, 0x0000000100000000)
  eden space 203264K, 0% used [0x00000000eb600000,0x00000000eb600000,0x00000000f7c80000)
  from space 7680K, 66% used [0x00000000f7c80000,0x00000000f8175820,0x00000000f8400000)
  to   space 7680K, 0% used [0x00000000f8400000,0x00000000f8400000,0x00000000f8b80000)
 ParOldGen       total 42496K, used 16759K [0x00000000c2200000, 0x00000000c4b80000, 0x00000000eb600000)
  object space 42496K, 39% used [0x00000000c2200000,0x00000000c325df28,0x00000000c4b80000)
 Metaspace       used 20916K, capacity 21098K, committed 21296K, reserved 1069056K
  class space    used 2591K, capacity 2650K, committed 2688K, reserved 1048576K

Card table byte_map: [0x00007eff563d7000,0x00007eff565c7000] byte_map_base: 0x00007eff55dc6000

Marking Bits: (ParMarkBitMap*) 0x00007eff58ce9c80
 Begin Bits: [0x00007eff5419b000, 0x00007eff55113000)
 End Bits:   [0x00007eff55113000, 0x00007eff5608b000)

Polling page: 0x00007eff59933000

CodeCache: size=245760Kb used=7823Kb max_used=7823Kb free=237936Kb
 bounds [0x00007eff41000000, 0x00007eff417b0000, 0x00007eff50000000]
 total_blobs=2597 nmethods=2227 adapters=283
 compilation: enabled

Compilation events (10 events):
Event: 7.283 Thread 0x00007eff5013e800 2430       2       java.util.jar.JarFile::getJarEntry (9 bytes)
Event: 7.283 Thread 0x00007eff5013e800 nmethod 2430 0x00007eff417a6a90 code [0x00007eff417a6c00, 0x00007eff417a6da8]
Event: 7.296 Thread 0x00007eff5013e800 2431       2       org.springframework.core.annotation.AnnotationUtils::isInJavaLangAnnotationPackage (13 bytes)
Event: 7.297 Thread 0x00007eff5013e800 nmethod 2431 0x00007eff417a6e50 code [0x00007eff417a6fe0, 0x00007eff417a7228]
Event: 7.297 Thread 0x00007eff5013e800 2432       1       ch.qos.logback.classic.selector.DefaultContextSelector::getDefaultLoggerContext (5 bytes)
Event: 7.297 Thread 0x00007eff5013e800 nmethod 2432 0x00007eff417a73d0 code [0x00007eff417a7520, 0x00007eff417a7630]
Event: 7.303 Thread 0x00007eff5013e800 2433   !   2       org.springframework.util.ClassUtils::forName (268 bytes)
Event: 7.305 Thread 0x00007eff5013e800 nmethod 2433 0x00007eff417a7690 code [0x00007eff417a7a00, 0x00007eff417a8768]
Event: 7.309 Thread 0x00007eff5013e800 2434       2       org.springframework.asm.ClassReader::readFrameType (162 bytes)
Event: 7.310 Thread 0x00007eff5013e800 nmethod 2434 0x00007eff417a9990 code [0x00007eff417a9ba0, 0x00007eff417aa628]

GC Heap History (10 events):
Event: 3.848 GC heap after
Heap after GC invocations=6 (full 0):
 PSYoungGen      total 71680K, used 3552K [0x00000000eb600000, 0x00000000f0500000, 0x0000000100000000)
  eden space 63488K, 0% used [0x00000000eb600000,0x00000000eb600000,0x00000000ef400000)
  from space 8192K, 43% used [0x00000000efd00000,0x00000000f0078318,0x00000000f0500000)
  to   space 8704K, 0% used [0x00000000ef400000,0x00000000ef400000,0x00000000efc80000)
 ParOldGen       total 42496K, used 10557K [0x00000000c2200000, 0x00000000c4b80000, 0x00000000eb600000)
  object space 42496K, 24% used [0x00000000c2200000,0x00000000c2c4f6c0,0x00000000c4b80000)
 Metaspace       used 9710K, capacity 9848K, committed 9984K, reserved 1058816K
  class space    used 1182K, capacity 1212K, committed 1280K, reserved 1048576K
}
Event: 4.332 GC heap before
{Heap before GC invocations=7 (full 0):
 PSYoungGen      total 71680K, used 67040K [0x00000000eb600000, 0x00000000f0500000, 0x0000000100000000)
  eden space 63488K, 100% used [0x00000000eb600000,0x00000000ef400000,0x00000000ef400000)
  from space 8192K, 43% used [0x00000000efd00000,0x00000000f0078318,0x00000000f0500000)
  to   space 8704K, 0% used [0x00000000ef400000,0x00000000ef400000,0x00000000efc80000)
 ParOldGen       total 42496K, used 10557K [0x00000000c2200000, 0x00000000c4b80000, 0x00000000eb600000)
  object space 42496K, 24% used [0x00000000c2200000,0x00000000c2c4f6c0,0x00000000c4b80000)
 Metaspace       used 12349K, capacity 12568K, committed 12672K, reserved 1060864K
  class space    used 1504K, capacity 1564K, committed 1664K, reserved 1048576K
Event: 4.341 GC heap after
Heap after GC invocations=7 (full 0):
 PSYoungGen      total 72192K, used 2978K [0x00000000eb600000, 0x00000000f4200000, 0x0000000100000000)
  eden space 63488K, 0% used [0x00000000eb600000,0x00000000eb600000,0x00000000ef400000)
  from space 8704K, 34% used [0x00000000ef400000,0x00000000ef6e8a00,0x00000000efc80000)
  to   space 8192K, 0% used [0x00000000f3a00000,0x00000000f3a00000,0x00000000f4200000)
 ParOldGen       total 42496K, used 12756K [0x00000000c2200000, 0x00000000c4b80000, 0x00000000eb600000)
  object space 42496K, 30% used [0x00000000c2200000,0x00000000c2e751c0,0x00000000c4b80000)
 Metaspace       used 12349K, capacity 12568K, committed 12672K, reserved 1060864K
  class space    used 1504K, capacity 1564K, committed 1664K, reserved 1048576K
}
Event: 5.016 GC heap before
{Heap before GC invocations=8 (full 0):
 PSYoungGen      total 72192K, used 66466K [0x00000000eb600000, 0x00000000f4200000, 0x0000000100000000)
  eden space 63488K, 100% used [0x00000000eb600000,0x00000000ef400000,0x00000000ef400000)
  from space 8704K, 34% used [0x00000000ef400000,0x00000000ef6e8a00,0x00000000efc80000)
  to   space 8192K, 0% used [0x00000000f3a00000,0x00000000f3a00000,0x00000000f4200000)
 ParOldGen       total 42496K, used 12756K [0x00000000c2200000, 0x00000000c4b80000, 0x00000000eb600000)
  object space 42496K, 30% used [0x00000000c2200000,0x00000000c2e751c0,0x00000000c4b80000)
 Metaspace       used 16509K, capacity 16688K, committed 17024K, reserved 1064960K
  class space    used 2021K, capacity 2064K, committed 2176K, reserved 1048576K
Event: 5.024 GC heap after
Heap after GC invocations=8 (full 0):
 PSYoungGen      total 135168K, used 4004K [0x00000000eb600000, 0x00000000f4200000, 0x0000000100000000)
  eden space 126976K, 0% used [0x00000000eb600000,0x00000000eb600000,0x00000000f3200000)
  from space 8192K, 48% used [0x00000000f3a00000,0x00000000f3de9150,0x00000000f4200000)
  to   space 8192K, 0% used [0x00000000f3200000,0x00000000f3200000,0x00000000f3a00000)
 ParOldGen       total 42496K, used 12916K [0x00000000c2200000, 0x00000000c4b80000, 0x00000000eb600000)
  object space 42496K, 30% used [0x00000000c2200000,0x00000000c2e9d1c0,0x00000000c4b80000)
 Metaspace       used 16509K, capacity 16688K, committed 17024K, reserved 1064960K
  class space    used 2021K, capacity 2064K, committed 2176K, reserved 1048576K
}
Event: 5.802 GC heap before
{Heap before GC invocations=9 (full 0):
 PSYoungGen      total 135168K, used 130980K [0x00000000eb600000, 0x00000000f4200000, 0x0000000100000000)
  eden space 126976K, 100% used [0x00000000eb600000,0x00000000f3200000,0x00000000f3200000)
  from space 8192K, 48% used [0x00000000f3a00000,0x00000000f3de9150,0x00000000f4200000)
  to   space 8192K, 0% used [0x00000000f3200000,0x00000000f3200000,0x00000000f3a00000)
 ParOldGen       total 42496K, used 12916K [0x00000000c2200000, 0x00000000c4b80000, 0x00000000eb600000)
  object space 42496K, 30% used [0x00000000c2200000,0x00000000c2e9d1c0,0x00000000c4b80000)
 Metaspace       used 18800K, capacity 18956K, committed 19072K, reserved 1067008K
  class space    used 2335K, capacity 2389K, committed 2432K, reserved 1048576K
Event: 5.814 GC heap after
Heap after GC invocations=9 (full 0):
 PSYoungGen      total 135168K, used 4530K [0x00000000eb600000, 0x00000000f8b80000, 0x0000000100000000)
  eden space 126976K, 0% used [0x00000000eb600000,0x00000000eb600000,0x00000000f3200000)
  from space 8192K, 55% used [0x00000000f3200000,0x00000000f366ca00,0x00000000f3a00000)
  to   space 7680K, 0% used [0x00000000f8400000,0x00000000f8400000,0x00000000f8b80000)
 ParOldGen       total 42496K, used 13252K [0x00000000c2200000, 0x00000000c4b80000, 0x00000000eb600000)
  object space 42496K, 31% used [0x00000000c2200000,0x00000000c2ef11d0,0x00000000c4b80000)
 Metaspace       used 18800K, capacity 18956K, committed 19072K, reserved 1067008K
  class space    used 2335K, capacity 2389K, committed 2432K, reserved 1048576K
}
Event: 6.933 GC heap before
{Heap before GC invocations=10 (full 0):
 PSYoungGen      total 135168K, used 131506K [0x00000000eb600000, 0x00000000f8b80000, 0x0000000100000000)
  eden space 126976K, 100% used [0x00000000eb600000,0x00000000f3200000,0x00000000f3200000)
  from space 8192K, 55% used [0x00000000f3200000,0x00000000f366ca00,0x00000000f3a00000)
  to   space 7680K, 0% used [0x00000000f8400000,0x00000000f8400000,0x00000000f8b80000)
 ParOldGen       total 42496K, used 13252K [0x00000000c2200000, 0x00000000c4b80000, 0x00000000eb600000)
  object space 42496K, 31% used [0x00000000c2200000,0x00000000c2ef11d0,0x00000000c4b80000)
 Metaspace       used 20635K, capacity 20900K, committed 21120K, reserved 1067008K
  class space    used 2574K, capacity 2649K, committed 2688K, reserved 1048576K
Event: 6.950 GC heap after
Heap after GC invocations=10 (full 0):
 PSYoungGen      total 210944K, used 4026K [0x00000000eb600000, 0x00000000f8b80000, 0x0000000100000000)
  eden space 203264K, 0% used [0x00000000eb600000,0x00000000eb600000,0x00000000f7c80000)
  from space 7680K, 52% used [0x00000000f8400000,0x00000000f87eea60,0x00000000f8b80000)
  to   space 7680K, 0% used [0x00000000f7c80000,0x00000000f7c80000,0x00000000f8400000)
 ParOldGen       total 42496K, used 15143K [0x00000000c2200000, 0x00000000c4b80000, 0x00000000eb600000)
  object space 42496K, 35% used [0x00000000c2200000,0x00000000c30c9f28,0x00000000c4b80000)
 Metaspace       used 20635K, capacity 20900K, committed 21120K, reserved 1067008K
  class space    used 2574K, capacity 2649K, committed 2688K, reserved 1048576K
}
Event: 7.315 GC heap before
{Heap before GC invocations=11 (full 0):
 PSYoungGen      total 210944K, used 103038K [0x00000000eb600000, 0x00000000f8b80000, 0x0000000100000000)
  eden space 203264K, 48% used [0x00000000eb600000,0x00000000f16b0ec0,0x00000000f7c80000)
  from space 7680K, 52% used [0x00000000f8400000,0x00000000f87eea60,0x00000000f8b80000)
  to   space 7680K, 0% used [0x00000000f7c80000,0x00000000f7c80000,0x00000000f8400000)
 ParOldGen       total 42496K, used 15143K [0x00000000c2200000, 0x00000000c4b80000, 0x00000000eb600000)
  object space 42496K, 35% used [0x00000000c2200000,0x00000000c30c9f28,0x00000000c4b80000)
 Metaspace       used 20916K, capacity 21098K, committed 21296K, reserved 1069056K
  class space    used 2591K, capacity 2650K, committed 2688K, reserved 1048576K

Deoptimization events (10 events):
Event: 6.551 Thread 0x00007eff501ac800 Uncommon trap: reason=unstable_if action=reinterpret pc=0x00007eff413508ac method=java.lang.String.startsWith(Ljava/lang/String;I)Z @ 25
Event: 6.552 Thread 0x00007eff501ac800 Uncommon trap: reason=class_check action=maybe_recompile pc=0x00007eff415a6860 method=sun.misc.URLClassPath$Loader.findResource(Ljava/lang/String;Z)Ljava/net/URL; @ 99
Event: 6.552 Thread 0x00007eff501ac800 Uncommon trap: reason=unstable_if action=reinterpret pc=0x00007eff412b3c04 method=org.springframework.boot.loader.jar.JarFile.getJarEntryData(Lorg/springframework/boot/loader/util/AsciiBytes;)Lorg/springframework/boot/loader/jar/JarEntryData; @ 121
Event: 6.553 Thread 0x00007eff501ac800 Uncommon trap: reason=unstable_if action=reinterpret pc=0x00007eff4132c078 method=org.springframework.boot.loader.util.AsciiBytes.toString()Ljava/lang/String; @ 4
Event: 6.558 Thread 0x00007eff501ac800 Uncommon trap: reason=bimorphic action=maybe_recompile pc=0x00007eff413ac330 method=java.util.regex.Pattern$BmpCharProperty.match(Ljava/util/regex/Matcher;ILjava/lang/CharSequence;)Z @ 31
Event: 6.558 Thread 0x00007eff501ac800 Uncommon trap: reason=unstable_if action=reinterpret pc=0x00007eff4159ebbc method=java.util.regex.Pattern$Slice.match(Ljava/util/regex/Matcher;ILjava/lang/CharSequence;)Z @ 29
Event: 7.138 Thread 0x00007eff501ac800 Uncommon trap: reason=unstable_if action=reinterpret pc=0x00007eff413330b4 method=org.springframework.boot.loader.jar.Handler.openConnection(Ljava/net/URL;)Ljava/net/URLConnection; @ 4
Event: 7.165 Thread 0x00007eff501ac800 Uncommon trap: reason=unstable_if action=reinterpret pc=0x00007eff41328024 method=org.springframework.boot.loader.jar.JarFile.getUrl()Ljava/net/URL; @ 4
Event: 7.166 Thread 0x00007eff501ac800 Uncommon trap: reason=class_check action=maybe_recompile pc=0x00007eff4110ca24 method=java.util.regex.Matcher.search(I)Z @ 86
Event: 7.171 Thread 0x00007eff501ac800 Uncommon trap: reason=bimorphic action=maybe_recompile pc=0x00007eff413ac330 method=java.util.regex.Pattern$BmpCharProperty.match(Ljava/util/regex/Matcher;ILjava/lang/CharSequence;)Z @ 31

Internal exceptions (10 events):
Event: 5.902 Thread 0x00007eff501ac800 Exception <a 'java/lang/ClassNotFoundException': java/lang/ObjectCustomizer> (0x00000000ec642e70) thrown at [/HUDSON3/workspace/8-2-build-linux-amd64/jdk8u121/8372/hotspot/src/share/vm/classfile/systemDictionary.cpp, line 210]
Event: 5.903 Thread 0x00007eff501ac800 Exception <a 'java/lang/ClassNotFoundException': org/springframework/cloud/bootstrap/config/PropertySourceBootstrapPropertiesCustomizer> (0x00000000ec7736d8) thrown at [/HUDSON3/workspace/8-2-build-linux-amd64/jdk8u121/8372/hotspot/src/share/vm/classfile/
Event: 5.917 Thread 0x00007eff501ac800 Exception <a 'java/lang/ClassNotFoundException': java/lang/ObjectCustomizer> (0x00000000ec92b498) thrown at [/HUDSON3/workspace/8-2-build-linux-amd64/jdk8u121/8372/hotspot/src/share/vm/classfile/systemDictionary.cpp, line 210]
Event: 5.918 Thread 0x00007eff501ac800 Exception <a 'java/lang/ClassNotFoundException': org/springframework/cloud/bootstrap/encrypt/EnvironmentDecryptApplicationInitializerCustomizer> (0x00000000eca67f18) thrown at [/HUDSON3/workspace/8-2-build-linux-amd64/jdk8u121/8372/hotspot/src/share/vm/cl
Event: 6.196 Thread 0x00007eff501ac800 Implicit null exception at 0x00007eff413b1e18 to 0x00007eff413b1ea6
Event: 6.197 Thread 0x00007eff501ac800 Implicit null exception at 0x00007eff4123c36f to 0x00007eff4123c3d9
Event: 6.336 Thread 0x00007eff501ac800 Exception <a 'java/lang/ClassNotFoundException': java/lang/ObjectCustomizer> (0x00000000ef0faf00) thrown at [/HUDSON3/workspace/8-2-build-linux-amd64/jdk8u121/8372/hotspot/src/share/vm/classfile/systemDictionary.cpp, line 210]
Event: 6.337 Thread 0x00007eff501ac800 Exception <a 'java/lang/ClassNotFoundException': org/springframework/boot/SpringApplicationCustomizer> (0x00000000ef1f90a0) thrown at [/HUDSON3/workspace/8-2-build-linux-amd64/jdk8u121/8372/hotspot/src/share/vm/classfile/systemDictionary.cpp, line 210]
Event: 6.461 Thread 0x00007eff501ac800 Implicit null exception at 0x00007eff4161f642 to 0x00007eff4161f965
Event: 7.165 Thread 0x00007eff501ac800 Implicit null exception at 0x00007eff41327014 to 0x00007eff41328011

Events (10 events):
Event: 7.297 loading class org/springframework/boot/autoconfigure/web/DispatcherServletAutoConfiguration$DefaultDispatcherServletCondition done
Event: 7.298 loading class demo/RestApi
Event: 7.298 loading class demo/RestApi done
Event: 7.300 loading class org/springframework/boot/autoconfigure/web/WebMvcProperties
Event: 7.300 loading class org/springframework/boot/autoconfigure/web/WebMvcProperties done
Event: 7.313 loading class org/springframework/boot/autoconfigure/web/ErrorMvcAutoConfiguration$ErrorTemplateMissingCondition
Event: 7.313 loading class org/springframework/boot/autoconfigure/web/ErrorMvcAutoConfiguration$ErrorTemplateMissingCondition done
Event: 7.314 loading class org/springframework/boot/autoconfigure/template/TemplateAvailabilityProvider
Event: 7.314 loading class org/springframework/boot/autoconfigure/template/TemplateAvailabilityProvider done
Event: 7.314 Executing VM operation: CollectForMetadataAllocation


Dynamic libraries:
00400000-00401000 r-xp 00000000 08:01 406103                             /usr/lib/jvm/java-8-oracle/jre/bin/java
00600000-00601000 rw-p 00000000 08:01 406103                             /usr/lib/jvm/java-8-oracle/jre/bin/java
01736000-01757000 rw-p 00000000 00:00 0                                  [heap]
c2200000-c4b80000 rw-p 00000000 00:00 0 
c4b80000-eb600000 ---p 00000000 00:00 0 
eb600000-f8b80000 rw-p 00000000 00:00 0 
100000000-1002a0000 rw-p 00000000 00:00 0 
1002a0000-140000000 ---p 00000000 00:00 0 
7eff08000000-7eff08797000 rw-p 00000000 00:00 0 
7eff08797000-7eff0c000000 ---p 00000000 00:00 0 
7eff0c000000-7eff0c3a5000 rw-p 00000000 00:00 0 
7eff0c3a5000-7eff10000000 ---p 00000000 00:00 0 
7eff10000000-7eff10021000 rw-p 00000000 00:00 0 
7eff10021000-7eff14000000 ---p 00000000 00:00 0 
7eff14000000-7eff160d9000 rw-p 00000000 00:00 0 
7eff160d9000-7eff18000000 ---p 00000000 00:00 0 
7eff18000000-7eff186fe000 rw-p 00000000 00:00 0 
7eff186fe000-7eff1c000000 ---p 00000000 00:00 0 
7eff1c000000-7eff1c021000 rw-p 00000000 00:00 0 
7eff1c021000-7eff20000000 ---p 00000000 00:00 0 
7eff20000000-7eff20021000 rw-p 00000000 00:00 0 
7eff20021000-7eff24000000 ---p 00000000 00:00 0 
7eff24000000-7eff24e00000 rw-p 00000000 00:00 0 
7eff24e00000-7eff28000000 ---p 00000000 00:00 0 
7eff28000000-7eff28021000 rw-p 00000000 00:00 0 
7eff28021000-7eff2c000000 ---p 00000000 00:00 0 
7eff2c000000-7eff2c021000 rw-p 00000000 00:00 0 
7eff2c021000-7eff30000000 ---p 00000000 00:00 0 
7eff30000000-7eff30294000 rw-p 00000000 00:00 0 
7eff30294000-7eff34000000 ---p 00000000 00:00 0 
7eff34000000-7eff34027000 rw-p 00000000 00:00 0 
7eff34027000-7eff38000000 ---p 00000000 00:00 0 
7eff39a9e000-7eff39aca000 rw-p 00000000 00:00 0 
7eff39aca000-7eff39c9e000 ---p 00000000 00:00 0 
7eff39c9e000-7eff39e9e000 rw-p 00000000 00:00 0 
7eff39e9e000-7eff39f33000 r--s 01109000 08:01 406049                     /usr/lib/jvm/java-8-oracle/jre/lib/ext/jfxrt.jar
7eff39f33000-7eff3a133000 rw-p 00000000 00:00 0 
7eff3a133000-7eff3a144000 r-xp 00000000 08:01 406016                     /usr/lib/jvm/java-8-oracle/jre/lib/amd64/libnio.so
7eff3a144000-7eff3a343000 ---p 00011000 08:01 406016                     /usr/lib/jvm/java-8-oracle/jre/lib/amd64/libnio.so
7eff3a343000-7eff3a344000 rw-p 00010000 08:01 406016                     /usr/lib/jvm/java-8-oracle/jre/lib/amd64/libnio.so
7eff3a344000-7eff3a544000 rw-p 00000000 00:00 0 
7eff3a544000-7eff3a744000 rw-p 00000000 00:00 0 
7eff3a744000-7eff3a944000 rw-p 00000000 00:00 0 
7eff3a944000-7eff3a947000 r-xp 00000000 08:01 59303                      /lib/x86_64-linux-gnu/libnss_myhostname.so.2
7eff3a947000-7eff3ab46000 ---p 00003000 08:01 59303                      /lib/x86_64-linux-gnu/libnss_myhostname.so.2
7eff3ab46000-7eff3ab47000 r--p 00002000 08:01 59303                      /lib/x86_64-linux-gnu/libnss_myhostname.so.2
7eff3ab47000-7eff3ab48000 rw-p 00003000 08:01 59303                      /lib/x86_64-linux-gnu/libnss_myhostname.so.2
7eff3ab48000-7eff3ab5e000 r-xp 00000000 08:01 406001                     /usr/lib/jvm/java-8-oracle/jre/lib/amd64/libnet.so
7eff3ab5e000-7eff3ad5e000 ---p 00016000 08:01 406001                     /usr/lib/jvm/java-8-oracle/jre/lib/amd64/libnet.so
7eff3ad5e000-7eff3ad5f000 rw-p 00016000 08:01 406001                     /usr/lib/jvm/java-8-oracle/jre/lib/amd64/libnet.so
7eff3ad5f000-7eff3ad62000 ---p 00000000 00:00 0 
7eff3ad62000-7eff3ae60000 rw-p 00000000 00:00 0 
7eff3ae60000-7eff3ae63000 ---p 00000000 00:00 0 
7eff3ae63000-7eff3af61000 rw-p 00000000 00:00 0 
7eff3af61000-7eff3af64000 ---p 00000000 00:00 0 
7eff3af64000-7eff3b062000 rw-p 00000000 00:00 0                          [stack:8440]
7eff3b062000-7eff3b06b000 r-xp 00000000 08:01 405973                     /usr/lib/jvm/java-8-oracle/jre/lib/amd64/libmanagement.so
7eff3b06b000-7eff3b26a000 ---p 00009000 08:01 405973                     /usr/lib/jvm/java-8-oracle/jre/lib/amd64/libmanagement.so
7eff3b26a000-7eff3b26b000 rw-p 00008000 08:01 405973                     /usr/lib/jvm/java-8-oracle/jre/lib/amd64/libmanagement.so
7eff3b26b000-7eff3b26c000 ---p 00000000 00:00 0 
7eff3b26c000-7eff3b36c000 rw-p 00000000 00:00 0                          [stack:8409]
7eff3b36c000-7eff3b36f000 ---p 00000000 00:00 0 
7eff3b36f000-7eff3b46d000 rw-p 00000000 00:00 0                          [stack:8408]
7eff3b46d000-7eff3b470000 ---p 00000000 00:00 0 
7eff3b470000-7eff3b56e000 rw-p 00000000 00:00 0                          [stack:8407]
7eff3b56e000-7eff3b571000 ---p 00000000 00:00 0 
7eff3b571000-7eff3b66f000 rw-p 00000000 00:00 0                          [stack:8406]
7eff3b66f000-7eff3b672000 ---p 00000000 00:00 0 
7eff3b672000-7eff3b770000 rw-p 00000000 00:00 0                          [stack:8405]
7eff3b770000-7eff3b8f9000 r--p 00000000 08:01 9835                       /usr/lib/locale/locale-archive
7eff3b8f9000-7eff3b8fc000 ---p 00000000 00:00 0 
7eff3b8fc000-7eff3b9fa000 rw-p 00000000 00:00 0                          [stack:8404]
7eff3b9fa000-7eff3b9fd000 ---p 00000000 00:00 0 
7eff3b9fd000-7eff3bafb000 rw-p 00000000 00:00 0                          [stack:8403]
7eff3bafb000-7eff3bafc000 ---p 00000000 00:00 0 
7eff3bafc000-7eff3c000000 rw-p 00000000 00:00 0                          [stack:8402]
7eff3c000000-7eff3c021000 rw-p 00000000 00:00 0 
7eff3c021000-7eff40000000 ---p 00000000 00:00 0 
7eff40034000-7eff40438000 rw-p 00000000 00:00 0 
7eff40438000-7eff40611000 r--s 03d3e000 08:01 405863                     /usr/lib/jvm/java-8-oracle/jre/lib/rt.jar
7eff40611000-7eff41000000 rw-p 00000000 00:00 0 
7eff41000000-7eff417b0000 rwxp 00000000 00:00 0 
7eff417b0000-7eff50000000 ---p 00000000 00:00 0 
7eff50000000-7eff5041b000 rw-p 00000000 00:00 0 
7eff5041b000-7eff54000000 ---p 00000000 00:00 0 
7eff54033000-7eff54046000 r--s 00345000 08:01 406037                     /usr/lib/jvm/java-8-oracle/jre/lib/resources.jar
7eff54046000-7eff5404b000 r--s 002f9000 08:01 405820                     /usr/lib/jvm/java-8-oracle/jre/lib/charsets.jar
7eff5404b000-7eff5608b000 rw-p 00000000 00:00 0 
7eff5608b000-7eff5608c000 ---p 00000000 00:00 0 
7eff5608c000-7eff5618c000 rw-p 00000000 00:00 0                          [stack:8401]
7eff5618c000-7eff5618d000 ---p 00000000 00:00 0 
7eff5618d000-7eff562a2000 rw-p 00000000 00:00 0                          [stack:8400]
7eff562a2000-7eff563d7000 ---p 00000000 00:00 0 
7eff563d7000-7eff563ec000 rw-p 00000000 00:00 0 
7eff563ec000-7eff56521000 ---p 00000000 00:00 0 
7eff56521000-7eff5658c000 rw-p 00000000 00:00 0 
7eff5658c000-7eff565c6000 ---p 00000000 00:00 0 
7eff565c6000-7eff565e6000 rw-p 00000000 00:00 0 
7eff565e6000-7eff56987000 ---p 00000000 00:00 0 
7eff56987000-7eff569a1000 r-xp 00000000 08:01 406009                     /usr/lib/jvm/java-8-oracle/jre/lib/amd64/libzip.so
7eff569a1000-7eff56ba1000 ---p 0001a000 08:01 406009                     /usr/lib/jvm/java-8-oracle/jre/lib/amd64/libzip.so
7eff56ba1000-7eff56ba2000 rw-p 0001a000 08:01 406009                     /usr/lib/jvm/java-8-oracle/jre/lib/amd64/libzip.so
7eff56ba2000-7eff56bac000 r-xp 00000000 08:01 2331                       /lib/x86_64-linux-gnu/libnss_files-2.19.so
7eff56bac000-7eff56dab000 ---p 0000a000 08:01 2331                       /lib/x86_64-linux-gnu/libnss_files-2.19.so
7eff56dab000-7eff56dac000 r--p 00009000 08:01 2331                       /lib/x86_64-linux-gnu/libnss_files-2.19.so
7eff56dac000-7eff56dad000 rw-p 0000a000 08:01 2331                       /lib/x86_64-linux-gnu/libnss_files-2.19.so
7eff56dad000-7eff56db8000 r-xp 00000000 08:01 2243                       /lib/x86_64-linux-gnu/libnss_nis-2.19.so
7eff56db8000-7eff56fb7000 ---p 0000b000 08:01 2243                       /lib/x86_64-linux-gnu/libnss_nis-2.19.so
7eff56fb7000-7eff56fb8000 r--p 0000a000 08:01 2243                       /lib/x86_64-linux-gnu/libnss_nis-2.19.so
7eff56fb8000-7eff56fb9000 rw-p 0000b000 08:01 2243                       /lib/x86_64-linux-gnu/libnss_nis-2.19.so
7eff56fb9000-7eff56fd0000 r-xp 00000000 08:01 2307                       /lib/x86_64-linux-gnu/libnsl-2.19.so
7eff56fd0000-7eff571cf000 ---p 00017000 08:01 2307                       /lib/x86_64-linux-gnu/libnsl-2.19.so
7eff571cf000-7eff571d0000 r--p 00016000 08:01 2307                       /lib/x86_64-linux-gnu/libnsl-2.19.so
7eff571d0000-7eff571d1000 rw-p 00017000 08:01 2307                       /lib/x86_64-linux-gnu/libnsl-2.19.so
7eff571d1000-7eff571d3000 rw-p 00000000 00:00 0 
7eff571d3000-7eff571dc000 r-xp 00000000 08:01 2282                       /lib/x86_64-linux-gnu/libnss_compat-2.19.so
7eff571dc000-7eff573db000 ---p 00009000 08:01 2282                       /lib/x86_64-linux-gnu/libnss_compat-2.19.so
7eff573db000-7eff573dc000 r--p 00008000 08:01 2282                       /lib/x86_64-linux-gnu/libnss_compat-2.19.so
7eff573dc000-7eff573dd000 rw-p 00009000 08:01 2282                       /lib/x86_64-linux-gnu/libnss_compat-2.19.so
7eff573dd000-7eff57408000 r-xp 00000000 08:01 406005                     /usr/lib/jvm/java-8-oracle/jre/lib/amd64/libjava.so
7eff57408000-7eff57607000 ---p 0002b000 08:01 406005                     /usr/lib/jvm/java-8-oracle/jre/lib/amd64/libjava.so
7eff57607000-7eff57609000 rw-p 0002a000 08:01 406005                     /usr/lib/jvm/java-8-oracle/jre/lib/amd64/libjava.so
7eff57609000-7eff57616000 r-xp 00000000 08:01 405987                     /usr/lib/jvm/java-8-oracle/jre/lib/amd64/libverify.so
7eff57616000-7eff57815000 ---p 0000d000 08:01 405987                     /usr/lib/jvm/java-8-oracle/jre/lib/amd64/libverify.so
7eff57815000-7eff57817000 rw-p 0000c000 08:01 405987                     /usr/lib/jvm/java-8-oracle/jre/lib/amd64/libverify.so
7eff57817000-7eff5781e000 r-xp 00000000 08:01 2255                       /lib/x86_64-linux-gnu/librt-2.19.so
7eff5781e000-7eff57a1d000 ---p 00007000 08:01 2255                       /lib/x86_64-linux-gnu/librt-2.19.so
7eff57a1d000-7eff57a1e000 r--p 00006000 08:01 2255                       /lib/x86_64-linux-gnu/librt-2.19.so
7eff57a1e000-7eff57a1f000 rw-p 00007000 08:01 2255                       /lib/x86_64-linux-gnu/librt-2.19.so
7eff57a1f000-7eff57b24000 r-xp 00000000 08:01 2240                       /lib/x86_64-linux-gnu/libm-2.19.so
7eff57b24000-7eff57d23000 ---p 00105000 08:01 2240                       /lib/x86_64-linux-gnu/libm-2.19.so
7eff57d23000-7eff57d24000 r--p 00104000 08:01 2240                       /lib/x86_64-linux-gnu/libm-2.19.so
7eff57d24000-7eff57d25000 rw-p 00105000 08:01 2240                       /lib/x86_64-linux-gnu/libm-2.19.so
7eff57d25000-7eff589f3000 r-xp 00000000 08:01 405999                     /usr/lib/jvm/java-8-oracle/jre/lib/amd64/server/libjvm.so
7eff589f3000-7eff58bf3000 ---p 00cce000 08:01 405999                     /usr/lib/jvm/java-8-oracle/jre/lib/amd64/server/libjvm.so
7eff58bf3000-7eff58ccc000 rw-p 00cce000 08:01 405999                     /usr/lib/jvm/java-8-oracle/jre/lib/amd64/server/libjvm.so
7eff58ccc000-7eff58d17000 rw-p 00000000 00:00 0 
7eff58d17000-7eff58ed1000 r-xp 00000000 08:01 2302                       /lib/x86_64-linux-gnu/libc-2.19.so
7eff58ed1000-7eff590d1000 ---p 001ba000 08:01 2302                       /lib/x86_64-linux-gnu/libc-2.19.so
7eff590d1000-7eff590d5000 r--p 001ba000 08:01 2302                       /lib/x86_64-linux-gnu/libc-2.19.so
7eff590d5000-7eff590d7000 rw-p 001be000 08:01 2302                       /lib/x86_64-linux-gnu/libc-2.19.so
7eff590d7000-7eff590dc000 rw-p 00000000 00:00 0 
7eff590dc000-7eff590df000 r-xp 00000000 08:01 2147                       /lib/x86_64-linux-gnu/libdl-2.19.so
7eff590df000-7eff592de000 ---p 00003000 08:01 2147                       /lib/x86_64-linux-gnu/libdl-2.19.so
7eff592de000-7eff592df000 r--p 00002000 08:01 2147                       /lib/x86_64-linux-gnu/libdl-2.19.so
7eff592df000-7eff592e0000 rw-p 00003000 08:01 2147                       /lib/x86_64-linux-gnu/libdl-2.19.so
7eff592e0000-7eff592f5000 r-xp 00000000 08:01 405992                     /usr/lib/jvm/java-8-oracle/jre/lib/amd64/jli/libjli.so
7eff592f5000-7eff594f5000 ---p 00015000 08:01 405992                     /usr/lib/jvm/java-8-oracle/jre/lib/amd64/jli/libjli.so
7eff594f5000-7eff594f6000 rw-p 00015000 08:01 405992                     /usr/lib/jvm/java-8-oracle/jre/lib/amd64/jli/libjli.so
7eff594f6000-7eff5950f000 r-xp 00000000 08:01 2311                       /lib/x86_64-linux-gnu/libpthread-2.19.so
7eff5950f000-7eff5970e000 ---p 00019000 08:01 2311                       /lib/x86_64-linux-gnu/libpthread-2.19.so
7eff5970e000-7eff5970f000 r--p 00018000 08:01 2311                       /lib/x86_64-linux-gnu/libpthread-2.19.so
7eff5970f000-7eff59710000 rw-p 00019000 08:01 2311                       /lib/x86_64-linux-gnu/libpthread-2.19.so
7eff59710000-7eff59714000 rw-p 00000000 00:00 0 
7eff59714000-7eff59737000 r-xp 00000000 08:01 2308                       /lib/x86_64-linux-gnu/ld-2.19.so
7eff59739000-7eff5973e000 r--s 01a5e000 00:23 1436                       /vagrant_data/week4-for-students/dashboard/target/dashboard-1.0.0.BUILD-SNAPSHOT.jar
7eff5973e000-7eff59823000 rw-p 00000000 00:00 0 
7eff59823000-7eff59826000 ---p 00000000 00:00 0 
7eff59826000-7eff59928000 rw-p 00000000 00:00 0                          [stack:8399]
7eff59929000-7eff5992a000 rw-p 00000000 00:00 0 
7eff5992a000-7eff59932000 rw-s 00000000 08:01 410188                     /tmp/hsperfdata_vagrant/8398
7eff59932000-7eff59933000 rw-p 00000000 00:00 0 
7eff59933000-7eff59934000 ---p 00000000 00:00 0 
7eff59934000-7eff59936000 rw-p 00000000 00:00 0 
7eff59936000-7eff59937000 r--p 00022000 08:01 2308                       /lib/x86_64-linux-gnu/ld-2.19.so
7eff59937000-7eff59938000 rw-p 00023000 08:01 2308                       /lib/x86_64-linux-gnu/ld-2.19.so
7eff59938000-7eff59939000 rw-p 00000000 00:00 0 
7fffe507b000-7fffe509c000 rw-p 00000000 00:00 0                          [stack]
7fffe50f5000-7fffe50f7000 r-xp 00000000 00:00 0                          [vdso]
ffffffffff600000-ffffffffff601000 r-xp 00000000 00:00 0                  [vsyscall]

VM Arguments:
java_command: dashboard/target/dashboard-1.0.0.BUILD-SNAPSHOT.jar
java_class_path (initial): dashboard/target/dashboard-1.0.0.BUILD-SNAPSHOT.jar
Launcher Type: SUN_STANDARD

Environment Variables:
JAVA_HOME=/usr/lib/jvm/java-8-oracle
PATH=/usr/local/sbin:/usr/local/bin:/usr/sbin:/usr/bin:/sbin:/bin:/usr/games:/usr/local/games:/usr/lib/jvm/java-8-oracle/bin:/usr/lib/jvm/java-8-oracle/db/bin:/usr/lib/jvm/java-8-oracle/jre/bin
SHELL=/bin/zsh
DISPLAY=:0.0

Signal Handlers:
SIGSEGV: [libjvm.so+0xac78c0], sa_mask[0]=11111111011111111101111111111110, sa_flags=SA_RESTART|SA_SIGINFO
SIGBUS: [libjvm.so+0xac78c0], sa_mask[0]=11111111011111111101111111111110, sa_flags=SA_RESTART|SA_SIGINFO
SIGFPE: [libjvm.so+0x920ac0], sa_mask[0]=11111111011111111101111111111110, sa_flags=SA_RESTART|SA_SIGINFO
SIGPIPE: [libjvm.so+0x920ac0], sa_mask[0]=11111111011111111101111111111110, sa_flags=SA_RESTART|SA_SIGINFO
SIGXFSZ: [libjvm.so+0x920ac0], sa_mask[0]=11111111011111111101111111111110, sa_flags=SA_RESTART|SA_SIGINFO
SIGILL: [libjvm.so+0x920ac0], sa_mask[0]=11111111011111111101111111111110, sa_flags=SA_RESTART|SA_SIGINFO
SIGUSR1: SIG_DFL, sa_mask[0]=00000000000000000000000000000000, sa_flags=none
SIGUSR2: [libjvm.so+0x922300], sa_mask[0]=00000000000000000000000000000000, sa_flags=SA_RESTART|SA_SIGINFO
SIGHUP: [libjvm.so+0x923700], sa_mask[0]=11111111011111111101111111111110, sa_flags=SA_RESTART|SA_SIGINFO
SIGINT: [libjvm.so+0x923700], sa_mask[0]=11111111011111111101111111111110, sa_flags=SA_RESTART|SA_SIGINFO
SIGTERM: [libjvm.so+0x923700], sa_mask[0]=11111111011111111101111111111110, sa_flags=SA_RESTART|SA_SIGINFO
SIGQUIT: [libjvm.so+0x923700], sa_mask[0]=11111111011111111101111111111110, sa_flags=SA_RESTART|SA_SIGINFO


---------------  S Y S T E M  ---------------

OS:DISTRIB_ID=Ubuntu
DISTRIB_RELEASE=14.04
DISTRIB_CODENAME=trusty
DISTRIB_DESCRIPTION="Ubuntu 14.04.5 LTS"

uname:Linux 3.13.0-112-generic #159-Ubuntu SMP Fri Mar 3 15:26:07 UTC 2017 x86_64
libc:glibc 2.19 NPTL 2.19 
rlimit: STACK 8192k, CORE 0k, NPROC 31455, NOFILE 4096, AS infinity
load average:0.80 0.60 0.87

/proc/meminfo:
MemTotal:        4048176 kB
MemFree:          121508 kB
Buffers:             264 kB
Cached:            97852 kB
SwapCached:            0 kB
Active:          3744404 kB
Inactive:          70676 kB
Active(anon):    3717252 kB
Inactive(anon):    35736 kB
Active(file):      27152 kB
Inactive(file):    34940 kB
Unevictable:          32 kB
Mlocked:              32 kB
SwapTotal:             0 kB
SwapFree:              0 kB
Dirty:               272 kB
Writeback:             0 kB
AnonPages:       3716888 kB
Mapped:            88144 kB
Shmem:             36012 kB
Slab:              42032 kB
SReclaimable:      19440 kB
SUnreclaim:        22592 kB
KernelStack:        5032 kB
PageTables:        26516 kB
NFS_Unstable:          0 kB
Bounce:                0 kB
WritebackTmp:          0 kB
CommitLimit:     2024088 kB
Committed_AS:    5973212 kB
VmallocTotal:   34359738367 kB
VmallocUsed:       14280 kB
VmallocChunk:   34359718908 kB
HardwareCorrupted:     0 kB
AnonHugePages:   2422784 kB
HugePages_Total:       0
HugePages_Free:        0
HugePages_Rsvd:        0
HugePages_Surp:        0
Hugepagesize:       2048 kB
DirectMap4k:       59328 kB
DirectMap2M:     4134912 kB


CPU:total 2 (2 cores per cpu, 1 threads per core) family 6 model 70 stepping 1, cmov, cx8, fxsr, mmx, sse, sse2, sse3, ssse3, sse4.1, sse4.2, popcnt, avx, avx2, aes, clmul, lzcnt, tsc, tscinvbit

/proc/cpuinfo:
processor	: 0
vendor_id	: GenuineIntel
cpu family	: 6
model		: 70
model name	: Intel(R) Core(TM) i7-4870HQ CPU @ 2.50GHz
stepping	: 1
cpu MHz		: 2494.188
cache size	: 6144 KB
physical id	: 0
siblings	: 2
core id		: 0
cpu cores	: 2
apicid		: 0
initial apicid	: 0
fpu		: yes
fpu_exception	: yes
cpuid level	: 13
wp		: yes
flags		: fpu vme de pse tsc msr pae mce cx8 apic sep mtrr pge mca cmov pat pse36 clflush mmx fxsr sse sse2 ht syscall nx rdtscp lm constant_tsc rep_good nopl xtopology nonstop_tsc pni pclmulqdq ssse3 cx16 pcid sse4_1 sse4_2 movbe popcnt aes xsave avx rdrand lahf_lm abm fsgsbase avx2 invpcid
bogomips	: 4988.37
clflush size	: 64
cache_alignment	: 64
address sizes	: 39 bits physical, 48 bits virtual
power management:

processor	: 1
vendor_id	: GenuineIntel
cpu family	: 6
model		: 70
model name	: Intel(R) Core(TM) i7-4870HQ CPU @ 2.50GHz
stepping	: 1
cpu MHz		: 2494.188
cache size	: 6144 KB
physical id	: 0
siblings	: 2
core id		: 1
cpu cores	: 2
apicid		: 1
initial apicid	: 1
fpu		: yes
fpu_exception	: yes
cpuid level	: 13
wp		: yes
flags		: fpu vme de pse tsc msr pae mce cx8 apic sep mtrr pge mca cmov pat pse36 clflush mmx fxsr sse sse2 ht syscall nx rdtscp lm constant_tsc rep_good nopl xtopology nonstop_tsc pni pclmulqdq ssse3 cx16 pcid sse4_1 sse4_2 movbe popcnt aes xsave avx rdrand lahf_lm abm fsgsbase avx2 invpcid
bogomips	: 4988.37
clflush size	: 64
cache_alignment	: 64
address sizes	: 39 bits physical, 48 bits virtual
power management:



Memory: 4k page, physical 4048176k(121508k free), swap 0k(0k free)

vm_info: Java HotSpot(TM) 64-Bit Server VM (25.121-b13) for linux-amd64 JRE (1.8.0_121-b13), built on Dec 12 2016 16:36:53 by "java_re" with gcc 4.3.0 20080428 (Red Hat 4.3.0-8)

time: Sun Jun  9 13:22:43 2019
elapsed time: 7 seconds (0d 0h 0m 7s)

