#
# There is insufficient memory for the Java Runtime Environment to continue.
# Native memory allocation (mmap) failed to map 122159104 bytes for committing reserved memory.
# Possible reasons:
#   The system is out of physical RAM or swap space
#   In 32 bit mode, the process size limit was hit
# Possible solutions:
#   Reduce memory load on the system
#   Increase physical memory or swap space
#   Check if swap backing store is full
#   Use 64 bit Java on a 64 bit OS
#   Decrease Java heap size (-Xmx/-Xms)
#   Decrease number of Java threads
#   Decrease Java thread stack sizes (-Xss)
#   Set larger code cache with -XX:ReservedCodeCacheSize=
# This output file may be truncated or incomplete.
#
#  Out of Memory Error (os_linux.cpp:2627), pid=8325, tid=0x00007f953aa08700
#
# JRE version: Java(TM) SE Runtime Environment (8.0_121-b13) (build 1.8.0_121-b13)
# Java VM: Java HotSpot(TM) 64-Bit Server VM (25.121-b13 mixed mode linux-amd64 compressed oops)
# Failed to write core dump. Core dumps have been disabled. To enable core dumping, try "ulimit -c unlimited" before starting Java again
#

---------------  T H R E A D  ---------------

Current thread (0x00007f954c0fa800):  VMThread [stack: 0x00007f953a908000,0x00007f953aa09000] [id=8329]

Stack: [0x00007f953a908000,0x00007f953aa09000],  sp=0x00007f953aa06f40,  free space=1019k
Native frames: (J=compiled Java code, j=interpreted, Vv=VM code, C=native code)
V  [libjvm.so+0xac703a]  VMError::report_and_die()+0x2ba
V  [libjvm.so+0x4fc7eb]  report_vm_out_of_memory(char const*, int, unsigned long, VMErrorType, char const*)+0x8b
V  [libjvm.so+0x923c43]  os::Linux::commit_memory_impl(char*, unsigned long, bool)+0x103
V  [libjvm.so+0x924199]  os::pd_commit_memory(char*, unsigned long, unsigned long, bool)+0x29
V  [libjvm.so+0x91e4aa]  os::commit_memory(char*, unsigned long, unsigned long, bool)+0x2a
V  [libjvm.so+0x992f03]  PSVirtualSpace::expand_by(unsigned long)+0x53
V  [libjvm.so+0x994308]  PSYoungGen::resize_generation(unsigned long, unsigned long)+0xf8
V  [libjvm.so+0x993462]  PSYoungGen::resize(unsigned long, unsigned long)+0x22
V  [libjvm.so+0x99073b]  PSScavenge::invoke_no_policy()+0xf3b
V  [libjvm.so+0x98b9e5]  PSParallelCompact::invoke(bool)+0x85
V  [libjvm.so+0x4832d4]  CollectedHeap::collect_as_vm_thread(GCCause::Cause)+0x114
V  [libjvm.so+0xac84b1]  VM_CollectForMetadataAllocation::doit()+0x161
V  [libjvm.so+0xad0535]  VM_Operation::evaluate()+0x55
V  [libjvm.so+0xace90a]  VMThread::evaluate_operation(VM_Operation*)+0xba
V  [libjvm.so+0xacec8e]  VMThread::loop()+0x1ce
V  [libjvm.so+0xacf100]  VMThread::run()+0x70
V  [libjvm.so+0x926268]  java_start(Thread*)+0x108

VM_Operation (0x00007f9539e67ed0): CollectForMetadataAllocation, mode: safepoint, requested by thread 0x00007f954c1a3000


---------------  P R O C E S S  ---------------

Java Threads: ( => current thread )
  0x00007f954c009800 JavaThread "DestroyJavaVM" [_thread_blocked, id=8326, stack(0x00007f95545f2000,0x00007f95546f3000)]
  0x00007f954c1a3000 JavaThread "main" [_thread_blocked, id=8337, stack(0x00007f9539d6e000,0x00007f9539e6f000)]
  0x00007f954c141800 JavaThread "Service Thread" daemon [_thread_blocked, id=8335, stack(0x00007f953a179000,0x00007f953a27a000)]
  0x00007f954c13e800 JavaThread "C1 CompilerThread1" daemon [_thread_blocked, id=8334, stack(0x00007f953a27a000,0x00007f953a37b000)]
  0x00007f954c13b800 JavaThread "C2 CompilerThread0" daemon [_thread_blocked, id=8333, stack(0x00007f953a37b000,0x00007f953a47c000)]
  0x00007f954c13a800 JavaThread "Signal Dispatcher" daemon [_thread_blocked, id=8332, stack(0x00007f953a47c000,0x00007f953a57d000)]
  0x00007f954c107000 JavaThread "Finalizer" daemon [_thread_blocked, id=8331, stack(0x00007f953a706000,0x00007f953a807000)]
  0x00007f954c102000 JavaThread "Reference Handler" daemon [_thread_blocked, id=8330, stack(0x00007f953a807000,0x00007f953a908000)]

Other Threads:
=>0x00007f954c0fa800 VMThread [stack: 0x00007f953a908000,0x00007f953aa09000] [id=8329]
  0x00007f954c144800 WatcherThread [stack: 0x00007f953a078000,0x00007f953a179000] [id=8336]

VM state:at safepoint (normal execution)

VM Mutex/Monitor currently owned by a thread:  ([mutex/lock_event])
[0x00007f954c005e20] Threads_lock - owner thread: 0x00007f954c0fa800
[0x00007f954c006320] Heap_lock - owner thread: 0x00007f954c1a3000

Heap:
 PSYoungGen      total 210944K, used 5133K [0x00000000eb600000, 0x00000000f8b80000, 0x0000000100000000)
  eden space 203264K, 0% used [0x00000000eb600000,0x00000000eb600000,0x00000000f7c80000)
  from space 7680K, 66% used [0x00000000f7c80000,0x00000000f8183698,0x00000000f8400000)
  to   space 7680K, 0% used [0x00000000f8400000,0x00000000f8400000,0x00000000f8b80000)
 ParOldGen       total 42496K, used 16856K [0x00000000c2200000, 0x00000000c4b80000, 0x00000000eb600000)
  object space 42496K, 39% used [0x00000000c2200000,0x00000000c3276288,0x00000000c4b80000)
 Metaspace       used 20919K, capacity 21098K, committed 21296K, reserved 1069056K
  class space    used 2597K, capacity 2650K, committed 2688K, reserved 1048576K

Card table byte_map: [0x00007f95511a6000,0x00007f9551396000] byte_map_base: 0x00007f9550b95000

Marking Bits: (ParMarkBitMap*) 0x00007f9553ab8c80
 Begin Bits: [0x00007f953b110000, 0x00007f953c088000)
 End Bits:   [0x00007f953c088000, 0x00007f953d000000)

Polling page: 0x00007f9554702000

CodeCache: size=245760Kb used=7624Kb max_used=7635Kb free=238135Kb
 bounds [0x00007f953d000000, 0x00007f953d780000, 0x00007f954c000000]
 total_blobs=2554 nmethods=2184 adapters=283
 compilation: enabled

Compilation events (10 events):
Event: 7.292 Thread 0x00007f954c13e800 nmethod 2372 0x00007f953d76e810 code [0x00007f953d76e9c0, 0x00007f953d76ed78]
Event: 7.292 Thread 0x00007f954c13e800 2373       3       org.springframework.boot.loader.jar.JarURLConnection::<init> (86 bytes)
Event: 7.292 Thread 0x00007f954c13b800 nmethod 2219 0x00007f953d773a90 code [0x00007f953d773be0, 0x00007f953d773cb8]
Event: 7.293 Thread 0x00007f954c13e800 nmethod 2373 0x00007f953d775810 code [0x00007f953d775b40, 0x00007f953d7773c8]
Event: 7.296 Thread 0x00007f954c13e800 2374 % !   3       org.springframework.boot.loader.LaunchedURLClassLoader$1::run @ 31 (115 bytes)
Event: 7.297 Thread 0x00007f954c13e800 nmethod 2374% 0x00007f953d778410 code [0x00007f953d7786e0, 0x00007f953d779c28]
Event: 7.298 Thread 0x00007f954c13b800 2375       4       java.lang.String::compareTo (78 bytes)
Event: 7.299 Thread 0x00007f954c13e800 2376   !   3       org.springframework.context.annotation.ConfigurationClassParser::asSourceClass (84 bytes)
Event: 7.299 Thread 0x00007f954c13e800 nmethod 2376 0x00007f953d76f5d0 code [0x00007f953d76f840, 0x00007f953d770748]
Event: 7.300 Thread 0x00007f954c13b800 nmethod 2375 0x00007f953d76e3d0 code [0x00007f953d76e520, 0x00007f953d76e6d8]

GC Heap History (10 events):
Event: 3.813 GC heap after
Heap after GC invocations=6 (full 0):
 PSYoungGen      total 71680K, used 3155K [0x00000000eb600000, 0x00000000f0500000, 0x0000000100000000)
  eden space 63488K, 0% used [0x00000000eb600000,0x00000000eb600000,0x00000000ef400000)
  from space 8192K, 38% used [0x00000000efd00000,0x00000000f0014f28,0x00000000f0500000)
  to   space 8704K, 0% used [0x00000000ef400000,0x00000000ef400000,0x00000000efc80000)
 ParOldGen       total 42496K, used 10641K [0x00000000c2200000, 0x00000000c4b80000, 0x00000000eb600000)
  object space 42496K, 25% used [0x00000000c2200000,0x00000000c2c64618,0x00000000c4b80000)
 Metaspace       used 9354K, capacity 9432K, committed 9728K, reserved 1058816K
  class space    used 1152K, capacity 1180K, committed 1280K, reserved 1048576K
}
Event: 4.403 GC heap before
{Heap before GC invocations=7 (full 0):
 PSYoungGen      total 71680K, used 66643K [0x00000000eb600000, 0x00000000f0500000, 0x0000000100000000)
  eden space 63488K, 100% used [0x00000000eb600000,0x00000000ef400000,0x00000000ef400000)
  from space 8192K, 38% used [0x00000000efd00000,0x00000000f0014f28,0x00000000f0500000)
  to   space 8704K, 0% used [0x00000000ef400000,0x00000000ef400000,0x00000000efc80000)
 ParOldGen       total 42496K, used 10641K [0x00000000c2200000, 0x00000000c4b80000, 0x00000000eb600000)
  object space 42496K, 25% used [0x00000000c2200000,0x00000000c2c64618,0x00000000c4b80000)
 Metaspace       used 12680K, capacity 12792K, committed 12928K, reserved 1060864K
  class space    used 1553K, capacity 1596K, committed 1664K, reserved 1048576K
Event: 4.410 GC heap after
Heap after GC invocations=7 (full 0):
 PSYoungGen      total 72192K, used 3559K [0x00000000eb600000, 0x00000000f4200000, 0x0000000100000000)
  eden space 63488K, 0% used [0x00000000eb600000,0x00000000eb600000,0x00000000ef400000)
  from space 8704K, 40% used [0x00000000ef400000,0x00000000ef779c90,0x00000000efc80000)
  to   space 8192K, 0% used [0x00000000f3a00000,0x00000000f3a00000,0x00000000f4200000)
 ParOldGen       total 42496K, used 12997K [0x00000000c2200000, 0x00000000c4b80000, 0x00000000eb600000)
  object space 42496K, 30% used [0x00000000c2200000,0x00000000c2eb1678,0x00000000c4b80000)
 Metaspace       used 12680K, capacity 12792K, committed 12928K, reserved 1060864K
  class space    used 1553K, capacity 1596K, committed 1664K, reserved 1048576K
}
Event: 5.051 GC heap before
{Heap before GC invocations=8 (full 0):
 PSYoungGen      total 72192K, used 67047K [0x00000000eb600000, 0x00000000f4200000, 0x0000000100000000)
  eden space 63488K, 100% used [0x00000000eb600000,0x00000000ef400000,0x00000000ef400000)
  from space 8704K, 40% used [0x00000000ef400000,0x00000000ef779c90,0x00000000efc80000)
  to   space 8192K, 0% used [0x00000000f3a00000,0x00000000f3a00000,0x00000000f4200000)
 ParOldGen       total 42496K, used 12997K [0x00000000c2200000, 0x00000000c4b80000, 0x00000000eb600000)
  object space 42496K, 30% used [0x00000000c2200000,0x00000000c2eb1678,0x00000000c4b80000)
 Metaspace       used 16675K, capacity 16912K, committed 17024K, reserved 1064960K
  class space    used 2038K, capacity 2096K, committed 2176K, reserved 1048576K
Event: 5.061 GC heap after
Heap after GC invocations=8 (full 0):
 PSYoungGen      total 135168K, used 3730K [0x00000000eb600000, 0x00000000f4200000, 0x0000000100000000)
  eden space 126976K, 0% used [0x00000000eb600000,0x00000000eb600000,0x00000000f3200000)
  from space 8192K, 45% used [0x00000000f3a00000,0x00000000f3da4878,0x00000000f4200000)
  to   space 8192K, 0% used [0x00000000f3200000,0x00000000f3200000,0x00000000f3a00000)
 ParOldGen       total 42496K, used 13165K [0x00000000c2200000, 0x00000000c4b80000, 0x00000000eb600000)
  object space 42496K, 30% used [0x00000000c2200000,0x00000000c2edb688,0x00000000c4b80000)
 Metaspace       used 16675K, capacity 16912K, committed 17024K, reserved 1064960K
  class space    used 2038K, capacity 2096K, committed 2176K, reserved 1048576K
}
Event: 5.909 GC heap before
{Heap before GC invocations=9 (full 0):
 PSYoungGen      total 135168K, used 130706K [0x00000000eb600000, 0x00000000f4200000, 0x0000000100000000)
  eden space 126976K, 100% used [0x00000000eb600000,0x00000000f3200000,0x00000000f3200000)
  from space 8192K, 45% used [0x00000000f3a00000,0x00000000f3da4878,0x00000000f4200000)
  to   space 8192K, 0% used [0x00000000f3200000,0x00000000f3200000,0x00000000f3a00000)
 ParOldGen       total 42496K, used 13165K [0x00000000c2200000, 0x00000000c4b80000, 0x00000000eb600000)
  object space 42496K, 30% used [0x00000000c2200000,0x00000000c2edb688,0x00000000c4b80000)
 Metaspace       used 18935K, capacity 19180K, committed 19328K, reserved 1067008K
  class space    used 2363K, capacity 2421K, committed 2432K, reserved 1048576K
Event: 5.920 GC heap after
Heap after GC invocations=9 (full 0):
 PSYoungGen      total 135168K, used 4566K [0x00000000eb600000, 0x00000000f8b80000, 0x0000000100000000)
  eden space 126976K, 0% used [0x00000000eb600000,0x00000000eb600000,0x00000000f3200000)
  from space 8192K, 55% used [0x00000000f3200000,0x00000000f3675818,0x00000000f3a00000)
  to   space 7680K, 0% used [0x00000000f8400000,0x00000000f8400000,0x00000000f8b80000)
 ParOldGen       total 42496K, used 13341K [0x00000000c2200000, 0x00000000c4b80000, 0x00000000eb600000)
  object space 42496K, 31% used [0x00000000c2200000,0x00000000c2f07698,0x00000000c4b80000)
 Metaspace       used 18935K, capacity 19180K, committed 19328K, reserved 1067008K
  class space    used 2363K, capacity 2421K, committed 2432K, reserved 1048576K
}
Event: 6.885 GC heap before
{Heap before GC invocations=10 (full 0):
 PSYoungGen      total 135168K, used 131542K [0x00000000eb600000, 0x00000000f8b80000, 0x0000000100000000)
  eden space 126976K, 100% used [0x00000000eb600000,0x00000000f3200000,0x00000000f3200000)
  from space 8192K, 55% used [0x00000000f3200000,0x00000000f3675818,0x00000000f3a00000)
  to   space 7680K, 0% used [0x00000000f8400000,0x00000000f8400000,0x00000000f8b80000)
 ParOldGen       total 42496K, used 13341K [0x00000000c2200000, 0x00000000c4b80000, 0x00000000eb600000)
  object space 42496K, 31% used [0x00000000c2200000,0x00000000c2f07698,0x00000000c4b80000)
 Metaspace       used 20620K, capacity 20900K, committed 21120K, reserved 1067008K
  class space    used 2576K, capacity 2649K, committed 2688K, reserved 1048576K
Event: 6.898 GC heap after
Heap after GC invocations=10 (full 0):
 PSYoungGen      total 210944K, used 4026K [0x00000000eb600000, 0x00000000f8b80000, 0x0000000100000000)
  eden space 203264K, 0% used [0x00000000eb600000,0x00000000eb600000,0x00000000f7c80000)
  from space 7680K, 52% used [0x00000000f8400000,0x00000000f87eea60,0x00000000f8b80000)
  to   space 7680K, 0% used [0x00000000f7c80000,0x00000000f7c80000,0x00000000f8400000)
 ParOldGen       total 42496K, used 15264K [0x00000000c2200000, 0x00000000c4b80000, 0x00000000eb600000)
  object space 42496K, 35% used [0x00000000c2200000,0x00000000c30e8288,0x00000000c4b80000)
 Metaspace       used 20620K, capacity 20900K, committed 21120K, reserved 1067008K
  class space    used 2576K, capacity 2649K, committed 2688K, reserved 1048576K
}
Event: 7.306 GC heap before
{Heap before GC invocations=11 (full 0):
 PSYoungGen      total 210944K, used 109874K [0x00000000eb600000, 0x00000000f8b80000, 0x0000000100000000)
  eden space 203264K, 52% used [0x00000000eb600000,0x00000000f1d5e088,0x00000000f7c80000)
  from space 7680K, 52% used [0x00000000f8400000,0x00000000f87eea60,0x00000000f8b80000)
  to   space 7680K, 0% used [0x00000000f7c80000,0x00000000f7c80000,0x00000000f8400000)
 ParOldGen       total 42496K, used 15264K [0x00000000c2200000, 0x00000000c4b80000, 0x00000000eb600000)
  object space 42496K, 35% used [0x00000000c2200000,0x00000000c30e8288,0x00000000c4b80000)
 Metaspace       used 20919K, capacity 21098K, committed 21296K, reserved 1069056K
  class space    used 2597K, capacity 2650K, committed 2688K, reserved 1048576K

Deoptimization events (10 events):
Event: 6.503 Thread 0x00007f954c1a3000 Uncommon trap: reason=unstable_if action=reinterpret pc=0x00007f953d5541fc method=java.util.regex.Pattern$Slice.match(Ljava/util/regex/Matcher;ILjava/lang/CharSequence;)Z @ 29
Event: 6.729 Thread 0x00007f954c1a3000 Uncommon trap: reason=predicate action=maybe_recompile pc=0x00007f953d65d450 method=java.util.AbstractCollection.toArray([Ljava/lang/Object;)[Ljava/lang/Object; @ 49
Event: 6.743 Thread 0x00007f954c1a3000 Uncommon trap: reason=array_check action=maybe_recompile pc=0x00007f953d65fbd8 method=java.util.AbstractCollection.toArray([Ljava/lang/Object;)[Ljava/lang/Object; @ 119
Event: 6.743 Thread 0x00007f954c1a3000 Uncommon trap: reason=array_check action=maybe_recompile pc=0x00007f953d65fbd8 method=java.util.AbstractCollection.toArray([Ljava/lang/Object;)[Ljava/lang/Object; @ 119
Event: 6.743 Thread 0x00007f954c1a3000 Uncommon trap: reason=array_check action=maybe_recompile pc=0x00007f953d65fbd8 method=java.util.AbstractCollection.toArray([Ljava/lang/Object;)[Ljava/lang/Object; @ 119
Event: 6.744 Thread 0x00007f954c1a3000 Uncommon trap: reason=array_check action=maybe_recompile pc=0x00007f953d65fbd8 method=java.util.AbstractCollection.toArray([Ljava/lang/Object;)[Ljava/lang/Object; @ 119
Event: 7.067 Thread 0x00007f954c1a3000 Uncommon trap: reason=unstable_if action=reinterpret pc=0x00007f953d320688 method=org.springframework.boot.loader.jar.Handler.openConnection(Ljava/net/URL;)Ljava/net/URLConnection; @ 4
Event: 7.091 Thread 0x00007f954c1a3000 Uncommon trap: reason=unstable_if action=reinterpret pc=0x00007f953d323f1c method=org.springframework.boot.loader.jar.JarFile.getUrl()Ljava/net/URL; @ 4
Event: 7.091 Thread 0x00007f954c1a3000 Uncommon trap: reason=class_check action=maybe_recompile pc=0x00007f953d3ba8c0 method=java.util.regex.Matcher.search(I)Z @ 86
Event: 7.096 Thread 0x00007f954c1a3000 Uncommon trap: reason=bimorphic action=maybe_recompile pc=0x00007f953d3a6ef0 method=java.util.regex.Pattern$BmpCharProperty.match(Ljava/util/regex/Matcher;ILjava/lang/CharSequence;)Z @ 31

Internal exceptions (10 events):
Event: 5.968 Thread 0x00007f954c1a3000 Exception <a 'java/lang/ClassNotFoundException': java/lang/ObjectCustomizer> (0x00000000ebf21358) thrown at [/HUDSON3/workspace/8-2-build-linux-amd64/jdk8u121/8372/hotspot/src/share/vm/classfile/systemDictionary.cpp, line 210]
Event: 5.969 Thread 0x00007f954c1a3000 Exception <a 'java/lang/ClassNotFoundException': org/springframework/boot/autoconfigure/PropertyPlaceholderAutoConfigurationCustomizer> (0x00000000ec052528) thrown at [/HUDSON3/workspace/8-2-build-linux-amd64/jdk8u121/8372/hotspot/src/share/vm/classfile/s
Event: 5.970 Thread 0x00007f954c1a3000 Exception <a 'java/lang/ClassNotFoundException': org/springframework/boot/autoconfigure/PropertyPlaceholderAutoConfiguration$$EnhancerBySpringCGLIB$$a16f95a7Customizer> (0x00000000ec1b1f60) thrown at [/HUDSON3/workspace/8-2-build-linux-amd64/jdk8u121/8372
Event: 5.972 Thread 0x00007f954c1a3000 Exception <a 'java/lang/ClassNotFoundException': java/lang/ObjectCustomizer> (0x00000000ec227550) thrown at [/HUDSON3/workspace/8-2-build-linux-amd64/jdk8u121/8372/hotspot/src/share/vm/classfile/systemDictionary.cpp, line 210]
Event: 5.973 Thread 0x00007f954c1a3000 Exception <a 'java/lang/ClassNotFoundException': org/springframework/cloud/bootstrap/config/PropertySourceBootstrapPropertiesCustomizer> (0x00000000ec357f20) thrown at [/HUDSON3/workspace/8-2-build-linux-amd64/jdk8u121/8372/hotspot/src/share/vm/classfile/
Event: 5.985 Thread 0x00007f954c1a3000 Exception <a 'java/lang/ClassNotFoundException': java/lang/ObjectCustomizer> (0x00000000ec50fb18) thrown at [/HUDSON3/workspace/8-2-build-linux-amd64/jdk8u121/8372/hotspot/src/share/vm/classfile/systemDictionary.cpp, line 210]
Event: 5.986 Thread 0x00007f954c1a3000 Exception <a 'java/lang/ClassNotFoundException': org/springframework/cloud/bootstrap/encrypt/EnvironmentDecryptApplicationInitializerCustomizer> (0x00000000ec64c598) thrown at [/HUDSON3/workspace/8-2-build-linux-amd64/jdk8u121/8372/hotspot/src/share/vm/cl
Event: 6.301 Thread 0x00007f954c1a3000 Exception <a 'java/lang/ClassNotFoundException': java/lang/ObjectCustomizer> (0x00000000eecdec70) thrown at [/HUDSON3/workspace/8-2-build-linux-amd64/jdk8u121/8372/hotspot/src/share/vm/classfile/systemDictionary.cpp, line 210]
Event: 6.302 Thread 0x00007f954c1a3000 Exception <a 'java/lang/ClassNotFoundException': org/springframework/boot/SpringApplicationCustomizer> (0x00000000eeddcde8) thrown at [/HUDSON3/workspace/8-2-build-linux-amd64/jdk8u121/8372/hotspot/src/share/vm/classfile/systemDictionary.cpp, line 210]
Event: 7.091 Thread 0x00007f954c1a3000 Implicit null exception at 0x00007f953d322e58 to 0x00007f953d323f09

Events (10 events):
Event: 7.301 loading class org/springframework/security/oauth2/common/OAuth2AccessToken done
Event: 7.301 loading class org/springframework/security/oauth2/common$OAuth2AccessToken
Event: 7.301 loading class org/springframework/security/oauth2/common$OAuth2AccessToken done
Event: 7.301 loading class org/springframework/security/oauth2/common$OAuth2AccessToken
Event: 7.301 loading class org/springframework/security/oauth2/common$OAuth2AccessToken done
Event: 7.301 loading class org/springframework/web/servlet/config/annotation/WebMvcConfigurerAdapter
Event: 7.301 loading class org/springframework/web/servlet/config/annotation/WebMvcConfigurerAdapter done
Event: 7.303 loading class org/springframework/web/servlet/config/annotation/WebMvcConfigurer
Event: 7.303 loading class org/springframework/web/servlet/config/annotation/WebMvcConfigurer done
Event: 7.306 Executing VM operation: CollectForMetadataAllocation


Dynamic libraries:
00400000-00401000 r-xp 00000000 08:01 406103                             /usr/lib/jvm/java-8-oracle/jre/bin/java
00600000-00601000 rw-p 00000000 08:01 406103                             /usr/lib/jvm/java-8-oracle/jre/bin/java
0220a000-0222b000 rw-p 00000000 00:00 0                                  [heap]
c2200000-c4b80000 rw-p 00000000 00:00 0 
c4b80000-eb600000 ---p 00000000 00:00 0 
eb600000-f8b80000 rw-p 00000000 00:00 0 
100000000-1002a0000 rw-p 00000000 00:00 0 
1002a0000-140000000 ---p 00000000 00:00 0 
7f9504000000-7f9504947000 rw-p 00000000 00:00 0 
7f9504947000-7f9508000000 ---p 00000000 00:00 0 
7f9508000000-7f950839c000 rw-p 00000000 00:00 0 
7f950839c000-7f950c000000 ---p 00000000 00:00 0 
7f950c000000-7f950c021000 rw-p 00000000 00:00 0 
7f950c021000-7f9510000000 ---p 00000000 00:00 0 
7f9510000000-7f9511b66000 rw-p 00000000 00:00 0 
7f9511b66000-7f9514000000 ---p 00000000 00:00 0 
7f9514000000-7f9514a79000 rw-p 00000000 00:00 0 
7f9514a79000-7f9518000000 ---p 00000000 00:00 0 
7f9518000000-7f9518021000 rw-p 00000000 00:00 0 
7f9518021000-7f951c000000 ---p 00000000 00:00 0 
7f951c000000-7f951c021000 rw-p 00000000 00:00 0 
7f951c021000-7f9520000000 ---p 00000000 00:00 0 
7f9520000000-7f952173d000 rw-p 00000000 00:00 0 
7f952173d000-7f9524000000 ---p 00000000 00:00 0 
7f9524000000-7f9524021000 rw-p 00000000 00:00 0 
7f9524021000-7f9528000000 ---p 00000000 00:00 0 
7f9528000000-7f9528021000 rw-p 00000000 00:00 0 
7f9528021000-7f952c000000 ---p 00000000 00:00 0 
7f952c000000-7f952c021000 rw-p 00000000 00:00 0 
7f952c021000-7f9530000000 ---p 00000000 00:00 0 
7f9530000000-7f9530294000 rw-p 00000000 00:00 0 
7f9530294000-7f9534000000 ---p 00000000 00:00 0 
7f9534000000-7f9534021000 rw-p 00000000 00:00 0 
7f9534021000-7f9538000000 ---p 00000000 00:00 0 
7f9538652000-7f953867e000 rw-p 00000000 00:00 0 
7f953867e000-7f9538852000 ---p 00000000 00:00 0 
7f9538aab000-7f9538cab000 rw-p 00000000 00:00 0 
7f9538cab000-7f9538d40000 r--s 01109000 08:01 406049                     /usr/lib/jvm/java-8-oracle/jre/lib/ext/jfxrt.jar
7f9538d40000-7f9538f40000 rw-p 00000000 00:00 0 
7f9538f40000-7f9538f51000 r-xp 00000000 08:01 406016                     /usr/lib/jvm/java-8-oracle/jre/lib/amd64/libnio.so
7f9538f51000-7f9539150000 ---p 00011000 08:01 406016                     /usr/lib/jvm/java-8-oracle/jre/lib/amd64/libnio.so
7f9539150000-7f9539151000 rw-p 00010000 08:01 406016                     /usr/lib/jvm/java-8-oracle/jre/lib/amd64/libnio.so
7f9539151000-7f9539351000 rw-p 00000000 00:00 0 
7f9539351000-7f9539551000 rw-p 00000000 00:00 0 
7f9539551000-7f9539751000 rw-p 00000000 00:00 0 
7f9539751000-7f9539754000 r-xp 00000000 08:01 59303                      /lib/x86_64-linux-gnu/libnss_myhostname.so.2
7f9539754000-7f9539953000 ---p 00003000 08:01 59303                      /lib/x86_64-linux-gnu/libnss_myhostname.so.2
7f9539953000-7f9539954000 r--p 00002000 08:01 59303                      /lib/x86_64-linux-gnu/libnss_myhostname.so.2
7f9539954000-7f9539955000 rw-p 00003000 08:01 59303                      /lib/x86_64-linux-gnu/libnss_myhostname.so.2
7f9539955000-7f953996b000 r-xp 00000000 08:01 406001                     /usr/lib/jvm/java-8-oracle/jre/lib/amd64/libnet.so
7f953996b000-7f9539b6b000 ---p 00016000 08:01 406001                     /usr/lib/jvm/java-8-oracle/jre/lib/amd64/libnet.so
7f9539b6b000-7f9539b6c000 rw-p 00016000 08:01 406001                     /usr/lib/jvm/java-8-oracle/jre/lib/amd64/libnet.so
7f9539b6c000-7f9539b6f000 ---p 00000000 00:00 0 
7f9539b6f000-7f9539c6d000 rw-p 00000000 00:00 0 
7f9539c6d000-7f9539c70000 ---p 00000000 00:00 0 
7f9539c70000-7f9539d6e000 rw-p 00000000 00:00 0 
7f9539d6e000-7f9539d71000 ---p 00000000 00:00 0 
7f9539d71000-7f9539e6f000 rw-p 00000000 00:00 0                          [stack:8337]
7f9539e6f000-7f9539e78000 r-xp 00000000 08:01 405973                     /usr/lib/jvm/java-8-oracle/jre/lib/amd64/libmanagement.so
7f9539e78000-7f953a077000 ---p 00009000 08:01 405973                     /usr/lib/jvm/java-8-oracle/jre/lib/amd64/libmanagement.so
7f953a077000-7f953a078000 rw-p 00008000 08:01 405973                     /usr/lib/jvm/java-8-oracle/jre/lib/amd64/libmanagement.so
7f953a078000-7f953a079000 ---p 00000000 00:00 0 
7f953a079000-7f953a179000 rw-p 00000000 00:00 0                          [stack:8336]
7f953a179000-7f953a17c000 ---p 00000000 00:00 0 
7f953a17c000-7f953a27a000 rw-p 00000000 00:00 0                          [stack:8335]
7f953a27a000-7f953a27d000 ---p 00000000 00:00 0 
7f953a27d000-7f953a37b000 rw-p 00000000 00:00 0                          [stack:8334]
7f953a37b000-7f953a37e000 ---p 00000000 00:00 0 
7f953a37e000-7f953a47c000 rw-p 00000000 00:00 0                          [stack:8333]
7f953a47c000-7f953a47f000 ---p 00000000 00:00 0 
7f953a47f000-7f953a57d000 rw-p 00000000 00:00 0                          [stack:8332]
7f953a57d000-7f953a706000 r--p 00000000 08:01 9835                       /usr/lib/locale/locale-archive
7f953a706000-7f953a709000 ---p 00000000 00:00 0 
7f953a709000-7f953a807000 rw-p 00000000 00:00 0                          [stack:8331]
7f953a807000-7f953a80a000 ---p 00000000 00:00 0 
7f953a80a000-7f953a908000 rw-p 00000000 00:00 0                          [stack:8330]
7f953a908000-7f953a909000 ---p 00000000 00:00 0 
7f953a909000-7f953d000000 rw-p 00000000 00:00 0                          [stack:8329]
7f953d000000-7f953d780000 rwxp 00000000 00:00 0 
7f953d780000-7f954c000000 ---p 00000000 00:00 0 
7f954c000000-7f954c413000 rw-p 00000000 00:00 0 
7f954c413000-7f9550000000 ---p 00000000 00:00 0 
7f9550029000-7f955003c000 r--s 00345000 08:01 406037                     /usr/lib/jvm/java-8-oracle/jre/lib/resources.jar
7f955003c000-7f9550041000 r--s 002f9000 08:01 405820                     /usr/lib/jvm/java-8-oracle/jre/lib/charsets.jar
7f9550041000-7f9550292000 rw-p 00000000 00:00 0 
7f9550292000-7f955046b000 r--s 03d3e000 08:01 405863                     /usr/lib/jvm/java-8-oracle/jre/lib/rt.jar
7f955046b000-7f9550e5a000 rw-p 00000000 00:00 0 
7f9550e5a000-7f9550e5b000 ---p 00000000 00:00 0 
7f9550e5b000-7f9550f5b000 rw-p 00000000 00:00 0                          [stack:8328]
7f9550f5b000-7f9550f5c000 ---p 00000000 00:00 0 
7f9550f5c000-7f9551071000 rw-p 00000000 00:00 0                          [stack:8327]
7f9551071000-7f95511a6000 ---p 00000000 00:00 0 
7f95511a6000-7f95511bb000 rw-p 00000000 00:00 0 
7f95511bb000-7f95512f0000 ---p 00000000 00:00 0 
7f95512f0000-7f955135b000 rw-p 00000000 00:00 0 
7f955135b000-7f9551395000 ---p 00000000 00:00 0 
7f9551395000-7f95513b4000 rw-p 00000000 00:00 0 
7f95513b4000-7f9551756000 ---p 00000000 00:00 0 
7f9551756000-7f9551770000 r-xp 00000000 08:01 406009                     /usr/lib/jvm/java-8-oracle/jre/lib/amd64/libzip.so
7f9551770000-7f9551970000 ---p 0001a000 08:01 406009                     /usr/lib/jvm/java-8-oracle/jre/lib/amd64/libzip.so
7f9551970000-7f9551971000 rw-p 0001a000 08:01 406009                     /usr/lib/jvm/java-8-oracle/jre/lib/amd64/libzip.so
7f9551971000-7f955197b000 r-xp 00000000 08:01 2331                       /lib/x86_64-linux-gnu/libnss_files-2.19.so
7f955197b000-7f9551b7a000 ---p 0000a000 08:01 2331                       /lib/x86_64-linux-gnu/libnss_files-2.19.so
7f9551b7a000-7f9551b7b000 r--p 00009000 08:01 2331                       /lib/x86_64-linux-gnu/libnss_files-2.19.so
7f9551b7b000-7f9551b7c000 rw-p 0000a000 08:01 2331                       /lib/x86_64-linux-gnu/libnss_files-2.19.so
7f9551b7c000-7f9551b87000 r-xp 00000000 08:01 2243                       /lib/x86_64-linux-gnu/libnss_nis-2.19.so
7f9551b87000-7f9551d86000 ---p 0000b000 08:01 2243                       /lib/x86_64-linux-gnu/libnss_nis-2.19.so
7f9551d86000-7f9551d87000 r--p 0000a000 08:01 2243                       /lib/x86_64-linux-gnu/libnss_nis-2.19.so
7f9551d87000-7f9551d88000 rw-p 0000b000 08:01 2243                       /lib/x86_64-linux-gnu/libnss_nis-2.19.so
7f9551d88000-7f9551d9f000 r-xp 00000000 08:01 2307                       /lib/x86_64-linux-gnu/libnsl-2.19.so
7f9551d9f000-7f9551f9e000 ---p 00017000 08:01 2307                       /lib/x86_64-linux-gnu/libnsl-2.19.so
7f9551f9e000-7f9551f9f000 r--p 00016000 08:01 2307                       /lib/x86_64-linux-gnu/libnsl-2.19.so
7f9551f9f000-7f9551fa0000 rw-p 00017000 08:01 2307                       /lib/x86_64-linux-gnu/libnsl-2.19.so
7f9551fa0000-7f9551fa2000 rw-p 00000000 00:00 0 
7f9551fa2000-7f9551fab000 r-xp 00000000 08:01 2282                       /lib/x86_64-linux-gnu/libnss_compat-2.19.so
7f9551fab000-7f95521aa000 ---p 00009000 08:01 2282                       /lib/x86_64-linux-gnu/libnss_compat-2.19.so
7f95521aa000-7f95521ab000 r--p 00008000 08:01 2282                       /lib/x86_64-linux-gnu/libnss_compat-2.19.so
7f95521ab000-7f95521ac000 rw-p 00009000 08:01 2282                       /lib/x86_64-linux-gnu/libnss_compat-2.19.so
7f95521ac000-7f95521d7000 r-xp 00000000 08:01 406005                     /usr/lib/jvm/java-8-oracle/jre/lib/amd64/libjava.so
7f95521d7000-7f95523d6000 ---p 0002b000 08:01 406005                     /usr/lib/jvm/java-8-oracle/jre/lib/amd64/libjava.so
7f95523d6000-7f95523d8000 rw-p 0002a000 08:01 406005                     /usr/lib/jvm/java-8-oracle/jre/lib/amd64/libjava.so
7f95523d8000-7f95523e5000 r-xp 00000000 08:01 405987                     /usr/lib/jvm/java-8-oracle/jre/lib/amd64/libverify.so
7f95523e5000-7f95525e4000 ---p 0000d000 08:01 405987                     /usr/lib/jvm/java-8-oracle/jre/lib/amd64/libverify.so
7f95525e4000-7f95525e6000 rw-p 0000c000 08:01 405987                     /usr/lib/jvm/java-8-oracle/jre/lib/amd64/libverify.so
7f95525e6000-7f95525ed000 r-xp 00000000 08:01 2255                       /lib/x86_64-linux-gnu/librt-2.19.so
7f95525ed000-7f95527ec000 ---p 00007000 08:01 2255                       /lib/x86_64-linux-gnu/librt-2.19.so
7f95527ec000-7f95527ed000 r--p 00006000 08:01 2255                       /lib/x86_64-linux-gnu/librt-2.19.so
7f95527ed000-7f95527ee000 rw-p 00007000 08:01 2255                       /lib/x86_64-linux-gnu/librt-2.19.so
7f95527ee000-7f95528f3000 r-xp 00000000 08:01 2240                       /lib/x86_64-linux-gnu/libm-2.19.so
7f95528f3000-7f9552af2000 ---p 00105000 08:01 2240                       /lib/x86_64-linux-gnu/libm-2.19.so
7f9552af2000-7f9552af3000 r--p 00104000 08:01 2240                       /lib/x86_64-linux-gnu/libm-2.19.so
7f9552af3000-7f9552af4000 rw-p 00105000 08:01 2240                       /lib/x86_64-linux-gnu/libm-2.19.so
7f9552af4000-7f95537c2000 r-xp 00000000 08:01 405999                     /usr/lib/jvm/java-8-oracle/jre/lib/amd64/server/libjvm.so
7f95537c2000-7f95539c2000 ---p 00cce000 08:01 405999                     /usr/lib/jvm/java-8-oracle/jre/lib/amd64/server/libjvm.so
7f95539c2000-7f9553a9b000 rw-p 00cce000 08:01 405999                     /usr/lib/jvm/java-8-oracle/jre/lib/amd64/server/libjvm.so
7f9553a9b000-7f9553ae6000 rw-p 00000000 00:00 0 
7f9553ae6000-7f9553ca0000 r-xp 00000000 08:01 2302                       /lib/x86_64-linux-gnu/libc-2.19.so
7f9553ca0000-7f9553ea0000 ---p 001ba000 08:01 2302                       /lib/x86_64-linux-gnu/libc-2.19.so
7f9553ea0000-7f9553ea4000 r--p 001ba000 08:01 2302                       /lib/x86_64-linux-gnu/libc-2.19.so
7f9553ea4000-7f9553ea6000 rw-p 001be000 08:01 2302                       /lib/x86_64-linux-gnu/libc-2.19.so
7f9553ea6000-7f9553eab000 rw-p 00000000 00:00 0 
7f9553eab000-7f9553eae000 r-xp 00000000 08:01 2147                       /lib/x86_64-linux-gnu/libdl-2.19.so
7f9553eae000-7f95540ad000 ---p 00003000 08:01 2147                       /lib/x86_64-linux-gnu/libdl-2.19.so
7f95540ad000-7f95540ae000 r--p 00002000 08:01 2147                       /lib/x86_64-linux-gnu/libdl-2.19.so
7f95540ae000-7f95540af000 rw-p 00003000 08:01 2147                       /lib/x86_64-linux-gnu/libdl-2.19.so
7f95540af000-7f95540c4000 r-xp 00000000 08:01 405992                     /usr/lib/jvm/java-8-oracle/jre/lib/amd64/jli/libjli.so
7f95540c4000-7f95542c4000 ---p 00015000 08:01 405992                     /usr/lib/jvm/java-8-oracle/jre/lib/amd64/jli/libjli.so
7f95542c4000-7f95542c5000 rw-p 00015000 08:01 405992                     /usr/lib/jvm/java-8-oracle/jre/lib/amd64/jli/libjli.so
7f95542c5000-7f95542de000 r-xp 00000000 08:01 2311                       /lib/x86_64-linux-gnu/libpthread-2.19.so
7f95542de000-7f95544dd000 ---p 00019000 08:01 2311                       /lib/x86_64-linux-gnu/libpthread-2.19.so
7f95544dd000-7f95544de000 r--p 00018000 08:01 2311                       /lib/x86_64-linux-gnu/libpthread-2.19.so
7f95544de000-7f95544df000 rw-p 00019000 08:01 2311                       /lib/x86_64-linux-gnu/libpthread-2.19.so
7f95544df000-7f95544e3000 rw-p 00000000 00:00 0 
7f95544e3000-7f9554506000 r-xp 00000000 08:01 2308                       /lib/x86_64-linux-gnu/ld-2.19.so
7f9554508000-7f955450d000 r--s 01a5e000 00:23 1436                       /vagrant_data/week4-for-students/dashboard/target/dashboard-1.0.0.BUILD-SNAPSHOT.jar
7f955450d000-7f95545f2000 rw-p 00000000 00:00 0 
7f95545f2000-7f95545f5000 ---p 00000000 00:00 0 
7f95545f5000-7f95546f7000 rw-p 00000000 00:00 0                          [stack:8326]
7f95546f8000-7f95546f9000 rw-p 00000000 00:00 0 
7f95546f9000-7f9554701000 rw-s 00000000 08:01 410188                     /tmp/hsperfdata_vagrant/8325
7f9554701000-7f9554702000 rw-p 00000000 00:00 0 
7f9554702000-7f9554703000 ---p 00000000 00:00 0 
7f9554703000-7f9554705000 rw-p 00000000 00:00 0 
7f9554705000-7f9554706000 r--p 00022000 08:01 2308                       /lib/x86_64-linux-gnu/ld-2.19.so
7f9554706000-7f9554707000 rw-p 00023000 08:01 2308                       /lib/x86_64-linux-gnu/ld-2.19.so
7f9554707000-7f9554708000 rw-p 00000000 00:00 0 
7ffca037e000-7ffca039f000 rw-p 00000000 00:00 0                          [stack]
7ffca03cb000-7ffca03cd000 r-xp 00000000 00:00 0                          [vdso]
ffffffffff600000-ffffffffff601000 r-xp 00000000 00:00 0                  [vsyscall]

VM Arguments:
java_command: dashboard/target/dashboard-1.0.0.BUILD-SNAPSHOT.jar
java_class_path (initial): dashboard/target/dashboard-1.0.0.BUILD-SNAPSHOT.jar
Launcher Type: SUN_STANDARD

Environment Variables:
JAVA_HOME=/usr/lib/jvm/java-8-oracle
PATH=/usr/local/sbin:/usr/local/bin:/usr/sbin:/usr/bin:/sbin:/bin:/usr/games:/usr/local/games:/usr/lib/jvm/java-8-oracle/bin:/usr/lib/jvm/java-8-oracle/db/bin:/usr/lib/jvm/java-8-oracle/jre/bin
SHELL=/bin/zsh
DISPLAY=:0.0

Signal Handlers:
SIGSEGV: [libjvm.so+0xac78c0], sa_mask[0]=11111111011111111101111111111110, sa_flags=SA_RESTART|SA_SIGINFO
SIGBUS: [libjvm.so+0xac78c0], sa_mask[0]=11111111011111111101111111111110, sa_flags=SA_RESTART|SA_SIGINFO
SIGFPE: [libjvm.so+0x920ac0], sa_mask[0]=11111111011111111101111111111110, sa_flags=SA_RESTART|SA_SIGINFO
SIGPIPE: [libjvm.so+0x920ac0], sa_mask[0]=11111111011111111101111111111110, sa_flags=SA_RESTART|SA_SIGINFO
SIGXFSZ: [libjvm.so+0x920ac0], sa_mask[0]=11111111011111111101111111111110, sa_flags=SA_RESTART|SA_SIGINFO
SIGILL: [libjvm.so+0x920ac0], sa_mask[0]=11111111011111111101111111111110, sa_flags=SA_RESTART|SA_SIGINFO
SIGUSR1: SIG_DFL, sa_mask[0]=00000000000000000000000000000000, sa_flags=none
SIGUSR2: [libjvm.so+0x922300], sa_mask[0]=00000000000000000000000000000000, sa_flags=SA_RESTART|SA_SIGINFO
SIGHUP: [libjvm.so+0x923700], sa_mask[0]=11111111011111111101111111111110, sa_flags=SA_RESTART|SA_SIGINFO
SIGINT: [libjvm.so+0x923700], sa_mask[0]=11111111011111111101111111111110, sa_flags=SA_RESTART|SA_SIGINFO
SIGTERM: [libjvm.so+0x923700], sa_mask[0]=11111111011111111101111111111110, sa_flags=SA_RESTART|SA_SIGINFO
SIGQUIT: [libjvm.so+0x923700], sa_mask[0]=11111111011111111101111111111110, sa_flags=SA_RESTART|SA_SIGINFO


---------------  S Y S T E M  ---------------

OS:DISTRIB_ID=Ubuntu
DISTRIB_RELEASE=14.04
DISTRIB_CODENAME=trusty
DISTRIB_DESCRIPTION="Ubuntu 14.04.5 LTS"

uname:Linux 3.13.0-112-generic #159-Ubuntu SMP Fri Mar 3 15:26:07 UTC 2017 x86_64
libc:glibc 2.19 NPTL 2.19 
rlimit: STACK 8192k, CORE 0k, NPROC 31455, NOFILE 4096, AS infinity
load average:0.50 0.51 0.87

/proc/meminfo:
MemTotal:        4048176 kB
MemFree:          121228 kB
Buffers:             188 kB
Cached:            93468 kB
SwapCached:            0 kB
Active:          3749956 kB
Inactive:          63964 kB
Active(anon):    3720632 kB
Inactive(anon):    35208 kB
Active(file):      29324 kB
Inactive(file):    28756 kB
Unevictable:          32 kB
Mlocked:              32 kB
SwapTotal:             0 kB
SwapFree:              0 kB
Dirty:               112 kB
Writeback:             0 kB
AnonPages:       3722548 kB
Mapped:            88736 kB
Shmem:             35528 kB
Slab:              42036 kB
SReclaimable:      19452 kB
SUnreclaim:        22584 kB
KernelStack:        5024 kB
PageTables:        26416 kB
NFS_Unstable:          0 kB
Bounce:                0 kB
WritebackTmp:          0 kB
CommitLimit:     2024088 kB
Committed_AS:    5947540 kB
VmallocTotal:   34359738367 kB
VmallocUsed:       14280 kB
VmallocChunk:   34359718908 kB
HardwareCorrupted:     0 kB
AnonHugePages:   2408448 kB
HugePages_Total:       0
HugePages_Free:        0
HugePages_Rsvd:        0
HugePages_Surp:        0
Hugepagesize:       2048 kB
DirectMap4k:       59328 kB
DirectMap2M:     4134912 kB


CPU:total 2 (2 cores per cpu, 1 threads per core) family 6 model 70 stepping 1, cmov, cx8, fxsr, mmx, sse, sse2, sse3, ssse3, sse4.1, sse4.2, popcnt, avx, avx2, aes, clmul, lzcnt, tsc, tscinvbit

/proc/cpuinfo:
processor	: 0
vendor_id	: GenuineIntel
cpu family	: 6
model		: 70
model name	: Intel(R) Core(TM) i7-4870HQ CPU @ 2.50GHz
stepping	: 1
cpu MHz		: 2494.188
cache size	: 6144 KB
physical id	: 0
siblings	: 2
core id		: 0
cpu cores	: 2
apicid		: 0
initial apicid	: 0
fpu		: yes
fpu_exception	: yes
cpuid level	: 13
wp		: yes
flags		: fpu vme de pse tsc msr pae mce cx8 apic sep mtrr pge mca cmov pat pse36 clflush mmx fxsr sse sse2 ht syscall nx rdtscp lm constant_tsc rep_good nopl xtopology nonstop_tsc pni pclmulqdq ssse3 cx16 pcid sse4_1 sse4_2 movbe popcnt aes xsave avx rdrand lahf_lm abm fsgsbase avx2 invpcid
bogomips	: 4988.37
clflush size	: 64
cache_alignment	: 64
address sizes	: 39 bits physical, 48 bits virtual
power management:

processor	: 1
vendor_id	: GenuineIntel
cpu family	: 6
model		: 70
model name	: Intel(R) Core(TM) i7-4870HQ CPU @ 2.50GHz
stepping	: 1
cpu MHz		: 2494.188
cache size	: 6144 KB
physical id	: 0
siblings	: 2
core id		: 1
cpu cores	: 2
apicid		: 1
initial apicid	: 1
fpu		: yes
fpu_exception	: yes
cpuid level	: 13
wp		: yes
flags		: fpu vme de pse tsc msr pae mce cx8 apic sep mtrr pge mca cmov pat pse36 clflush mmx fxsr sse sse2 ht syscall nx rdtscp lm constant_tsc rep_good nopl xtopology nonstop_tsc pni pclmulqdq ssse3 cx16 pcid sse4_1 sse4_2 movbe popcnt aes xsave avx rdrand lahf_lm abm fsgsbase avx2 invpcid
bogomips	: 4988.37
clflush size	: 64
cache_alignment	: 64
address sizes	: 39 bits physical, 48 bits virtual
power management:



Memory: 4k page, physical 4048176k(121228k free), swap 0k(0k free)

vm_info: Java HotSpot(TM) 64-Bit Server VM (25.121-b13) for linux-amd64 JRE (1.8.0_121-b13), built on Dec 12 2016 16:36:53 by "java_re" with gcc 4.3.0 20080428 (Red Hat 4.3.0-8)

time: Sun Jun  9 13:21:26 2019
elapsed time: 7 seconds (0d 0h 0m 7s)

